Multi-seed training for: bitshift-custom_slow_decay-64-4-64
  device       : cpu
  num_seeds    : 1
  base_seed    : 44
  num_episodes : 2500
  output_dir   : metrics/multi-seed/_workers/bitshift-custom_slow_decay-64-4-64/seed44

============================================================
Seed 44 (1/1)
============================================================
  Episode 50/2500  avg(100): 21.5
Model saved to models/bitshift-custom_slow_decay-64-4-64-seed44-best.pth
  Episode 100/2500  avg(100): 17.9
  Episode 150/2500  avg(100): 13.5
  Episode 200/2500  avg(100): 12.5
  Episode 250/2500  avg(100): 12.3
  Episode 300/2500  avg(100): 12.9
  Episode 350/2500  avg(100): 12.0
  Episode 400/2500  avg(100): 10.9
  Episode 450/2500  avg(100): 11.6
  Episode 500/2500  avg(100): 12.8
  Episode 550/2500  avg(100): 13.8
Model saved to models/bitshift-custom_slow_decay-64-4-64-seed44-best.pth
Model saved to models/bitshift-custom_slow_decay-64-4-64-seed44-best.pth
Model saved to models/bitshift-custom_slow_decay-64-4-64-seed44-best.pth
Model saved to models/bitshift-custom_slow_decay-64-4-64-seed44-best.pth
Model saved to models/bitshift-custom_slow_decay-64-4-64-seed44-best.pth
Model saved to models/bitshift-custom_slow_decay-64-4-64-seed44-best.pth
Model saved to models/bitshift-custom_slow_decay-64-4-64-seed44-best.pth
Model saved to models/bitshift-custom_slow_decay-64-4-64-seed44-best.pth
Model saved to models/bitshift-custom_slow_decay-64-4-64-seed44-best.pth
Model saved to models/bitshift-custom_slow_decay-64-4-64-seed44-best.pth
Model saved to models/bitshift-custom_slow_decay-64-4-64-seed44-best.pth
Model saved to models/bitshift-custom_slow_decay-64-4-64-seed44-best.pth
Model saved to models/bitshift-custom_slow_decay-64-4-64-seed44-best.pth
Model saved to models/bitshift-custom_slow_decay-64-4-64-seed44-best.pth
Model saved to models/bitshift-custom_slow_decay-64-4-64-seed44-best.pth
Model saved to models/bitshift-custom_slow_decay-64-4-64-seed44-best.pth
Model saved to models/bitshift-custom_slow_decay-64-4-64-seed44-best.pth
Model saved to models/bitshift-custom_slow_decay-64-4-64-seed44-best.pth
Model saved to models/bitshift-custom_slow_decay-64-4-64-seed44-best.pth
Model saved to models/bitshift-custom_slow_decay-64-4-64-seed44-best.pth
Model saved to models/bitshift-custom_slow_decay-64-4-64-seed44-best.pth
Model saved to models/bitshift-custom_slow_decay-64-4-64-seed44-best.pth
Model saved to models/bitshift-custom_slow_decay-64-4-64-seed44-best.pth
Model saved to models/bitshift-custom_slow_decay-64-4-64-seed44-best.pth
Model saved to models/bitshift-custom_slow_decay-64-4-64-seed44-best.pth
Model saved to models/bitshift-custom_slow_decay-64-4-64-seed44-best.pth
Model saved to models/bitshift-custom_slow_decay-64-4-64-seed44-best.pth
Model saved to models/bitshift-custom_slow_decay-64-4-64-seed44-best.pth
Model saved to models/bitshift-custom_slow_decay-64-4-64-seed44-best.pth
Model saved to models/bitshift-custom_slow_decay-64-4-64-seed44-best.pth
Model saved to models/bitshift-custom_slow_decay-64-4-64-seed44-best.pth
Model saved to models/bitshift-custom_slow_decay-64-4-64-seed44-best.pth
Model saved to models/bitshift-custom_slow_decay-64-4-64-seed44-best.pth
Model saved to models/bitshift-custom_slow_decay-64-4-64-seed44-best.pth
Model saved to models/bitshift-custom_slow_decay-64-4-64-seed44-best.pth
Model saved to models/bitshift-custom_slow_decay-64-4-64-seed44-best.pth
Model saved to models/bitshift-custom_slow_decay-64-4-64-seed44-best.pth
Model saved to models/bitshift-custom_slow_decay-64-4-64-seed44-best.pth
Model saved to models/bitshift-custom_slow_decay-64-4-64-seed44-best.pth
  Episode 600/2500  avg(100): 49.4
Model saved to models/bitshift-custom_slow_decay-64-4-64-seed44-best.pth
Model saved to models/bitshift-custom_slow_decay-64-4-64-seed44-best.pth
Model saved to models/bitshift-custom_slow_decay-64-4-64-seed44-best.pth
Model saved to models/bitshift-custom_slow_decay-64-4-64-seed44-best.pth
Model saved to models/bitshift-custom_slow_decay-64-4-64-seed44-best.pth
Model saved to models/bitshift-custom_slow_decay-64-4-64-seed44-best.pth
Model saved to models/bitshift-custom_slow_decay-64-4-64-seed44-best.pth
Model saved to models/bitshift-custom_slow_decay-64-4-64-seed44-best.pth
Model saved to models/bitshift-custom_slow_decay-64-4-64-seed44-best.pth
Model saved to models/bitshift-custom_slow_decay-64-4-64-seed44-best.pth
Model saved to models/bitshift-custom_slow_decay-64-4-64-seed44-best.pth
Model saved to models/bitshift-custom_slow_decay-64-4-64-seed44-best.pth
Model saved to models/bitshift-custom_slow_decay-64-4-64-seed44-best.pth
Model saved to models/bitshift-custom_slow_decay-64-4-64-seed44-best.pth
Model saved to models/bitshift-custom_slow_decay-64-4-64-seed44-best.pth
Model saved to models/bitshift-custom_slow_decay-64-4-64-seed44-best.pth
Model saved to models/bitshift-custom_slow_decay-64-4-64-seed44-best.pth
Model saved to models/bitshift-custom_slow_decay-64-4-64-seed44-best.pth
Model saved to models/bitshift-custom_slow_decay-64-4-64-seed44-best.pth
Model saved to models/bitshift-custom_slow_decay-64-4-64-seed44-best.pth
Model saved to models/bitshift-custom_slow_decay-64-4-64-seed44-best.pth
Model saved to models/bitshift-custom_slow_decay-64-4-64-seed44-best.pth
Model saved to models/bitshift-custom_slow_decay-64-4-64-seed44-best.pth
Model saved to models/bitshift-custom_slow_decay-64-4-64-seed44-best.pth
Model saved to models/bitshift-custom_slow_decay-64-4-64-seed44-best.pth
Model saved to models/bitshift-custom_slow_decay-64-4-64-seed44-best.pth
Model saved to models/bitshift-custom_slow_decay-64-4-64-seed44-best.pth
Model saved to models/bitshift-custom_slow_decay-64-4-64-seed44-best.pth
Model saved to models/bitshift-custom_slow_decay-64-4-64-seed44-best.pth
Model saved to models/bitshift-custom_slow_decay-64-4-64-seed44-best.pth
Model saved to models/bitshift-custom_slow_decay-64-4-64-seed44-best.pth
Model saved to models/bitshift-custom_slow_decay-64-4-64-seed44-best.pth
Model saved to models/bitshift-custom_slow_decay-64-4-64-seed44-best.pth
Model saved to models/bitshift-custom_slow_decay-64-4-64-seed44-best.pth
Model saved to models/bitshift-custom_slow_decay-64-4-64-seed44-best.pth
Model saved to models/bitshift-custom_slow_decay-64-4-64-seed44-best.pth
Model saved to models/bitshift-custom_slow_decay-64-4-64-seed44-best.pth
Model saved to models/bitshift-custom_slow_decay-64-4-64-seed44-best.pth
Model saved to models/bitshift-custom_slow_decay-64-4-64-seed44-best.pth
Model saved to models/bitshift-custom_slow_decay-64-4-64-seed44-best.pth
Model saved to models/bitshift-custom_slow_decay-64-4-64-seed44-best.pth
Model saved to models/bitshift-custom_slow_decay-64-4-64-seed44-best.pth
Model saved to models/bitshift-custom_slow_decay-64-4-64-seed44-best.pth
Model saved to models/bitshift-custom_slow_decay-64-4-64-seed44-best.pth
Model saved to models/bitshift-custom_slow_decay-64-4-64-seed44-best.pth
Model saved to models/bitshift-custom_slow_decay-64-4-64-seed44-best.pth
Model saved to models/bitshift-custom_slow_decay-64-4-64-seed44-best.pth
Model saved to models/bitshift-custom_slow_decay-64-4-64-seed44-best.pth
Model saved to models/bitshift-custom_slow_decay-64-4-64-seed44-best.pth
Model saved to models/bitshift-custom_slow_decay-64-4-64-seed44-best.pth
  Episode 650/2500  avg(100): 95.0
Model saved to models/bitshift-custom_slow_decay-64-4-64-seed44-best.pth
Model saved to models/bitshift-custom_slow_decay-64-4-64-seed44-best.pth
Model saved to models/bitshift-custom_slow_decay-64-4-64-seed44-best.pth
Model saved to models/bitshift-custom_slow_decay-64-4-64-seed44-best.pth
Model saved to models/bitshift-custom_slow_decay-64-4-64-seed44-best.pth
Model saved to models/bitshift-custom_slow_decay-64-4-64-seed44-best.pth
Model saved to models/bitshift-custom_slow_decay-64-4-64-seed44-best.pth
Model saved to models/bitshift-custom_slow_decay-64-4-64-seed44-best.pth
Model saved to models/bitshift-custom_slow_decay-64-4-64-seed44-best.pth
Model saved to models/bitshift-custom_slow_decay-64-4-64-seed44-best.pth
Model saved to models/bitshift-custom_slow_decay-64-4-64-seed44-best.pth
Model saved to models/bitshift-custom_slow_decay-64-4-64-seed44-best.pth
Model saved to models/bitshift-custom_slow_decay-64-4-64-seed44-best.pth
Model saved to models/bitshift-custom_slow_decay-64-4-64-seed44-best.pth
Model saved to models/bitshift-custom_slow_decay-64-4-64-seed44-best.pth
Model saved to models/bitshift-custom_slow_decay-64-4-64-seed44-best.pth
Model saved to models/bitshift-custom_slow_decay-64-4-64-seed44-best.pth
Model saved to models/bitshift-custom_slow_decay-64-4-64-seed44-best.pth
Model saved to models/bitshift-custom_slow_decay-64-4-64-seed44-best.pth
Model saved to models/bitshift-custom_slow_decay-64-4-64-seed44-best.pth
Model saved to models/bitshift-custom_slow_decay-64-4-64-seed44-best.pth
Model saved to models/bitshift-custom_slow_decay-64-4-64-seed44-best.pth
Model saved to models/bitshift-custom_slow_decay-64-4-64-seed44-best.pth
Model saved to models/bitshift-custom_slow_decay-64-4-64-seed44-best.pth
Model saved to models/bitshift-custom_slow_decay-64-4-64-seed44-best.pth
Model saved to models/bitshift-custom_slow_decay-64-4-64-seed44-best.pth
Model saved to models/bitshift-custom_slow_decay-64-4-64-seed44-best.pth
Model saved to models/bitshift-custom_slow_decay-64-4-64-seed44-best.pth
Model saved to models/bitshift-custom_slow_decay-64-4-64-seed44-best.pth
Model saved to models/bitshift-custom_slow_decay-64-4-64-seed44-best.pth
Model saved to models/bitshift-custom_slow_decay-64-4-64-seed44-best.pth
  Episode 700/2500  avg(100): 104.6
Model saved to models/bitshift-custom_slow_decay-64-4-64-seed44-best.pth
Model saved to models/bitshift-custom_slow_decay-64-4-64-seed44-best.pth
Model saved to models/bitshift-custom_slow_decay-64-4-64-seed44-best.pth
Model saved to models/bitshift-custom_slow_decay-64-4-64-seed44-best.pth
Model saved to models/bitshift-custom_slow_decay-64-4-64-seed44-best.pth
Model saved to models/bitshift-custom_slow_decay-64-4-64-seed44-best.pth
Model saved to models/bitshift-custom_slow_decay-64-4-64-seed44-best.pth
Model saved to models/bitshift-custom_slow_decay-64-4-64-seed44-best.pth
Model saved to models/bitshift-custom_slow_decay-64-4-64-seed44-best.pth
Model saved to models/bitshift-custom_slow_decay-64-4-64-seed44-best.pth
Model saved to models/bitshift-custom_slow_decay-64-4-64-seed44-best.pth
Model saved to models/bitshift-custom_slow_decay-64-4-64-seed44-best.pth
Model saved to models/bitshift-custom_slow_decay-64-4-64-seed44-best.pth
  Episode 750/2500  avg(100): 106.7
Model saved to models/bitshift-custom_slow_decay-64-4-64-seed44-best.pth
Model saved to models/bitshift-custom_slow_decay-64-4-64-seed44-best.pth
Model saved to models/bitshift-custom_slow_decay-64-4-64-seed44-best.pth
Model saved to models/bitshift-custom_slow_decay-64-4-64-seed44-best.pth
Model saved to models/bitshift-custom_slow_decay-64-4-64-seed44-best.pth
Model saved to models/bitshift-custom_slow_decay-64-4-64-seed44-best.pth
Model saved to models/bitshift-custom_slow_decay-64-4-64-seed44-best.pth
Model saved to models/bitshift-custom_slow_decay-64-4-64-seed44-best.pth
Model saved to models/bitshift-custom_slow_decay-64-4-64-seed44-best.pth
Model saved to models/bitshift-custom_slow_decay-64-4-64-seed44-best.pth
Model saved to models/bitshift-custom_slow_decay-64-4-64-seed44-best.pth
Model saved to models/bitshift-custom_slow_decay-64-4-64-seed44-best.pth
Model saved to models/bitshift-custom_slow_decay-64-4-64-seed44-best.pth
Model saved to models/bitshift-custom_slow_decay-64-4-64-seed44-best.pth
Model saved to models/bitshift-custom_slow_decay-64-4-64-seed44-best.pth
Model saved to models/bitshift-custom_slow_decay-64-4-64-seed44-best.pth
Model saved to models/bitshift-custom_slow_decay-64-4-64-seed44-best.pth
Model saved to models/bitshift-custom_slow_decay-64-4-64-seed44-best.pth
Model saved to models/bitshift-custom_slow_decay-64-4-64-seed44-best.pth
Model saved to models/bitshift-custom_slow_decay-64-4-64-seed44-best.pth
Model saved to models/bitshift-custom_slow_decay-64-4-64-seed44-best.pth
Model saved to models/bitshift-custom_slow_decay-64-4-64-seed44-best.pth
Model saved to models/bitshift-custom_slow_decay-64-4-64-seed44-best.pth
Model saved to models/bitshift-custom_slow_decay-64-4-64-seed44-best.pth
Model saved to models/bitshift-custom_slow_decay-64-4-64-seed44-best.pth
Model saved to models/bitshift-custom_slow_decay-64-4-64-seed44-best.pth
Model saved to models/bitshift-custom_slow_decay-64-4-64-seed44-best.pth
  Episode 800/2500  avg(100): 114.7
Model saved to models/bitshift-custom_slow_decay-64-4-64-seed44-best.pth
Model saved to models/bitshift-custom_slow_decay-64-4-64-seed44-best.pth
Model saved to models/bitshift-custom_slow_decay-64-4-64-seed44-best.pth
Model saved to models/bitshift-custom_slow_decay-64-4-64-seed44-best.pth
Model saved to models/bitshift-custom_slow_decay-64-4-64-seed44-best.pth
Model saved to models/bitshift-custom_slow_decay-64-4-64-seed44-best.pth
Model saved to models/bitshift-custom_slow_decay-64-4-64-seed44-best.pth
Model saved to models/bitshift-custom_slow_decay-64-4-64-seed44-best.pth
Model saved to models/bitshift-custom_slow_decay-64-4-64-seed44-best.pth
Model saved to models/bitshift-custom_slow_decay-64-4-64-seed44-best.pth
Model saved to models/bitshift-custom_slow_decay-64-4-64-seed44-best.pth
Model saved to models/bitshift-custom_slow_decay-64-4-64-seed44-best.pth
Model saved to models/bitshift-custom_slow_decay-64-4-64-seed44-best.pth
Model saved to models/bitshift-custom_slow_decay-64-4-64-seed44-best.pth
Model saved to models/bitshift-custom_slow_decay-64-4-64-seed44-best.pth
Model saved to models/bitshift-custom_slow_decay-64-4-64-seed44-best.pth
Model saved to models/bitshift-custom_slow_decay-64-4-64-seed44-best.pth
Model saved to models/bitshift-custom_slow_decay-64-4-64-seed44-best.pth
Model saved to models/bitshift-custom_slow_decay-64-4-64-seed44-best.pth
Model saved to models/bitshift-custom_slow_decay-64-4-64-seed44-best.pth
Model saved to models/bitshift-custom_slow_decay-64-4-64-seed44-best.pth
Model saved to models/bitshift-custom_slow_decay-64-4-64-seed44-best.pth
Model saved to models/bitshift-custom_slow_decay-64-4-64-seed44-best.pth
Model saved to models/bitshift-custom_slow_decay-64-4-64-seed44-best.pth
Model saved to models/bitshift-custom_slow_decay-64-4-64-seed44-best.pth
Model saved to models/bitshift-custom_slow_decay-64-4-64-seed44-best.pth
Model saved to models/bitshift-custom_slow_decay-64-4-64-seed44-best.pth
Model saved to models/bitshift-custom_slow_decay-64-4-64-seed44-best.pth
Model saved to models/bitshift-custom_slow_decay-64-4-64-seed44-best.pth
Model saved to models/bitshift-custom_slow_decay-64-4-64-seed44-best.pth
  Episode 850/2500  avg(100): 125.5
Model saved to models/bitshift-custom_slow_decay-64-4-64-seed44-best.pth
Model saved to models/bitshift-custom_slow_decay-64-4-64-seed44-best.pth
Model saved to models/bitshift-custom_slow_decay-64-4-64-seed44-best.pth
Model saved to models/bitshift-custom_slow_decay-64-4-64-seed44-best.pth
Model saved to models/bitshift-custom_slow_decay-64-4-64-seed44-best.pth
Model saved to models/bitshift-custom_slow_decay-64-4-64-seed44-best.pth
Model saved to models/bitshift-custom_slow_decay-64-4-64-seed44-best.pth
Model saved to models/bitshift-custom_slow_decay-64-4-64-seed44-best.pth
Model saved to models/bitshift-custom_slow_decay-64-4-64-seed44-best.pth
Model saved to models/bitshift-custom_slow_decay-64-4-64-seed44-best.pth
Model saved to models/bitshift-custom_slow_decay-64-4-64-seed44-best.pth
Model saved to models/bitshift-custom_slow_decay-64-4-64-seed44-best.pth
Model saved to models/bitshift-custom_slow_decay-64-4-64-seed44-best.pth
Model saved to models/bitshift-custom_slow_decay-64-4-64-seed44-best.pth
Model saved to models/bitshift-custom_slow_decay-64-4-64-seed44-best.pth
Model saved to models/bitshift-custom_slow_decay-64-4-64-seed44-best.pth
Model saved to models/bitshift-custom_slow_decay-64-4-64-seed44-best.pth
Model saved to models/bitshift-custom_slow_decay-64-4-64-seed44-best.pth
  Episode 900/2500  avg(100): 129.8
Model saved to models/bitshift-custom_slow_decay-64-4-64-seed44-best.pth
Model saved to models/bitshift-custom_slow_decay-64-4-64-seed44-best.pth
Model saved to models/bitshift-custom_slow_decay-64-4-64-seed44-best.pth
Model saved to models/bitshift-custom_slow_decay-64-4-64-seed44-best.pth
Model saved to models/bitshift-custom_slow_decay-64-4-64-seed44-best.pth
Model saved to models/bitshift-custom_slow_decay-64-4-64-seed44-best.pth
Model saved to models/bitshift-custom_slow_decay-64-4-64-seed44-best.pth
Model saved to models/bitshift-custom_slow_decay-64-4-64-seed44-best.pth
Model saved to models/bitshift-custom_slow_decay-64-4-64-seed44-best.pth
Model saved to models/bitshift-custom_slow_decay-64-4-64-seed44-best.pth
Model saved to models/bitshift-custom_slow_decay-64-4-64-seed44-best.pth
Model saved to models/bitshift-custom_slow_decay-64-4-64-seed44-best.pth
Model saved to models/bitshift-custom_slow_decay-64-4-64-seed44-best.pth
Model saved to models/bitshift-custom_slow_decay-64-4-64-seed44-best.pth
Model saved to models/bitshift-custom_slow_decay-64-4-64-seed44-best.pth
Model saved to models/bitshift-custom_slow_decay-64-4-64-seed44-best.pth
Model saved to models/bitshift-custom_slow_decay-64-4-64-seed44-best.pth
  Episode 950/2500  avg(100): 142.5
Model saved to models/bitshift-custom_slow_decay-64-4-64-seed44-best.pth
Model saved to models/bitshift-custom_slow_decay-64-4-64-seed44-best.pth
Model saved to models/bitshift-custom_slow_decay-64-4-64-seed44-best.pth
Model saved to models/bitshift-custom_slow_decay-64-4-64-seed44-best.pth
Model saved to models/bitshift-custom_slow_decay-64-4-64-seed44-best.pth
Model saved to models/bitshift-custom_slow_decay-64-4-64-seed44-best.pth
Model saved to models/bitshift-custom_slow_decay-64-4-64-seed44-best.pth
Model saved to models/bitshift-custom_slow_decay-64-4-64-seed44-best.pth
Model saved to models/bitshift-custom_slow_decay-64-4-64-seed44-best.pth
Model saved to models/bitshift-custom_slow_decay-64-4-64-seed44-best.pth
Model saved to models/bitshift-custom_slow_decay-64-4-64-seed44-best.pth
Model saved to models/bitshift-custom_slow_decay-64-4-64-seed44-best.pth
Model saved to models/bitshift-custom_slow_decay-64-4-64-seed44-best.pth
Model saved to models/bitshift-custom_slow_decay-64-4-64-seed44-best.pth
Model saved to models/bitshift-custom_slow_decay-64-4-64-seed44-best.pth
Model saved to models/bitshift-custom_slow_decay-64-4-64-seed44-best.pth
Model saved to models/bitshift-custom_slow_decay-64-4-64-seed44-best.pth
Model saved to models/bitshift-custom_slow_decay-64-4-64-seed44-best.pth
Model saved to models/bitshift-custom_slow_decay-64-4-64-seed44-best.pth
Model saved to models/bitshift-custom_slow_decay-64-4-64-seed44-best.pth
Model saved to models/bitshift-custom_slow_decay-64-4-64-seed44-best.pth
Model saved to models/bitshift-custom_slow_decay-64-4-64-seed44-best.pth
Model saved to models/bitshift-custom_slow_decay-64-4-64-seed44-best.pth
Model saved to models/bitshift-custom_slow_decay-64-4-64-seed44-best.pth
Model saved to models/bitshift-custom_slow_decay-64-4-64-seed44-best.pth
Model saved to models/bitshift-custom_slow_decay-64-4-64-seed44-best.pth
Model saved to models/bitshift-custom_slow_decay-64-4-64-seed44-best.pth
Model saved to models/bitshift-custom_slow_decay-64-4-64-seed44-best.pth
Model saved to models/bitshift-custom_slow_decay-64-4-64-seed44-best.pth
Model saved to models/bitshift-custom_slow_decay-64-4-64-seed44-best.pth
  Episode 1000/2500  avg(100): 162.4
Model saved to models/bitshift-custom_slow_decay-64-4-64-seed44-best.pth
Model saved to models/bitshift-custom_slow_decay-64-4-64-seed44-best.pth
Model saved to models/bitshift-custom_slow_decay-64-4-64-seed44-best.pth
Model saved to models/bitshift-custom_slow_decay-64-4-64-seed44-best.pth
Model saved to models/bitshift-custom_slow_decay-64-4-64-seed44-best.pth
  Episode 1050/2500  avg(100): 163.8
  Episode 1100/2500  avg(100): 152.2
  Episode 1150/2500  avg(100): 139.2
  Episode 1200/2500  avg(100): 143.5
Model saved to models/bitshift-custom_slow_decay-64-4-64-seed44-best.pth
Model saved to models/bitshift-custom_slow_decay-64-4-64-seed44-best.pth
Model saved to models/bitshift-custom_slow_decay-64-4-64-seed44-best.pth
Model saved to models/bitshift-custom_slow_decay-64-4-64-seed44-best.pth
Model saved to models/bitshift-custom_slow_decay-64-4-64-seed44-best.pth
Model saved to models/bitshift-custom_slow_decay-64-4-64-seed44-best.pth
Model saved to models/bitshift-custom_slow_decay-64-4-64-seed44-best.pth
Model saved to models/bitshift-custom_slow_decay-64-4-64-seed44-best.pth
Model saved to models/bitshift-custom_slow_decay-64-4-64-seed44-best.pth
Model saved to models/bitshift-custom_slow_decay-64-4-64-seed44-best.pth
Model saved to models/bitshift-custom_slow_decay-64-4-64-seed44-best.pth
Model saved to models/bitshift-custom_slow_decay-64-4-64-seed44-best.pth
Model saved to models/bitshift-custom_slow_decay-64-4-64-seed44-best.pth
Model saved to models/bitshift-custom_slow_decay-64-4-64-seed44-best.pth
  Episode 1250/2500  avg(100): 179.5
Model saved to models/bitshift-custom_slow_decay-64-4-64-seed44-best.pth
Model saved to models/bitshift-custom_slow_decay-64-4-64-seed44-best.pth
Model saved to models/bitshift-custom_slow_decay-64-4-64-seed44-best.pth
Model saved to models/bitshift-custom_slow_decay-64-4-64-seed44-best.pth
Model saved to models/bitshift-custom_slow_decay-64-4-64-seed44-best.pth
Model saved to models/bitshift-custom_slow_decay-64-4-64-seed44-best.pth
Model saved to models/bitshift-custom_slow_decay-64-4-64-seed44-best.pth
Model saved to models/bitshift-custom_slow_decay-64-4-64-seed44-best.pth
Model saved to models/bitshift-custom_slow_decay-64-4-64-seed44-best.pth
Model saved to models/bitshift-custom_slow_decay-64-4-64-seed44-best.pth
Model saved to models/bitshift-custom_slow_decay-64-4-64-seed44-best.pth
Model saved to models/bitshift-custom_slow_decay-64-4-64-seed44-best.pth
Model saved to models/bitshift-custom_slow_decay-64-4-64-seed44-best.pth
Model saved to models/bitshift-custom_slow_decay-64-4-64-seed44-best.pth
Model saved to models/bitshift-custom_slow_decay-64-4-64-seed44-best.pth
Model saved to models/bitshift-custom_slow_decay-64-4-64-seed44-best.pth
Model saved to models/bitshift-custom_slow_decay-64-4-64-seed44-best.pth
Model saved to models/bitshift-custom_slow_decay-64-4-64-seed44-best.pth
Model saved to models/bitshift-custom_slow_decay-64-4-64-seed44-best.pth
Model saved to models/bitshift-custom_slow_decay-64-4-64-seed44-best.pth
Model saved to models/bitshift-custom_slow_decay-64-4-64-seed44-best.pth
Model saved to models/bitshift-custom_slow_decay-64-4-64-seed44-best.pth
Model saved to models/bitshift-custom_slow_decay-64-4-64-seed44-best.pth
Model saved to models/bitshift-custom_slow_decay-64-4-64-seed44-best.pth
Model saved to models/bitshift-custom_slow_decay-64-4-64-seed44-best.pth
Model saved to models/bitshift-custom_slow_decay-64-4-64-seed44-best.pth
Model saved to models/bitshift-custom_slow_decay-64-4-64-seed44-best.pth
Model saved to models/bitshift-custom_slow_decay-64-4-64-seed44-best.pth
Model saved to models/bitshift-custom_slow_decay-64-4-64-seed44-best.pth
Model saved to models/bitshift-custom_slow_decay-64-4-64-seed44-best.pth
Model saved to models/bitshift-custom_slow_decay-64-4-64-seed44-best.pth
Model saved to models/bitshift-custom_slow_decay-64-4-64-seed44-best.pth
Model saved to models/bitshift-custom_slow_decay-64-4-64-seed44-best.pth
Model saved to models/bitshift-custom_slow_decay-64-4-64-seed44-best.pth
Model saved to models/bitshift-custom_slow_decay-64-4-64-seed44-best.pth
Model saved to models/bitshift-custom_slow_decay-64-4-64-seed44-best.pth
Model saved to models/bitshift-custom_slow_decay-64-4-64-seed44-best.pth
Model saved to models/bitshift-custom_slow_decay-64-4-64-seed44-best.pth
Model saved to models/bitshift-custom_slow_decay-64-4-64-seed44-best.pth
Model saved to models/bitshift-custom_slow_decay-64-4-64-seed44-best.pth
Model saved to models/bitshift-custom_slow_decay-64-4-64-seed44-best.pth
Model saved to models/bitshift-custom_slow_decay-64-4-64-seed44-best.pth
Model saved to models/bitshift-custom_slow_decay-64-4-64-seed44-best.pth
Model saved to models/bitshift-custom_slow_decay-64-4-64-seed44-best.pth
Model saved to models/bitshift-custom_slow_decay-64-4-64-seed44-best.pth
Model saved to models/bitshift-custom_slow_decay-64-4-64-seed44-best.pth
  Episode 1300/2500  avg(100): 222.0
Model saved to models/bitshift-custom_slow_decay-64-4-64-seed44-best.pth
Model saved to models/bitshift-custom_slow_decay-64-4-64-seed44-best.pth
Model saved to models/bitshift-custom_slow_decay-64-4-64-seed44-best.pth
Model saved to models/bitshift-custom_slow_decay-64-4-64-seed44-best.pth
Model saved to models/bitshift-custom_slow_decay-64-4-64-seed44-best.pth
Model saved to models/bitshift-custom_slow_decay-64-4-64-seed44-best.pth
Model saved to models/bitshift-custom_slow_decay-64-4-64-seed44-best.pth
Model saved to models/bitshift-custom_slow_decay-64-4-64-seed44-best.pth
Model saved to models/bitshift-custom_slow_decay-64-4-64-seed44-best.pth
Model saved to models/bitshift-custom_slow_decay-64-4-64-seed44-best.pth
Model saved to models/bitshift-custom_slow_decay-64-4-64-seed44-best.pth
Model saved to models/bitshift-custom_slow_decay-64-4-64-seed44-best.pth
Model saved to models/bitshift-custom_slow_decay-64-4-64-seed44-best.pth
Model saved to models/bitshift-custom_slow_decay-64-4-64-seed44-best.pth
Model saved to models/bitshift-custom_slow_decay-64-4-64-seed44-best.pth
Model saved to models/bitshift-custom_slow_decay-64-4-64-seed44-best.pth
Model saved to models/bitshift-custom_slow_decay-64-4-64-seed44-best.pth
Model saved to models/bitshift-custom_slow_decay-64-4-64-seed44-best.pth
Model saved to models/bitshift-custom_slow_decay-64-4-64-seed44-best.pth
Model saved to models/bitshift-custom_slow_decay-64-4-64-seed44-best.pth
Model saved to models/bitshift-custom_slow_decay-64-4-64-seed44-best.pth
Model saved to models/bitshift-custom_slow_decay-64-4-64-seed44-best.pth
Model saved to models/bitshift-custom_slow_decay-64-4-64-seed44-best.pth
Model saved to models/bitshift-custom_slow_decay-64-4-64-seed44-best.pth
Model saved to models/bitshift-custom_slow_decay-64-4-64-seed44-best.pth
Model saved to models/bitshift-custom_slow_decay-64-4-64-seed44-best.pth
Model saved to models/bitshift-custom_slow_decay-64-4-64-seed44-best.pth
Model saved to models/bitshift-custom_slow_decay-64-4-64-seed44-best.pth
Model saved to models/bitshift-custom_slow_decay-64-4-64-seed44-best.pth
Model saved to models/bitshift-custom_slow_decay-64-4-64-seed44-best.pth
Model saved to models/bitshift-custom_slow_decay-64-4-64-seed44-best.pth
Model saved to models/bitshift-custom_slow_decay-64-4-64-seed44-best.pth
Model saved to models/bitshift-custom_slow_decay-64-4-64-seed44-best.pth
Model saved to models/bitshift-custom_slow_decay-64-4-64-seed44-best.pth
Model saved to models/bitshift-custom_slow_decay-64-4-64-seed44-best.pth
  Episode 1350/2500  avg(100): 240.0
Model saved to models/bitshift-custom_slow_decay-64-4-64-seed44-best.pth
Model saved to models/bitshift-custom_slow_decay-64-4-64-seed44-best.pth
Model saved to models/bitshift-custom_slow_decay-64-4-64-seed44-best.pth
Model saved to models/bitshift-custom_slow_decay-64-4-64-seed44-best.pth
Model saved to models/bitshift-custom_slow_decay-64-4-64-seed44-best.pth
Model saved to models/bitshift-custom_slow_decay-64-4-64-seed44-best.pth
Model saved to models/bitshift-custom_slow_decay-64-4-64-seed44-best.pth
Model saved to models/bitshift-custom_slow_decay-64-4-64-seed44-best.pth
Model saved to models/bitshift-custom_slow_decay-64-4-64-seed44-best.pth
Model saved to models/bitshift-custom_slow_decay-64-4-64-seed44-best.pth
Model saved to models/bitshift-custom_slow_decay-64-4-64-seed44-best.pth
Model saved to models/bitshift-custom_slow_decay-64-4-64-seed44-best.pth
Model saved to models/bitshift-custom_slow_decay-64-4-64-seed44-best.pth
Model saved to models/bitshift-custom_slow_decay-64-4-64-seed44-best.pth
Model saved to models/bitshift-custom_slow_decay-64-4-64-seed44-best.pth
Model saved to models/bitshift-custom_slow_decay-64-4-64-seed44-best.pth
Model saved to models/bitshift-custom_slow_decay-64-4-64-seed44-best.pth
Model saved to models/bitshift-custom_slow_decay-64-4-64-seed44-best.pth
Model saved to models/bitshift-custom_slow_decay-64-4-64-seed44-best.pth
  Episode 1400/2500  avg(100): 241.7
  Episode 1450/2500  avg(100): 234.7
  Episode 1500/2500  avg(100): 221.4
  Episode 1550/2500  avg(100): 219.0
  Episode 1600/2500  avg(100): 236.5
  Episode 1650/2500  avg(100): 243.6
Model saved to models/bitshift-custom_slow_decay-64-4-64-seed44-best.pth
Model saved to models/bitshift-custom_slow_decay-64-4-64-seed44-best.pth
Model saved to models/bitshift-custom_slow_decay-64-4-64-seed44-best.pth
Model saved to models/bitshift-custom_slow_decay-64-4-64-seed44-best.pth
Model saved to models/bitshift-custom_slow_decay-64-4-64-seed44-best.pth
Model saved to models/bitshift-custom_slow_decay-64-4-64-seed44-best.pth
Model saved to models/bitshift-custom_slow_decay-64-4-64-seed44-best.pth
Model saved to models/bitshift-custom_slow_decay-64-4-64-seed44-best.pth
Model saved to models/bitshift-custom_slow_decay-64-4-64-seed44-best.pth
Model saved to models/bitshift-custom_slow_decay-64-4-64-seed44-best.pth
Model saved to models/bitshift-custom_slow_decay-64-4-64-seed44-best.pth
Model saved to models/bitshift-custom_slow_decay-64-4-64-seed44-best.pth
Model saved to models/bitshift-custom_slow_decay-64-4-64-seed44-best.pth
Model saved to models/bitshift-custom_slow_decay-64-4-64-seed44-best.pth
Model saved to models/bitshift-custom_slow_decay-64-4-64-seed44-best.pth
  Episode 1700/2500  avg(100): 250.5
  Episode 1750/2500  avg(100): 242.6
  Episode 1800/2500  avg(100): 222.9
  Episode 1850/2500  avg(100): 242.7
Model saved to models/bitshift-custom_slow_decay-64-4-64-seed44-best.pth
Model saved to models/bitshift-custom_slow_decay-64-4-64-seed44-best.pth
Model saved to models/bitshift-custom_slow_decay-64-4-64-seed44-best.pth
Model saved to models/bitshift-custom_slow_decay-64-4-64-seed44-best.pth
Model saved to models/bitshift-custom_slow_decay-64-4-64-seed44-best.pth
Model saved to models/bitshift-custom_slow_decay-64-4-64-seed44-best.pth
Model saved to models/bitshift-custom_slow_decay-64-4-64-seed44-best.pth
Model saved to models/bitshift-custom_slow_decay-64-4-64-seed44-best.pth
Model saved to models/bitshift-custom_slow_decay-64-4-64-seed44-best.pth
Model saved to models/bitshift-custom_slow_decay-64-4-64-seed44-best.pth
Model saved to models/bitshift-custom_slow_decay-64-4-64-seed44-best.pth
Model saved to models/bitshift-custom_slow_decay-64-4-64-seed44-best.pth
Model saved to models/bitshift-custom_slow_decay-64-4-64-seed44-best.pth
Model saved to models/bitshift-custom_slow_decay-64-4-64-seed44-best.pth
Model saved to models/bitshift-custom_slow_decay-64-4-64-seed44-best.pth
Model saved to models/bitshift-custom_slow_decay-64-4-64-seed44-best.pth
Model saved to models/bitshift-custom_slow_decay-64-4-64-seed44-best.pth
Model saved to models/bitshift-custom_slow_decay-64-4-64-seed44-best.pth
Model saved to models/bitshift-custom_slow_decay-64-4-64-seed44-best.pth
Model saved to models/bitshift-custom_slow_decay-64-4-64-seed44-best.pth
Model saved to models/bitshift-custom_slow_decay-64-4-64-seed44-best.pth
Model saved to models/bitshift-custom_slow_decay-64-4-64-seed44-best.pth
Model saved to models/bitshift-custom_slow_decay-64-4-64-seed44-best.pth
  Episode 1900/2500  avg(100): 295.0
Model saved to models/bitshift-custom_slow_decay-64-4-64-seed44-best.pth
Model saved to models/bitshift-custom_slow_decay-64-4-64-seed44-best.pth
Model saved to models/bitshift-custom_slow_decay-64-4-64-seed44-best.pth
Model saved to models/bitshift-custom_slow_decay-64-4-64-seed44-best.pth
Model saved to models/bitshift-custom_slow_decay-64-4-64-seed44-best.pth
Model saved to models/bitshift-custom_slow_decay-64-4-64-seed44-best.pth
Model saved to models/bitshift-custom_slow_decay-64-4-64-seed44-best.pth
Model saved to models/bitshift-custom_slow_decay-64-4-64-seed44-best.pth
Model saved to models/bitshift-custom_slow_decay-64-4-64-seed44-best.pth
Model saved to models/bitshift-custom_slow_decay-64-4-64-seed44-best.pth
Model saved to models/bitshift-custom_slow_decay-64-4-64-seed44-best.pth
Model saved to models/bitshift-custom_slow_decay-64-4-64-seed44-best.pth
Model saved to models/bitshift-custom_slow_decay-64-4-64-seed44-best.pth
  Episode 1950/2500  avg(100): 300.2
Model saved to models/bitshift-custom_slow_decay-64-4-64-seed44-best.pth
  Episode 2000/2500  avg(100): 261.1
  Episode 2050/2500  avg(100): 259.7
  Episode 2100/2500  avg(100): 266.8
Model saved to models/bitshift-custom_slow_decay-64-4-64-seed44-best.pth
Model saved to models/bitshift-custom_slow_decay-64-4-64-seed44-best.pth
Model saved to models/bitshift-custom_slow_decay-64-4-64-seed44-best.pth
Model saved to models/bitshift-custom_slow_decay-64-4-64-seed44-best.pth
Model saved to models/bitshift-custom_slow_decay-64-4-64-seed44-best.pth
Model saved to models/bitshift-custom_slow_decay-64-4-64-seed44-best.pth
Model saved to models/bitshift-custom_slow_decay-64-4-64-seed44-best.pth
Model saved to models/bitshift-custom_slow_decay-64-4-64-seed44-best.pth
  Episode 2150/2500  avg(100): 317.1
Model saved to models/bitshift-custom_slow_decay-64-4-64-seed44-best.pth
Model saved to models/bitshift-custom_slow_decay-64-4-64-seed44-best.pth
Model saved to models/bitshift-custom_slow_decay-64-4-64-seed44-best.pth
Model saved to models/bitshift-custom_slow_decay-64-4-64-seed44-best.pth
Model saved to models/bitshift-custom_slow_decay-64-4-64-seed44-best.pth
Model saved to models/bitshift-custom_slow_decay-64-4-64-seed44-best.pth
Model saved to models/bitshift-custom_slow_decay-64-4-64-seed44-best.pth
Model saved to models/bitshift-custom_slow_decay-64-4-64-seed44-best.pth
Model saved to models/bitshift-custom_slow_decay-64-4-64-seed44-best.pth
Model saved to models/bitshift-custom_slow_decay-64-4-64-seed44-best.pth
Model saved to models/bitshift-custom_slow_decay-64-4-64-seed44-best.pth
Model saved to models/bitshift-custom_slow_decay-64-4-64-seed44-best.pth
Model saved to models/bitshift-custom_slow_decay-64-4-64-seed44-best.pth
Model saved to models/bitshift-custom_slow_decay-64-4-64-seed44-best.pth
Model saved to models/bitshift-custom_slow_decay-64-4-64-seed44-best.pth
Model saved to models/bitshift-custom_slow_decay-64-4-64-seed44-best.pth
Model saved to models/bitshift-custom_slow_decay-64-4-64-seed44-best.pth
Model saved to models/bitshift-custom_slow_decay-64-4-64-seed44-best.pth
Model saved to models/bitshift-custom_slow_decay-64-4-64-seed44-best.pth
Model saved to models/bitshift-custom_slow_decay-64-4-64-seed44-best.pth
Model saved to models/bitshift-custom_slow_decay-64-4-64-seed44-best.pth
Model saved to models/bitshift-custom_slow_decay-64-4-64-seed44-best.pth
Model saved to models/bitshift-custom_slow_decay-64-4-64-seed44-best.pth
Model saved to models/bitshift-custom_slow_decay-64-4-64-seed44-best.pth
Model saved to models/bitshift-custom_slow_decay-64-4-64-seed44-best.pth
Model saved to models/bitshift-custom_slow_decay-64-4-64-seed44-best.pth
Model saved to models/bitshift-custom_slow_decay-64-4-64-seed44-best.pth
Model saved to models/bitshift-custom_slow_decay-64-4-64-seed44-best.pth
Model saved to models/bitshift-custom_slow_decay-64-4-64-seed44-best.pth
Model saved to models/bitshift-custom_slow_decay-64-4-64-seed44-best.pth
Model saved to models/bitshift-custom_slow_decay-64-4-64-seed44-best.pth
Model saved to models/bitshift-custom_slow_decay-64-4-64-seed44-best.pth
Model saved to models/bitshift-custom_slow_decay-64-4-64-seed44-best.pth
Model saved to models/bitshift-custom_slow_decay-64-4-64-seed44-best.pth
Model saved to models/bitshift-custom_slow_decay-64-4-64-seed44-best.pth
Model saved to models/bitshift-custom_slow_decay-64-4-64-seed44-best.pth
Model saved to models/bitshift-custom_slow_decay-64-4-64-seed44-best.pth
Model saved to models/bitshift-custom_slow_decay-64-4-64-seed44-best.pth
Model saved to models/bitshift-custom_slow_decay-64-4-64-seed44-best.pth
Model saved to models/bitshift-custom_slow_decay-64-4-64-seed44-best.pth
Model saved to models/bitshift-custom_slow_decay-64-4-64-seed44-best.pth
Model saved to models/bitshift-custom_slow_decay-64-4-64-seed44-best.pth
Model saved to models/bitshift-custom_slow_decay-64-4-64-seed44-best.pth
Model saved to models/bitshift-custom_slow_decay-64-4-64-seed44-best.pth
Model saved to models/bitshift-custom_slow_decay-64-4-64-seed44-best.pth
Model saved to models/bitshift-custom_slow_decay-64-4-64-seed44-best.pth
Model saved to models/bitshift-custom_slow_decay-64-4-64-seed44-best.pth
Model saved to models/bitshift-custom_slow_decay-64-4-64-seed44-best.pth
Model saved to models/bitshift-custom_slow_decay-64-4-64-seed44-best.pth
Model saved to models/bitshift-custom_slow_decay-64-4-64-seed44-best.pth
  Episode 2200/2500  avg(100): 425.5
Model saved to models/bitshift-custom_slow_decay-64-4-64-seed44-best.pth
Model saved to models/bitshift-custom_slow_decay-64-4-64-seed44-best.pth
Model saved to models/bitshift-custom_slow_decay-64-4-64-seed44-best.pth
Model saved to models/bitshift-custom_slow_decay-64-4-64-seed44-best.pth
Model saved to models/bitshift-custom_slow_decay-64-4-64-seed44-best.pth
Model saved to models/bitshift-custom_slow_decay-64-4-64-seed44-best.pth
Model saved to models/bitshift-custom_slow_decay-64-4-64-seed44-best.pth
Model saved to models/bitshift-custom_slow_decay-64-4-64-seed44-best.pth
Model saved to models/bitshift-custom_slow_decay-64-4-64-seed44-best.pth
Model saved to models/bitshift-custom_slow_decay-64-4-64-seed44-best.pth
Model saved to models/bitshift-custom_slow_decay-64-4-64-seed44-best.pth
Model saved to models/bitshift-custom_slow_decay-64-4-64-seed44-best.pth
Model saved to models/bitshift-custom_slow_decay-64-4-64-seed44-best.pth
Model saved to models/bitshift-custom_slow_decay-64-4-64-seed44-best.pth
Model saved to models/bitshift-custom_slow_decay-64-4-64-seed44-best.pth
Model saved to models/bitshift-custom_slow_decay-64-4-64-seed44-best.pth
Model saved to models/bitshift-custom_slow_decay-64-4-64-seed44-best.pth
Model saved to models/bitshift-custom_slow_decay-64-4-64-seed44-best.pth
Model saved to models/bitshift-custom_slow_decay-64-4-64-seed44-best.pth
Model saved to models/bitshift-custom_slow_decay-64-4-64-seed44-best.pth
Model saved to models/bitshift-custom_slow_decay-64-4-64-seed44-best.pth
Model saved to models/bitshift-custom_slow_decay-64-4-64-seed44-best.pth
Model saved to models/bitshift-custom_slow_decay-64-4-64-seed44-best.pth
Model saved to models/bitshift-custom_slow_decay-64-4-64-seed44-best.pth
Model saved to models/bitshift-custom_slow_decay-64-4-64-seed44-best.pth
Model saved to models/bitshift-custom_slow_decay-64-4-64-seed44-best.pth
Model saved to models/bitshift-custom_slow_decay-64-4-64-seed44-best.pth
Model saved to models/bitshift-custom_slow_decay-64-4-64-seed44-best.pth
  Episode 2250/2500  avg(100): 479.2
Model saved to models/bitshift-custom_slow_decay-64-4-64-seed44-best.pth
  Episode 2300/2500  avg(100): 467.1
