Multi-seed training for: bitshift-custom_slow_decay-64-4-64
  device       : cpu
  num_seeds    : 1
  base_seed    : 45
  num_episodes : 2500
  output_dir   : metrics/multi-seed/_workers/bitshift-custom_slow_decay-64-4-64/seed45

============================================================
Seed 45 (1/1)
============================================================
  Episode 50/2500  avg(100): 19.5
Model saved to models/bitshift-custom_slow_decay-64-4-64-seed45-best.pth
  Episode 100/2500  avg(100): 17.9
  Episode 150/2500  avg(100): 14.9
  Episode 200/2500  avg(100): 14.3
Model saved to models/bitshift-custom_slow_decay-64-4-64-seed45-best.pth
Model saved to models/bitshift-custom_slow_decay-64-4-64-seed45-best.pth
Model saved to models/bitshift-custom_slow_decay-64-4-64-seed45-best.pth
Model saved to models/bitshift-custom_slow_decay-64-4-64-seed45-best.pth
Model saved to models/bitshift-custom_slow_decay-64-4-64-seed45-best.pth
  Episode 250/2500  avg(100): 18.7
Model saved to models/bitshift-custom_slow_decay-64-4-64-seed45-best.pth
Model saved to models/bitshift-custom_slow_decay-64-4-64-seed45-best.pth
Model saved to models/bitshift-custom_slow_decay-64-4-64-seed45-best.pth
Model saved to models/bitshift-custom_slow_decay-64-4-64-seed45-best.pth
Model saved to models/bitshift-custom_slow_decay-64-4-64-seed45-best.pth
Model saved to models/bitshift-custom_slow_decay-64-4-64-seed45-best.pth
Model saved to models/bitshift-custom_slow_decay-64-4-64-seed45-best.pth
Model saved to models/bitshift-custom_slow_decay-64-4-64-seed45-best.pth
  Episode 300/2500  avg(100): 17.9
  Episode 350/2500  avg(100): 11.9
  Episode 400/2500  avg(100): 10.3
  Episode 450/2500  avg(100): 10.6
  Episode 500/2500  avg(100): 11.8
  Episode 550/2500  avg(100): 14.7
Model saved to models/bitshift-custom_slow_decay-64-4-64-seed45-best.pth
Model saved to models/bitshift-custom_slow_decay-64-4-64-seed45-best.pth
Model saved to models/bitshift-custom_slow_decay-64-4-64-seed45-best.pth
Model saved to models/bitshift-custom_slow_decay-64-4-64-seed45-best.pth
Model saved to models/bitshift-custom_slow_decay-64-4-64-seed45-best.pth
Model saved to models/bitshift-custom_slow_decay-64-4-64-seed45-best.pth
Model saved to models/bitshift-custom_slow_decay-64-4-64-seed45-best.pth
Model saved to models/bitshift-custom_slow_decay-64-4-64-seed45-best.pth
Model saved to models/bitshift-custom_slow_decay-64-4-64-seed45-best.pth
Model saved to models/bitshift-custom_slow_decay-64-4-64-seed45-best.pth
Model saved to models/bitshift-custom_slow_decay-64-4-64-seed45-best.pth
Model saved to models/bitshift-custom_slow_decay-64-4-64-seed45-best.pth
Model saved to models/bitshift-custom_slow_decay-64-4-64-seed45-best.pth
Model saved to models/bitshift-custom_slow_decay-64-4-64-seed45-best.pth
Model saved to models/bitshift-custom_slow_decay-64-4-64-seed45-best.pth
Model saved to models/bitshift-custom_slow_decay-64-4-64-seed45-best.pth
Model saved to models/bitshift-custom_slow_decay-64-4-64-seed45-best.pth
Model saved to models/bitshift-custom_slow_decay-64-4-64-seed45-best.pth
Model saved to models/bitshift-custom_slow_decay-64-4-64-seed45-best.pth
Model saved to models/bitshift-custom_slow_decay-64-4-64-seed45-best.pth
Model saved to models/bitshift-custom_slow_decay-64-4-64-seed45-best.pth
Model saved to models/bitshift-custom_slow_decay-64-4-64-seed45-best.pth
Model saved to models/bitshift-custom_slow_decay-64-4-64-seed45-best.pth
Model saved to models/bitshift-custom_slow_decay-64-4-64-seed45-best.pth
Model saved to models/bitshift-custom_slow_decay-64-4-64-seed45-best.pth
Model saved to models/bitshift-custom_slow_decay-64-4-64-seed45-best.pth
Model saved to models/bitshift-custom_slow_decay-64-4-64-seed45-best.pth
Model saved to models/bitshift-custom_slow_decay-64-4-64-seed45-best.pth
Model saved to models/bitshift-custom_slow_decay-64-4-64-seed45-best.pth
Model saved to models/bitshift-custom_slow_decay-64-4-64-seed45-best.pth
Model saved to models/bitshift-custom_slow_decay-64-4-64-seed45-best.pth
Model saved to models/bitshift-custom_slow_decay-64-4-64-seed45-best.pth
Model saved to models/bitshift-custom_slow_decay-64-4-64-seed45-best.pth
Model saved to models/bitshift-custom_slow_decay-64-4-64-seed45-best.pth
Model saved to models/bitshift-custom_slow_decay-64-4-64-seed45-best.pth
Model saved to models/bitshift-custom_slow_decay-64-4-64-seed45-best.pth
Model saved to models/bitshift-custom_slow_decay-64-4-64-seed45-best.pth
Model saved to models/bitshift-custom_slow_decay-64-4-64-seed45-best.pth
Model saved to models/bitshift-custom_slow_decay-64-4-64-seed45-best.pth
  Episode 600/2500  avg(100): 75.1
Model saved to models/bitshift-custom_slow_decay-64-4-64-seed45-best.pth
Model saved to models/bitshift-custom_slow_decay-64-4-64-seed45-best.pth
Model saved to models/bitshift-custom_slow_decay-64-4-64-seed45-best.pth
Model saved to models/bitshift-custom_slow_decay-64-4-64-seed45-best.pth
Model saved to models/bitshift-custom_slow_decay-64-4-64-seed45-best.pth
Model saved to models/bitshift-custom_slow_decay-64-4-64-seed45-best.pth
Model saved to models/bitshift-custom_slow_decay-64-4-64-seed45-best.pth
Model saved to models/bitshift-custom_slow_decay-64-4-64-seed45-best.pth
Model saved to models/bitshift-custom_slow_decay-64-4-64-seed45-best.pth
Model saved to models/bitshift-custom_slow_decay-64-4-64-seed45-best.pth
Model saved to models/bitshift-custom_slow_decay-64-4-64-seed45-best.pth
Model saved to models/bitshift-custom_slow_decay-64-4-64-seed45-best.pth
Model saved to models/bitshift-custom_slow_decay-64-4-64-seed45-best.pth
Model saved to models/bitshift-custom_slow_decay-64-4-64-seed45-best.pth
Model saved to models/bitshift-custom_slow_decay-64-4-64-seed45-best.pth
Model saved to models/bitshift-custom_slow_decay-64-4-64-seed45-best.pth
Model saved to models/bitshift-custom_slow_decay-64-4-64-seed45-best.pth
Model saved to models/bitshift-custom_slow_decay-64-4-64-seed45-best.pth
Model saved to models/bitshift-custom_slow_decay-64-4-64-seed45-best.pth
Model saved to models/bitshift-custom_slow_decay-64-4-64-seed45-best.pth
Model saved to models/bitshift-custom_slow_decay-64-4-64-seed45-best.pth
Model saved to models/bitshift-custom_slow_decay-64-4-64-seed45-best.pth
Model saved to models/bitshift-custom_slow_decay-64-4-64-seed45-best.pth
Model saved to models/bitshift-custom_slow_decay-64-4-64-seed45-best.pth
Model saved to models/bitshift-custom_slow_decay-64-4-64-seed45-best.pth
Model saved to models/bitshift-custom_slow_decay-64-4-64-seed45-best.pth
Model saved to models/bitshift-custom_slow_decay-64-4-64-seed45-best.pth
Model saved to models/bitshift-custom_slow_decay-64-4-64-seed45-best.pth
Model saved to models/bitshift-custom_slow_decay-64-4-64-seed45-best.pth
Model saved to models/bitshift-custom_slow_decay-64-4-64-seed45-best.pth
Model saved to models/bitshift-custom_slow_decay-64-4-64-seed45-best.pth
Model saved to models/bitshift-custom_slow_decay-64-4-64-seed45-best.pth
Model saved to models/bitshift-custom_slow_decay-64-4-64-seed45-best.pth
Model saved to models/bitshift-custom_slow_decay-64-4-64-seed45-best.pth
Model saved to models/bitshift-custom_slow_decay-64-4-64-seed45-best.pth
Model saved to models/bitshift-custom_slow_decay-64-4-64-seed45-best.pth
Model saved to models/bitshift-custom_slow_decay-64-4-64-seed45-best.pth
Model saved to models/bitshift-custom_slow_decay-64-4-64-seed45-best.pth
Model saved to models/bitshift-custom_slow_decay-64-4-64-seed45-best.pth
Model saved to models/bitshift-custom_slow_decay-64-4-64-seed45-best.pth
Model saved to models/bitshift-custom_slow_decay-64-4-64-seed45-best.pth
Model saved to models/bitshift-custom_slow_decay-64-4-64-seed45-best.pth
Model saved to models/bitshift-custom_slow_decay-64-4-64-seed45-best.pth
Model saved to models/bitshift-custom_slow_decay-64-4-64-seed45-best.pth
Model saved to models/bitshift-custom_slow_decay-64-4-64-seed45-best.pth
Model saved to models/bitshift-custom_slow_decay-64-4-64-seed45-best.pth
Model saved to models/bitshift-custom_slow_decay-64-4-64-seed45-best.pth
Model saved to models/bitshift-custom_slow_decay-64-4-64-seed45-best.pth
Model saved to models/bitshift-custom_slow_decay-64-4-64-seed45-best.pth
Model saved to models/bitshift-custom_slow_decay-64-4-64-seed45-best.pth
  Episode 650/2500  avg(100): 143.2
Model saved to models/bitshift-custom_slow_decay-64-4-64-seed45-best.pth
Model saved to models/bitshift-custom_slow_decay-64-4-64-seed45-best.pth
Model saved to models/bitshift-custom_slow_decay-64-4-64-seed45-best.pth
Model saved to models/bitshift-custom_slow_decay-64-4-64-seed45-best.pth
Model saved to models/bitshift-custom_slow_decay-64-4-64-seed45-best.pth
Model saved to models/bitshift-custom_slow_decay-64-4-64-seed45-best.pth
Model saved to models/bitshift-custom_slow_decay-64-4-64-seed45-best.pth
Model saved to models/bitshift-custom_slow_decay-64-4-64-seed45-best.pth
Model saved to models/bitshift-custom_slow_decay-64-4-64-seed45-best.pth
Model saved to models/bitshift-custom_slow_decay-64-4-64-seed45-best.pth
Model saved to models/bitshift-custom_slow_decay-64-4-64-seed45-best.pth
Model saved to models/bitshift-custom_slow_decay-64-4-64-seed45-best.pth
Model saved to models/bitshift-custom_slow_decay-64-4-64-seed45-best.pth
Model saved to models/bitshift-custom_slow_decay-64-4-64-seed45-best.pth
Model saved to models/bitshift-custom_slow_decay-64-4-64-seed45-best.pth
Model saved to models/bitshift-custom_slow_decay-64-4-64-seed45-best.pth
Model saved to models/bitshift-custom_slow_decay-64-4-64-seed45-best.pth
Model saved to models/bitshift-custom_slow_decay-64-4-64-seed45-best.pth
Model saved to models/bitshift-custom_slow_decay-64-4-64-seed45-best.pth
Model saved to models/bitshift-custom_slow_decay-64-4-64-seed45-best.pth
Model saved to models/bitshift-custom_slow_decay-64-4-64-seed45-best.pth
Model saved to models/bitshift-custom_slow_decay-64-4-64-seed45-best.pth
  Episode 700/2500  avg(100): 146.1
  Episode 750/2500  avg(100): 131.2
  Episode 800/2500  avg(100): 125.5
  Episode 850/2500  avg(100): 133.2
  Episode 900/2500  avg(100): 143.2
  Episode 950/2500  avg(100): 147.1
  Episode 1000/2500  avg(100): 147.4
  Episode 1050/2500  avg(100): 152.6
Model saved to models/bitshift-custom_slow_decay-64-4-64-seed45-best.pth
Model saved to models/bitshift-custom_slow_decay-64-4-64-seed45-best.pth
Model saved to models/bitshift-custom_slow_decay-64-4-64-seed45-best.pth
Model saved to models/bitshift-custom_slow_decay-64-4-64-seed45-best.pth
Model saved to models/bitshift-custom_slow_decay-64-4-64-seed45-best.pth
Model saved to models/bitshift-custom_slow_decay-64-4-64-seed45-best.pth
Model saved to models/bitshift-custom_slow_decay-64-4-64-seed45-best.pth
Model saved to models/bitshift-custom_slow_decay-64-4-64-seed45-best.pth
Model saved to models/bitshift-custom_slow_decay-64-4-64-seed45-best.pth
Model saved to models/bitshift-custom_slow_decay-64-4-64-seed45-best.pth
Model saved to models/bitshift-custom_slow_decay-64-4-64-seed45-best.pth
Model saved to models/bitshift-custom_slow_decay-64-4-64-seed45-best.pth
Model saved to models/bitshift-custom_slow_decay-64-4-64-seed45-best.pth
Model saved to models/bitshift-custom_slow_decay-64-4-64-seed45-best.pth
Model saved to models/bitshift-custom_slow_decay-64-4-64-seed45-best.pth
Model saved to models/bitshift-custom_slow_decay-64-4-64-seed45-best.pth
Model saved to models/bitshift-custom_slow_decay-64-4-64-seed45-best.pth
Model saved to models/bitshift-custom_slow_decay-64-4-64-seed45-best.pth
Model saved to models/bitshift-custom_slow_decay-64-4-64-seed45-best.pth
Model saved to models/bitshift-custom_slow_decay-64-4-64-seed45-best.pth
Model saved to models/bitshift-custom_slow_decay-64-4-64-seed45-best.pth
  Episode 1100/2500  avg(100): 162.5
Model saved to models/bitshift-custom_slow_decay-64-4-64-seed45-best.pth
Model saved to models/bitshift-custom_slow_decay-64-4-64-seed45-best.pth
Model saved to models/bitshift-custom_slow_decay-64-4-64-seed45-best.pth
Model saved to models/bitshift-custom_slow_decay-64-4-64-seed45-best.pth
Model saved to models/bitshift-custom_slow_decay-64-4-64-seed45-best.pth
Model saved to models/bitshift-custom_slow_decay-64-4-64-seed45-best.pth
Model saved to models/bitshift-custom_slow_decay-64-4-64-seed45-best.pth
Model saved to models/bitshift-custom_slow_decay-64-4-64-seed45-best.pth
Model saved to models/bitshift-custom_slow_decay-64-4-64-seed45-best.pth
Model saved to models/bitshift-custom_slow_decay-64-4-64-seed45-best.pth
Model saved to models/bitshift-custom_slow_decay-64-4-64-seed45-best.pth
Model saved to models/bitshift-custom_slow_decay-64-4-64-seed45-best.pth
Model saved to models/bitshift-custom_slow_decay-64-4-64-seed45-best.pth
Model saved to models/bitshift-custom_slow_decay-64-4-64-seed45-best.pth
Model saved to models/bitshift-custom_slow_decay-64-4-64-seed45-best.pth
Model saved to models/bitshift-custom_slow_decay-64-4-64-seed45-best.pth
Model saved to models/bitshift-custom_slow_decay-64-4-64-seed45-best.pth
Model saved to models/bitshift-custom_slow_decay-64-4-64-seed45-best.pth
Model saved to models/bitshift-custom_slow_decay-64-4-64-seed45-best.pth
Model saved to models/bitshift-custom_slow_decay-64-4-64-seed45-best.pth
Model saved to models/bitshift-custom_slow_decay-64-4-64-seed45-best.pth
Model saved to models/bitshift-custom_slow_decay-64-4-64-seed45-best.pth
Model saved to models/bitshift-custom_slow_decay-64-4-64-seed45-best.pth
Model saved to models/bitshift-custom_slow_decay-64-4-64-seed45-best.pth
  Episode 1150/2500  avg(100): 173.4
Model saved to models/bitshift-custom_slow_decay-64-4-64-seed45-best.pth
Model saved to models/bitshift-custom_slow_decay-64-4-64-seed45-best.pth
Model saved to models/bitshift-custom_slow_decay-64-4-64-seed45-best.pth
Model saved to models/bitshift-custom_slow_decay-64-4-64-seed45-best.pth
Model saved to models/bitshift-custom_slow_decay-64-4-64-seed45-best.pth
Model saved to models/bitshift-custom_slow_decay-64-4-64-seed45-best.pth
Model saved to models/bitshift-custom_slow_decay-64-4-64-seed45-best.pth
Model saved to models/bitshift-custom_slow_decay-64-4-64-seed45-best.pth
Model saved to models/bitshift-custom_slow_decay-64-4-64-seed45-best.pth
Model saved to models/bitshift-custom_slow_decay-64-4-64-seed45-best.pth
Model saved to models/bitshift-custom_slow_decay-64-4-64-seed45-best.pth
Model saved to models/bitshift-custom_slow_decay-64-4-64-seed45-best.pth
Model saved to models/bitshift-custom_slow_decay-64-4-64-seed45-best.pth
Model saved to models/bitshift-custom_slow_decay-64-4-64-seed45-best.pth
Model saved to models/bitshift-custom_slow_decay-64-4-64-seed45-best.pth
Model saved to models/bitshift-custom_slow_decay-64-4-64-seed45-best.pth
Model saved to models/bitshift-custom_slow_decay-64-4-64-seed45-best.pth
Model saved to models/bitshift-custom_slow_decay-64-4-64-seed45-best.pth
Model saved to models/bitshift-custom_slow_decay-64-4-64-seed45-best.pth
Model saved to models/bitshift-custom_slow_decay-64-4-64-seed45-best.pth
Model saved to models/bitshift-custom_slow_decay-64-4-64-seed45-best.pth
Model saved to models/bitshift-custom_slow_decay-64-4-64-seed45-best.pth
Model saved to models/bitshift-custom_slow_decay-64-4-64-seed45-best.pth
Model saved to models/bitshift-custom_slow_decay-64-4-64-seed45-best.pth
Model saved to models/bitshift-custom_slow_decay-64-4-64-seed45-best.pth
Model saved to models/bitshift-custom_slow_decay-64-4-64-seed45-best.pth
  Episode 1200/2500  avg(100): 181.2
Model saved to models/bitshift-custom_slow_decay-64-4-64-seed45-best.pth
Model saved to models/bitshift-custom_slow_decay-64-4-64-seed45-best.pth
Model saved to models/bitshift-custom_slow_decay-64-4-64-seed45-best.pth
Model saved to models/bitshift-custom_slow_decay-64-4-64-seed45-best.pth
Model saved to models/bitshift-custom_slow_decay-64-4-64-seed45-best.pth
Model saved to models/bitshift-custom_slow_decay-64-4-64-seed45-best.pth
Model saved to models/bitshift-custom_slow_decay-64-4-64-seed45-best.pth
Model saved to models/bitshift-custom_slow_decay-64-4-64-seed45-best.pth
Model saved to models/bitshift-custom_slow_decay-64-4-64-seed45-best.pth
Model saved to models/bitshift-custom_slow_decay-64-4-64-seed45-best.pth
Model saved to models/bitshift-custom_slow_decay-64-4-64-seed45-best.pth
Model saved to models/bitshift-custom_slow_decay-64-4-64-seed45-best.pth
Model saved to models/bitshift-custom_slow_decay-64-4-64-seed45-best.pth
Model saved to models/bitshift-custom_slow_decay-64-4-64-seed45-best.pth
Model saved to models/bitshift-custom_slow_decay-64-4-64-seed45-best.pth
Model saved to models/bitshift-custom_slow_decay-64-4-64-seed45-best.pth
Model saved to models/bitshift-custom_slow_decay-64-4-64-seed45-best.pth
Model saved to models/bitshift-custom_slow_decay-64-4-64-seed45-best.pth
Model saved to models/bitshift-custom_slow_decay-64-4-64-seed45-best.pth
Model saved to models/bitshift-custom_slow_decay-64-4-64-seed45-best.pth
Model saved to models/bitshift-custom_slow_decay-64-4-64-seed45-best.pth
Model saved to models/bitshift-custom_slow_decay-64-4-64-seed45-best.pth
Model saved to models/bitshift-custom_slow_decay-64-4-64-seed45-best.pth
Model saved to models/bitshift-custom_slow_decay-64-4-64-seed45-best.pth
Model saved to models/bitshift-custom_slow_decay-64-4-64-seed45-best.pth
Model saved to models/bitshift-custom_slow_decay-64-4-64-seed45-best.pth
Model saved to models/bitshift-custom_slow_decay-64-4-64-seed45-best.pth
Model saved to models/bitshift-custom_slow_decay-64-4-64-seed45-best.pth
Model saved to models/bitshift-custom_slow_decay-64-4-64-seed45-best.pth
Model saved to models/bitshift-custom_slow_decay-64-4-64-seed45-best.pth
Model saved to models/bitshift-custom_slow_decay-64-4-64-seed45-best.pth
Model saved to models/bitshift-custom_slow_decay-64-4-64-seed45-best.pth
  Episode 1250/2500  avg(100): 195.8
Model saved to models/bitshift-custom_slow_decay-64-4-64-seed45-best.pth
Model saved to models/bitshift-custom_slow_decay-64-4-64-seed45-best.pth
Model saved to models/bitshift-custom_slow_decay-64-4-64-seed45-best.pth
Model saved to models/bitshift-custom_slow_decay-64-4-64-seed45-best.pth
Model saved to models/bitshift-custom_slow_decay-64-4-64-seed45-best.pth
Model saved to models/bitshift-custom_slow_decay-64-4-64-seed45-best.pth
Model saved to models/bitshift-custom_slow_decay-64-4-64-seed45-best.pth
Model saved to models/bitshift-custom_slow_decay-64-4-64-seed45-best.pth
Model saved to models/bitshift-custom_slow_decay-64-4-64-seed45-best.pth
Model saved to models/bitshift-custom_slow_decay-64-4-64-seed45-best.pth
Model saved to models/bitshift-custom_slow_decay-64-4-64-seed45-best.pth
Model saved to models/bitshift-custom_slow_decay-64-4-64-seed45-best.pth
Model saved to models/bitshift-custom_slow_decay-64-4-64-seed45-best.pth
Model saved to models/bitshift-custom_slow_decay-64-4-64-seed45-best.pth
Model saved to models/bitshift-custom_slow_decay-64-4-64-seed45-best.pth
Model saved to models/bitshift-custom_slow_decay-64-4-64-seed45-best.pth
Model saved to models/bitshift-custom_slow_decay-64-4-64-seed45-best.pth
Model saved to models/bitshift-custom_slow_decay-64-4-64-seed45-best.pth
Model saved to models/bitshift-custom_slow_decay-64-4-64-seed45-best.pth
Model saved to models/bitshift-custom_slow_decay-64-4-64-seed45-best.pth
Model saved to models/bitshift-custom_slow_decay-64-4-64-seed45-best.pth
Model saved to models/bitshift-custom_slow_decay-64-4-64-seed45-best.pth
Model saved to models/bitshift-custom_slow_decay-64-4-64-seed45-best.pth
Model saved to models/bitshift-custom_slow_decay-64-4-64-seed45-best.pth
Model saved to models/bitshift-custom_slow_decay-64-4-64-seed45-best.pth
Model saved to models/bitshift-custom_slow_decay-64-4-64-seed45-best.pth
Model saved to models/bitshift-custom_slow_decay-64-4-64-seed45-best.pth
Model saved to models/bitshift-custom_slow_decay-64-4-64-seed45-best.pth
Model saved to models/bitshift-custom_slow_decay-64-4-64-seed45-best.pth
Model saved to models/bitshift-custom_slow_decay-64-4-64-seed45-best.pth
Model saved to models/bitshift-custom_slow_decay-64-4-64-seed45-best.pth
Model saved to models/bitshift-custom_slow_decay-64-4-64-seed45-best.pth
Model saved to models/bitshift-custom_slow_decay-64-4-64-seed45-best.pth
Model saved to models/bitshift-custom_slow_decay-64-4-64-seed45-best.pth
Model saved to models/bitshift-custom_slow_decay-64-4-64-seed45-best.pth
Model saved to models/bitshift-custom_slow_decay-64-4-64-seed45-best.pth
Model saved to models/bitshift-custom_slow_decay-64-4-64-seed45-best.pth
Model saved to models/bitshift-custom_slow_decay-64-4-64-seed45-best.pth
Model saved to models/bitshift-custom_slow_decay-64-4-64-seed45-best.pth
Model saved to models/bitshift-custom_slow_decay-64-4-64-seed45-best.pth
Model saved to models/bitshift-custom_slow_decay-64-4-64-seed45-best.pth
Model saved to models/bitshift-custom_slow_decay-64-4-64-seed45-best.pth
Model saved to models/bitshift-custom_slow_decay-64-4-64-seed45-best.pth
Model saved to models/bitshift-custom_slow_decay-64-4-64-seed45-best.pth
Model saved to models/bitshift-custom_slow_decay-64-4-64-seed45-best.pth
Model saved to models/bitshift-custom_slow_decay-64-4-64-seed45-best.pth
  Episode 1300/2500  avg(100): 229.7
Model saved to models/bitshift-custom_slow_decay-64-4-64-seed45-best.pth
Model saved to models/bitshift-custom_slow_decay-64-4-64-seed45-best.pth
Model saved to models/bitshift-custom_slow_decay-64-4-64-seed45-best.pth
Model saved to models/bitshift-custom_slow_decay-64-4-64-seed45-best.pth
Model saved to models/bitshift-custom_slow_decay-64-4-64-seed45-best.pth
Model saved to models/bitshift-custom_slow_decay-64-4-64-seed45-best.pth
Model saved to models/bitshift-custom_slow_decay-64-4-64-seed45-best.pth
Model saved to models/bitshift-custom_slow_decay-64-4-64-seed45-best.pth
Model saved to models/bitshift-custom_slow_decay-64-4-64-seed45-best.pth
Model saved to models/bitshift-custom_slow_decay-64-4-64-seed45-best.pth
Model saved to models/bitshift-custom_slow_decay-64-4-64-seed45-best.pth
Model saved to models/bitshift-custom_slow_decay-64-4-64-seed45-best.pth
Model saved to models/bitshift-custom_slow_decay-64-4-64-seed45-best.pth
Model saved to models/bitshift-custom_slow_decay-64-4-64-seed45-best.pth
Model saved to models/bitshift-custom_slow_decay-64-4-64-seed45-best.pth
Model saved to models/bitshift-custom_slow_decay-64-4-64-seed45-best.pth
Model saved to models/bitshift-custom_slow_decay-64-4-64-seed45-best.pth
Model saved to models/bitshift-custom_slow_decay-64-4-64-seed45-best.pth
Model saved to models/bitshift-custom_slow_decay-64-4-64-seed45-best.pth
Model saved to models/bitshift-custom_slow_decay-64-4-64-seed45-best.pth
Model saved to models/bitshift-custom_slow_decay-64-4-64-seed45-best.pth
Model saved to models/bitshift-custom_slow_decay-64-4-64-seed45-best.pth
Model saved to models/bitshift-custom_slow_decay-64-4-64-seed45-best.pth
Model saved to models/bitshift-custom_slow_decay-64-4-64-seed45-best.pth
Model saved to models/bitshift-custom_slow_decay-64-4-64-seed45-best.pth
Model saved to models/bitshift-custom_slow_decay-64-4-64-seed45-best.pth
Model saved to models/bitshift-custom_slow_decay-64-4-64-seed45-best.pth
Model saved to models/bitshift-custom_slow_decay-64-4-64-seed45-best.pth
Model saved to models/bitshift-custom_slow_decay-64-4-64-seed45-best.pth
Model saved to models/bitshift-custom_slow_decay-64-4-64-seed45-best.pth
Model saved to models/bitshift-custom_slow_decay-64-4-64-seed45-best.pth
Model saved to models/bitshift-custom_slow_decay-64-4-64-seed45-best.pth
Model saved to models/bitshift-custom_slow_decay-64-4-64-seed45-best.pth
Model saved to models/bitshift-custom_slow_decay-64-4-64-seed45-best.pth
Model saved to models/bitshift-custom_slow_decay-64-4-64-seed45-best.pth
Model saved to models/bitshift-custom_slow_decay-64-4-64-seed45-best.pth
Model saved to models/bitshift-custom_slow_decay-64-4-64-seed45-best.pth
Model saved to models/bitshift-custom_slow_decay-64-4-64-seed45-best.pth
Model saved to models/bitshift-custom_slow_decay-64-4-64-seed45-best.pth
  Episode 1350/2500  avg(100): 268.2
Model saved to models/bitshift-custom_slow_decay-64-4-64-seed45-best.pth
Model saved to models/bitshift-custom_slow_decay-64-4-64-seed45-best.pth
Model saved to models/bitshift-custom_slow_decay-64-4-64-seed45-best.pth
Model saved to models/bitshift-custom_slow_decay-64-4-64-seed45-best.pth
Model saved to models/bitshift-custom_slow_decay-64-4-64-seed45-best.pth
Model saved to models/bitshift-custom_slow_decay-64-4-64-seed45-best.pth
Model saved to models/bitshift-custom_slow_decay-64-4-64-seed45-best.pth
Model saved to models/bitshift-custom_slow_decay-64-4-64-seed45-best.pth
Model saved to models/bitshift-custom_slow_decay-64-4-64-seed45-best.pth
Model saved to models/bitshift-custom_slow_decay-64-4-64-seed45-best.pth
Model saved to models/bitshift-custom_slow_decay-64-4-64-seed45-best.pth
Model saved to models/bitshift-custom_slow_decay-64-4-64-seed45-best.pth
Model saved to models/bitshift-custom_slow_decay-64-4-64-seed45-best.pth
Model saved to models/bitshift-custom_slow_decay-64-4-64-seed45-best.pth
Model saved to models/bitshift-custom_slow_decay-64-4-64-seed45-best.pth
Model saved to models/bitshift-custom_slow_decay-64-4-64-seed45-best.pth
Model saved to models/bitshift-custom_slow_decay-64-4-64-seed45-best.pth
Model saved to models/bitshift-custom_slow_decay-64-4-64-seed45-best.pth
Model saved to models/bitshift-custom_slow_decay-64-4-64-seed45-best.pth
Model saved to models/bitshift-custom_slow_decay-64-4-64-seed45-best.pth
Model saved to models/bitshift-custom_slow_decay-64-4-64-seed45-best.pth
Model saved to models/bitshift-custom_slow_decay-64-4-64-seed45-best.pth
Model saved to models/bitshift-custom_slow_decay-64-4-64-seed45-best.pth
Model saved to models/bitshift-custom_slow_decay-64-4-64-seed45-best.pth
Model saved to models/bitshift-custom_slow_decay-64-4-64-seed45-best.pth
Model saved to models/bitshift-custom_slow_decay-64-4-64-seed45-best.pth
  Episode 1400/2500  avg(100): 287.7
Model saved to models/bitshift-custom_slow_decay-64-4-64-seed45-best.pth
Model saved to models/bitshift-custom_slow_decay-64-4-64-seed45-best.pth
Model saved to models/bitshift-custom_slow_decay-64-4-64-seed45-best.pth
Model saved to models/bitshift-custom_slow_decay-64-4-64-seed45-best.pth
Model saved to models/bitshift-custom_slow_decay-64-4-64-seed45-best.pth
Model saved to models/bitshift-custom_slow_decay-64-4-64-seed45-best.pth
Model saved to models/bitshift-custom_slow_decay-64-4-64-seed45-best.pth
Model saved to models/bitshift-custom_slow_decay-64-4-64-seed45-best.pth
Model saved to models/bitshift-custom_slow_decay-64-4-64-seed45-best.pth
  Episode 1450/2500  avg(100): 292.6
Model saved to models/bitshift-custom_slow_decay-64-4-64-seed45-best.pth
Model saved to models/bitshift-custom_slow_decay-64-4-64-seed45-best.pth
Model saved to models/bitshift-custom_slow_decay-64-4-64-seed45-best.pth
Model saved to models/bitshift-custom_slow_decay-64-4-64-seed45-best.pth
Model saved to models/bitshift-custom_slow_decay-64-4-64-seed45-best.pth
Model saved to models/bitshift-custom_slow_decay-64-4-64-seed45-best.pth
Model saved to models/bitshift-custom_slow_decay-64-4-64-seed45-best.pth
Model saved to models/bitshift-custom_slow_decay-64-4-64-seed45-best.pth
Model saved to models/bitshift-custom_slow_decay-64-4-64-seed45-best.pth
Model saved to models/bitshift-custom_slow_decay-64-4-64-seed45-best.pth
Model saved to models/bitshift-custom_slow_decay-64-4-64-seed45-best.pth
Model saved to models/bitshift-custom_slow_decay-64-4-64-seed45-best.pth
Model saved to models/bitshift-custom_slow_decay-64-4-64-seed45-best.pth
Model saved to models/bitshift-custom_slow_decay-64-4-64-seed45-best.pth
Model saved to models/bitshift-custom_slow_decay-64-4-64-seed45-best.pth
Model saved to models/bitshift-custom_slow_decay-64-4-64-seed45-best.pth
Model saved to models/bitshift-custom_slow_decay-64-4-64-seed45-best.pth
Model saved to models/bitshift-custom_slow_decay-64-4-64-seed45-best.pth
Model saved to models/bitshift-custom_slow_decay-64-4-64-seed45-best.pth
Model saved to models/bitshift-custom_slow_decay-64-4-64-seed45-best.pth
Model saved to models/bitshift-custom_slow_decay-64-4-64-seed45-best.pth
Model saved to models/bitshift-custom_slow_decay-64-4-64-seed45-best.pth
Model saved to models/bitshift-custom_slow_decay-64-4-64-seed45-best.pth
Model saved to models/bitshift-custom_slow_decay-64-4-64-seed45-best.pth
Model saved to models/bitshift-custom_slow_decay-64-4-64-seed45-best.pth
Model saved to models/bitshift-custom_slow_decay-64-4-64-seed45-best.pth
Model saved to models/bitshift-custom_slow_decay-64-4-64-seed45-best.pth
Model saved to models/bitshift-custom_slow_decay-64-4-64-seed45-best.pth
  Episode 1500/2500  avg(100): 320.5
Model saved to models/bitshift-custom_slow_decay-64-4-64-seed45-best.pth
Model saved to models/bitshift-custom_slow_decay-64-4-64-seed45-best.pth
Model saved to models/bitshift-custom_slow_decay-64-4-64-seed45-best.pth
Model saved to models/bitshift-custom_slow_decay-64-4-64-seed45-best.pth
Model saved to models/bitshift-custom_slow_decay-64-4-64-seed45-best.pth
Model saved to models/bitshift-custom_slow_decay-64-4-64-seed45-best.pth
Model saved to models/bitshift-custom_slow_decay-64-4-64-seed45-best.pth
Model saved to models/bitshift-custom_slow_decay-64-4-64-seed45-best.pth
Model saved to models/bitshift-custom_slow_decay-64-4-64-seed45-best.pth
Model saved to models/bitshift-custom_slow_decay-64-4-64-seed45-best.pth
Model saved to models/bitshift-custom_slow_decay-64-4-64-seed45-best.pth
Model saved to models/bitshift-custom_slow_decay-64-4-64-seed45-best.pth
Model saved to models/bitshift-custom_slow_decay-64-4-64-seed45-best.pth
Model saved to models/bitshift-custom_slow_decay-64-4-64-seed45-best.pth
Model saved to models/bitshift-custom_slow_decay-64-4-64-seed45-best.pth
Model saved to models/bitshift-custom_slow_decay-64-4-64-seed45-best.pth
Model saved to models/bitshift-custom_slow_decay-64-4-64-seed45-best.pth
Model saved to models/bitshift-custom_slow_decay-64-4-64-seed45-best.pth
Model saved to models/bitshift-custom_slow_decay-64-4-64-seed45-best.pth
Model saved to models/bitshift-custom_slow_decay-64-4-64-seed45-best.pth
Model saved to models/bitshift-custom_slow_decay-64-4-64-seed45-best.pth
Model saved to models/bitshift-custom_slow_decay-64-4-64-seed45-best.pth
Model saved to models/bitshift-custom_slow_decay-64-4-64-seed45-best.pth
  Episode 1550/2500  avg(100): 342.9
Model saved to models/bitshift-custom_slow_decay-64-4-64-seed45-best.pth
Model saved to models/bitshift-custom_slow_decay-64-4-64-seed45-best.pth
Model saved to models/bitshift-custom_slow_decay-64-4-64-seed45-best.pth
Model saved to models/bitshift-custom_slow_decay-64-4-64-seed45-best.pth
Model saved to models/bitshift-custom_slow_decay-64-4-64-seed45-best.pth
Model saved to models/bitshift-custom_slow_decay-64-4-64-seed45-best.pth
Model saved to models/bitshift-custom_slow_decay-64-4-64-seed45-best.pth
Model saved to models/bitshift-custom_slow_decay-64-4-64-seed45-best.pth
Model saved to models/bitshift-custom_slow_decay-64-4-64-seed45-best.pth
Model saved to models/bitshift-custom_slow_decay-64-4-64-seed45-best.pth
Model saved to models/bitshift-custom_slow_decay-64-4-64-seed45-best.pth
Model saved to models/bitshift-custom_slow_decay-64-4-64-seed45-best.pth
Model saved to models/bitshift-custom_slow_decay-64-4-64-seed45-best.pth
Model saved to models/bitshift-custom_slow_decay-64-4-64-seed45-best.pth
Model saved to models/bitshift-custom_slow_decay-64-4-64-seed45-best.pth
Model saved to models/bitshift-custom_slow_decay-64-4-64-seed45-best.pth
Model saved to models/bitshift-custom_slow_decay-64-4-64-seed45-best.pth
Model saved to models/bitshift-custom_slow_decay-64-4-64-seed45-best.pth
Model saved to models/bitshift-custom_slow_decay-64-4-64-seed45-best.pth
Model saved to models/bitshift-custom_slow_decay-64-4-64-seed45-best.pth
Model saved to models/bitshift-custom_slow_decay-64-4-64-seed45-best.pth
Model saved to models/bitshift-custom_slow_decay-64-4-64-seed45-best.pth
Model saved to models/bitshift-custom_slow_decay-64-4-64-seed45-best.pth
Model saved to models/bitshift-custom_slow_decay-64-4-64-seed45-best.pth
Model saved to models/bitshift-custom_slow_decay-64-4-64-seed45-best.pth
Model saved to models/bitshift-custom_slow_decay-64-4-64-seed45-best.pth
Model saved to models/bitshift-custom_slow_decay-64-4-64-seed45-best.pth
Model saved to models/bitshift-custom_slow_decay-64-4-64-seed45-best.pth
Model saved to models/bitshift-custom_slow_decay-64-4-64-seed45-best.pth
Model saved to models/bitshift-custom_slow_decay-64-4-64-seed45-best.pth
Model saved to models/bitshift-custom_slow_decay-64-4-64-seed45-best.pth
Model saved to models/bitshift-custom_slow_decay-64-4-64-seed45-best.pth
Model saved to models/bitshift-custom_slow_decay-64-4-64-seed45-best.pth
Model saved to models/bitshift-custom_slow_decay-64-4-64-seed45-best.pth
Model saved to models/bitshift-custom_slow_decay-64-4-64-seed45-best.pth
Model saved to models/bitshift-custom_slow_decay-64-4-64-seed45-best.pth
Model saved to models/bitshift-custom_slow_decay-64-4-64-seed45-best.pth
Model saved to models/bitshift-custom_slow_decay-64-4-64-seed45-best.pth
Model saved to models/bitshift-custom_slow_decay-64-4-64-seed45-best.pth
Model saved to models/bitshift-custom_slow_decay-64-4-64-seed45-best.pth
Model saved to models/bitshift-custom_slow_decay-64-4-64-seed45-best.pth
  Episode 1600/2500  avg(100): 402.5
Model saved to models/bitshift-custom_slow_decay-64-4-64-seed45-best.pth
Model saved to models/bitshift-custom_slow_decay-64-4-64-seed45-best.pth
Model saved to models/bitshift-custom_slow_decay-64-4-64-seed45-best.pth
Model saved to models/bitshift-custom_slow_decay-64-4-64-seed45-best.pth
Model saved to models/bitshift-custom_slow_decay-64-4-64-seed45-best.pth
Model saved to models/bitshift-custom_slow_decay-64-4-64-seed45-best.pth
Model saved to models/bitshift-custom_slow_decay-64-4-64-seed45-best.pth
Model saved to models/bitshift-custom_slow_decay-64-4-64-seed45-best.pth
Model saved to models/bitshift-custom_slow_decay-64-4-64-seed45-best.pth
Model saved to models/bitshift-custom_slow_decay-64-4-64-seed45-best.pth
Model saved to models/bitshift-custom_slow_decay-64-4-64-seed45-best.pth
Model saved to models/bitshift-custom_slow_decay-64-4-64-seed45-best.pth
Model saved to models/bitshift-custom_slow_decay-64-4-64-seed45-best.pth
Model saved to models/bitshift-custom_slow_decay-64-4-64-seed45-best.pth
Model saved to models/bitshift-custom_slow_decay-64-4-64-seed45-best.pth
Model saved to models/bitshift-custom_slow_decay-64-4-64-seed45-best.pth
Model saved to models/bitshift-custom_slow_decay-64-4-64-seed45-best.pth
Model saved to models/bitshift-custom_slow_decay-64-4-64-seed45-best.pth
Model saved to models/bitshift-custom_slow_decay-64-4-64-seed45-best.pth
Model saved to models/bitshift-custom_slow_decay-64-4-64-seed45-best.pth
Model saved to models/bitshift-custom_slow_decay-64-4-64-seed45-best.pth
Model saved to models/bitshift-custom_slow_decay-64-4-64-seed45-best.pth
Model saved to models/bitshift-custom_slow_decay-64-4-64-seed45-best.pth
  Episode 1650/2500  avg(100): 438.1
Model saved to models/bitshift-custom_slow_decay-64-4-64-seed45-best.pth
Model saved to models/bitshift-custom_slow_decay-64-4-64-seed45-best.pth
Model saved to models/bitshift-custom_slow_decay-64-4-64-seed45-best.pth
Model saved to models/bitshift-custom_slow_decay-64-4-64-seed45-best.pth
Model saved to models/bitshift-custom_slow_decay-64-4-64-seed45-best.pth
Model saved to models/bitshift-custom_slow_decay-64-4-64-seed45-best.pth
Model saved to models/bitshift-custom_slow_decay-64-4-64-seed45-best.pth
  Episode 1700/2500  avg(100): 264.9
  Episode 1750/2500  avg(100): 67.5
  Episode 1800/2500  avg(100): 77.0
  Episode 1850/2500  avg(100): 152.7
  Episode 1900/2500  avg(100): 289.1
  Episode 1950/2500  avg(100): 374.0
  Episode 2000/2500  avg(100): 298.8
  Episode 2050/2500  avg(100): 266.0
  Episode 2100/2500  avg(100): 314.6
  Episode 2150/2500  avg(100): 217.1
  Episode 2200/2500  avg(100): 89.0
  Episode 2250/2500  avg(100): 120.1
  Episode 2300/2500  avg(100): 166.7
  Episode 2350/2500  avg(100): 201.0
  Episode 2400/2500  avg(100): 296.1
  Episode 2450/2500  avg(100): 417.9
Model saved to models/bitshift-custom_slow_decay-64-4-64-seed45-best.pth
Model saved to models/bitshift-custom_slow_decay-64-4-64-seed45-best.pth
Model saved to models/bitshift-custom_slow_decay-64-4-64-seed45-best.pth
Model saved to models/bitshift-custom_slow_decay-64-4-64-seed45-best.pth
Model saved to models/bitshift-custom_slow_decay-64-4-64-seed45-best.pth
Model saved to models/bitshift-custom_slow_decay-64-4-64-seed45-best.pth
Model saved to models/bitshift-custom_slow_decay-64-4-64-seed45-best.pth
Model saved to models/bitshift-custom_slow_decay-64-4-64-seed45-best.pth
  Episode 2500/2500  avg(100): 456.1
Model saved to models/bitshift-custom_slow_decay-64-4-64-seed45-final.pth
  per-episode CSV streamed to: metrics/multi-seed/_workers/bitshift-custom_slow_decay-64-4-64/seed45/bitshift-custom_slow_decay-64-4-64-seed45.csv

Summary CSV: metrics/multi-seed/_workers/bitshift-custom_slow_decay-64-4-64/seed45/bitshift-custom_slow_decay-64-4-64-summary.csv

Results across 1 seeds:
  solved (final_avg >= 475) : 0/1 seeds
  final_avg_reward  : 456.14 ± 0.00  (primary metric: CartPole-v1 standard)
  best_avg_reward   : 456.14 ± 0.00
  tail_iqm_reward   : 260.46 ± 0.00  (diagnostic: matches Optuna selection metric)
  convergence_ep    : never reached threshold in any seed

Robust reporting (final_avg_reward across seeds, 95% bootstrap CI):
  IQM   : 456.14  [95% CI: 456.14, 456.14]
  Mean  : 456.14  [95% CI: 456.14, 456.14]
  (note: with N < 10, bootstrap CIs and IQM are necessarily wide; per Colas et al. 2018 consider increasing --num-seeds.)
