Multi-seed training for: fractional-32-8-8
  device       : cpu
  num_seeds    : 1
  base_seed    : 50
  num_episodes : 1500
  output_dir   : metrics/multi-seed/fractional-32-8-8/_workers/seed50

============================================================
Seed 50 (1/1)
============================================================
  Episode 50/1500  avg(100): 15.8
  Episode 100/1500  avg(100): 14.1
  Episode 150/1500  avg(100): 22.4
  Episode 200/1500  avg(100): 95.7
  Episode 250/1500  avg(100): 182.8
  Episode 300/1500  avg(100): 165.6
  Episode 350/1500  avg(100): 88.3
  Episode 400/1500  avg(100): 78.1
  Episode 450/1500  avg(100): 143.9
  Episode 500/1500  avg(100): 128.2
  Episode 550/1500  avg(100): 52.6
  Episode 600/1500  avg(100): 28.2
  Episode 650/1500  avg(100): 23.0
  Episode 700/1500  avg(100): 21.3
  Episode 750/1500  avg(100): 34.1
  Episode 800/1500  avg(100): 75.3
  Episode 850/1500  avg(100): 112.8
  Episode 900/1500  avg(100): 129.1
  Episode 950/1500  avg(100): 137.1
  Episode 1000/1500  avg(100): 151.1
  Episode 1050/1500  avg(100): 207.9
  Episode 1100/1500  avg(100): 336.9
  Episode 1150/1500  avg(100): 417.4
  Episode 1200/1500  avg(100): 349.4
  Episode 1250/1500  avg(100): 228.1
  Episode 1300/1500  avg(100): 161.9
  Episode 1350/1500  avg(100): 267.9
  Episode 1400/1500  avg(100): 428.0
  Episode 1450/1500  avg(100): 467.7
  Episode 1500/1500  avg(100): 480.3
Model saved to models/fractional-32-8-8-seed50-final.pth
  per-episode CSV streamed to: metrics/multi-seed/fractional-32-8-8/_workers/seed50/fractional-32-8-8-seed50.csv

Summary CSV: metrics/multi-seed/fractional-32-8-8/_workers/seed50/fractional-32-8-8-summary.csv

Results across 1 seeds:
  solved (final_avg >= 475) : 1/1 seeds
  final_avg_reward  : 480.30 ± 0.00  (primary metric: CartPole-v1 standard)
  best_avg_reward   : 480.30 ± 0.00
  tail_iqm_reward   : 354.66 ± 0.00  (diagnostic: matches Optuna selection metric)
  convergence_ep    : 1494.0 ± 0.0  (1/1 seeds converged)

Robust reporting (final_avg_reward across seeds, 95% bootstrap CI):
  IQM   : 480.30  [95% CI: 480.30, 480.30]
  Mean  : 480.30  [95% CI: 480.30, 480.30]
  (note: with N < 10, bootstrap CIs and IQM are necessarily wide; per Colas et al. 2018 consider increasing --num-seeds.)
