Multi-seed training for: fractional-32-8-8
  device       : cpu
  num_seeds    : 1
  base_seed    : 47
  num_episodes : 1500
  output_dir   : metrics/multi-seed/fractional-32-8-8/_workers/seed47

============================================================
Seed 47 (1/1)
============================================================
  Episode 50/1500  avg(100): 16.7
  Episode 100/1500  avg(100): 14.3
  Episode 150/1500  avg(100): 12.5
  Episode 200/1500  avg(100): 15.4
  Episode 250/1500  avg(100): 20.1
  Episode 300/1500  avg(100): 41.6
  Episode 350/1500  avg(100): 61.7
  Episode 400/1500  avg(100): 67.6
  Episode 450/1500  avg(100): 78.9
  Episode 500/1500  avg(100): 104.9
  Episode 550/1500  avg(100): 141.3
  Episode 600/1500  avg(100): 163.4
  Episode 650/1500  avg(100): 290.2
  Episode 700/1500  avg(100): 389.9
  Episode 750/1500  avg(100): 433.1
  Episode 800/1500  avg(100): 499.0
  Episode 850/1500  avg(100): 500.0
  Episode 900/1500  avg(100): 499.0
  Episode 950/1500  avg(100): 499.0
  Episode 1000/1500  avg(100): 500.0
  Episode 1050/1500  avg(100): 499.0
  Episode 1100/1500  avg(100): 498.7
  Episode 1150/1500  avg(100): 401.1
  Episode 1200/1500  avg(100): 258.8
  Episode 1250/1500  avg(100): 114.4
  Episode 1300/1500  avg(100): 143.4
  Episode 1350/1500  avg(100): 386.4
  Episode 1400/1500  avg(100): 500.0
  Episode 1450/1500  avg(100): 498.8
  Episode 1500/1500  avg(100): 498.8
Model saved to models/fractional-32-8-8-seed47-final.pth
  per-episode CSV streamed to: metrics/multi-seed/fractional-32-8-8/_workers/seed47/fractional-32-8-8-seed47.csv

Summary CSV: metrics/multi-seed/fractional-32-8-8/_workers/seed47/fractional-32-8-8-summary.csv

Results across 1 seeds:
  solved (final_avg >= 475) : 1/1 seeds
  final_avg_reward  : 498.81 ± 0.00  (primary metric: CartPole-v1 standard)
  best_avg_reward   : 500.00 ± 0.00
  tail_iqm_reward   : 376.86 ± 0.00  (diagnostic: matches Optuna selection metric)
  convergence_ep    : 1368.0 ± 0.0  (1/1 seeds converged)

Robust reporting (final_avg_reward across seeds, 95% bootstrap CI):
  IQM   : 498.81  [95% CI: 498.81, 498.81]
  Mean  : 498.81  [95% CI: 498.81, 498.81]
  (note: with N < 10, bootstrap CIs and IQM are necessarily wide; per Colas et al. 2018 consider increasing --num-seeds.)
