[I 2026-05-15 08:13:18,975] Using an existing study with name 'bitshift-custom-slow-1500' instead of creating a new one.
[I 2026-05-15 12:53:31,275] Trial 3 finished with value: 157.48492063492063 and parameters: {'batch_size': 128, 'gamma': 0.9610994557563497, 'eps_start': 0.8486246848132122, 'eps_end': 0.022222482217988088, 'eps_decay': 1559, 'tau': 0.006861870530712786, 'lr': 0.0036236982101242633, 'num_steps': 30, 'hidden1_size': 8, 'hidden2_size': 4, 'lam': 0.26043924689353254, 'history_length': 64}. Best is trial 1 with value: 404.89068783068785.
[I 2026-05-15 18:06:36,738] Trial 6 finished with value: 255.0462962962963 and parameters: {'batch_size': 64, 'gamma': 0.9755189021913037, 'eps_start': 0.8924489602045148, 'eps_end': 0.018935415345586785, 'eps_decay': 1436, 'tau': 0.00924509532095958, 'lr': 0.0003832585618464753, 'num_steps': 20, 'hidden1_size': 32, 'hidden2_size': 32, 'lam': 0.14393748564842157, 'history_length': 16}. Best is trial 2 with value: 417.83560846560846.
[I 2026-05-15 18:22:28,578] Trial 11 finished with value: 23.621216931216935 and parameters: {'batch_size': 256, 'gamma': 0.9964540007952823, 'eps_start': 0.8298259187562689, 'eps_end': 0.009203545421223536, 'eps_decay': 2725, 'tau': 0.0022254441107559023, 'lr': 0.00010126970336623394, 'num_steps': 10, 'hidden1_size': 16, 'hidden2_size': 4, 'lam': 0.2221983734020639, 'history_length': 4}. Best is trial 2 with value: 417.83560846560846.
[I 2026-05-15 19:22:02,596] Trial 14 finished with value: 70.93693121693123 and parameters: {'batch_size': 64, 'gamma': 0.996604620522607, 'eps_start': 0.8119343135025349, 'eps_end': 0.07834746019867196, 'eps_decay': 2550, 'tau': 0.006881385333555801, 'lr': 0.005139455025249042, 'num_steps': 10, 'hidden1_size': 16, 'hidden2_size': 4, 'lam': 0.1967500213443894, 'history_length': 32}. Best is trial 2 with value: 417.83560846560846.
[I 2026-05-16 02:06:13,842] Trial 16 finished with value: 263.5598941798942 and parameters: {'batch_size': 128, 'gamma': 0.9733383510333475, 'eps_start': 0.8912156874493485, 'eps_end': 0.06973882745228868, 'eps_decay': 2379, 'tau': 0.006324422690967968, 'lr': 0.0017798752896700633, 'num_steps': 30, 'hidden1_size': 16, 'hidden2_size': 16, 'lam': 0.06589541623078461, 'history_length': 4}. Best is trial 10 with value: 488.035291005291.
[I 2026-05-16 06:54:05,516] Trial 24 finished with value: 242.1710052910053 and parameters: {'batch_size': 128, 'gamma': 0.9893956695339458, 'eps_start': 0.9217733233449724, 'eps_end': 0.04412599676827207, 'eps_decay': 2693, 'tau': 0.005605585822522068, 'lr': 0.0006314660579593249, 'num_steps': 30, 'hidden1_size': 16, 'hidden2_size': 4, 'lam': 0.2095434812420316, 'history_length': 4}. Best is trial 10 with value: 488.035291005291.
[I 2026-05-16 13:27:36,185] Trial 30 finished with value: 361.3285714285714 and parameters: {'batch_size': 64, 'gamma': 0.9564044100498986, 'eps_start': 0.9538477676713248, 'eps_end': 0.006419783571044377, 'eps_decay': 1038, 'tau': 0.003284726775906964, 'lr': 0.0008636888141178398, 'num_steps': 20, 'hidden1_size': 64, 'hidden2_size': 32, 'lam': 0.23346876239576103, 'history_length': 8}. Best is trial 10 with value: 488.035291005291.
[I 2026-05-16 13:27:37,718] Trial 33 pruned. Constraint violated: hidden2_size > hidden1_size
[I 2026-05-16 20:58:57,181] Trial 34 finished with value: 437.14423280423284 and parameters: {'batch_size': 64, 'gamma': 0.9555768210972251, 'eps_start': 0.9433534297921088, 'eps_end': 0.005827425258619827, 'eps_decay': 1073, 'tau': 0.003522804344834315, 'lr': 0.001197768154364172, 'num_steps': 20, 'hidden1_size': 64, 'hidden2_size': 32, 'lam': 0.24038547754877612, 'history_length': 8}. Best is trial 32 with value: 493.66804232804236.
[I 2026-05-17 03:24:06,220] Trial 38 finished with value: 487.42095238095243 and parameters: {'batch_size': 64, 'gamma': 0.9650146706316696, 'eps_start': 0.9283856755351634, 'eps_end': 0.015093888877763716, 'eps_decay': 1271, 'tau': 0.003974185002872836, 'lr': 0.00012022803878949644, 'num_steps': 20, 'hidden1_size': 64, 'hidden2_size': 32, 'lam': 0.2557650672867581, 'history_length': 8}. Best is trial 32 with value: 493.66804232804236.
[I 2026-05-17 09:26:35,040] Trial 43 finished with value: 343.90111111111116 and parameters: {'batch_size': 256, 'gamma': 0.9694263148886464, 'eps_start': 0.9211913555035933, 'eps_end': 0.02402951804250473, 'eps_decay': 1522, 'tau': 0.0016512317373996773, 'lr': 0.00047301198997614844, 'num_steps': 20, 'hidden1_size': 64, 'hidden2_size': 32, 'lam': 0.1839242135052373, 'history_length': 4}. Best is trial 32 with value: 493.66804232804236.
[I 2026-05-17 15:56:37,198] Trial 47 finished with value: 351.61550264550266 and parameters: {'batch_size': 256, 'gamma': 0.9638022657648632, 'eps_start': 0.9098230165506401, 'eps_end': 0.011292843302371035, 'eps_decay': 1618, 'tau': 0.0026818328345312174, 'lr': 0.0002871255388630144, 'num_steps': 20, 'hidden1_size': 64, 'hidden2_size': 32, 'lam': 0.1440134378843444, 'history_length': 4}. Best is trial 44 with value: 495.12.
[I 2026-05-17 22:20:38,877] Trial 53 finished with value: 446.96354497354497 and parameters: {'batch_size': 64, 'gamma': 0.9779254507136715, 'eps_start': 0.9288555994590727, 'eps_end': 0.03329818791680134, 'eps_decay': 1183, 'tau': 0.007628647425584971, 'lr': 0.0002173607620920152, 'num_steps': 20, 'hidden1_size': 64, 'hidden2_size': 8, 'lam': 0.281670845180107, 'history_length': 8}. Best is trial 44 with value: 495.12.
[I 2026-05-18 02:25:39,586] Trial 56 finished with value: 189.22026455026455 and parameters: {'batch_size': 256, 'gamma': 0.9607075819323935, 'eps_start': 0.9443033274864557, 'eps_end': 0.060974829008775835, 'eps_decay': 1414, 'tau': 0.002391582700196152, 'lr': 0.00013211545636059664, 'num_steps': 20, 'hidden1_size': 64, 'hidden2_size': 32, 'lam': 0.1645637501137126, 'history_length': 8}. Best is trial 44 with value: 495.12.
[I 2026-05-18 02:25:41,417] Trial 60 pruned. Constraint violated: hidden2_size > hidden1_size
[I 2026-05-18 11:35:03,181] Trial 61 finished with value: 479.1781481481482 and parameters: {'batch_size': 64, 'gamma': 0.9716629573837648, 'eps_start': 0.9443152805299261, 'eps_end': 0.009068572062127576, 'eps_decay': 1960, 'tau': 0.0021186255403133334, 'lr': 0.0005344094267590862, 'num_steps': 20, 'hidden1_size': 64, 'hidden2_size': 32, 'lam': 0.2993236624927538, 'history_length': 8}. Best is trial 44 with value: 495.12.
[I 2026-05-18 19:52:37,806] Trial 66 finished with value: 495.16 and parameters: {'batch_size': 64, 'gamma': 0.9654536205801117, 'eps_start': 0.9086484990072481, 'eps_end': 0.008655485517919406, 'eps_decay': 1734, 'tau': 0.0037437134128245142, 'lr': 0.0003160180688287558, 'num_steps': 20, 'hidden1_size': 64, 'hidden2_size': 32, 'lam': 0.24889605457547392, 'history_length': 4}. Best is trial 66 with value: 495.16.
[I 2026-05-19 04:23:53,619] Trial 72 finished with value: 372.3384126984127 and parameters: {'batch_size': 64, 'gamma': 0.9653856213619015, 'eps_start': 0.9621847583751688, 'eps_end': 0.059482615830299984, 'eps_decay': 1767, 'tau': 0.004546466927289752, 'lr': 0.00033835337549959876, 'num_steps': 20, 'hidden1_size': 64, 'hidden2_size': 32, 'lam': 0.22613414831092576, 'history_length': 32}. Best is trial 66 with value: 495.16.
[I 2026-05-19 07:03:37,633] Trial 79 finished with value: 357.8252380952381 and parameters: {'batch_size': 256, 'gamma': 0.9608682886730336, 'eps_start': 0.9223684837570858, 'eps_end': 0.015191788490388377, 'eps_decay': 1591, 'tau': 0.0017429999713512421, 'lr': 0.00013865052678887439, 'num_steps': 10, 'hidden1_size': 64, 'hidden2_size': 8, 'lam': 0.21850932519887353, 'history_length': 4}. Best is trial 66 with value: 495.16.
[I 2026-05-19 09:57:34,959] Trial 81 finished with value: 137.58201058201058 and parameters: {'batch_size': 64, 'gamma': 0.9504457669159049, 'eps_start': 0.9370001988662188, 'eps_end': 0.02605775309790325, 'eps_decay': 1101, 'tau': 0.003487485464294512, 'lr': 0.00026046885937194847, 'num_steps': 20, 'hidden1_size': 64, 'hidden2_size': 4, 'lam': 0.20683949128286694, 'history_length': 128}. Best is trial 66 with value: 495.16.
[W 2026-05-19 15:42:34,149] Trial 84 failed with parameters: {'batch_size': 64, 'gamma': 0.9680929428931894, 'eps_start': 0.916161745873798, 'eps_end': 0.021790789145634024, 'eps_decay': 1789, 'tau': 0.005396127762596082, 'lr': 0.0002274585259661611, 'num_steps': 20, 'hidden1_size': 64, 'hidden2_size': 32, 'lam': 0.23721297771934952, 'history_length': 4} because of the following error: KeyboardInterrupt().
Traceback (most recent call last):
  File "/u/niklas2/intrinsic-memory-SNNs/venv/lib/python3.13/site-packages/optuna/study/_optimize.py", line 197, in _run_trial
    value_or_values = func(trial)
  File "/u/niklas2/intrinsic-memory-SNNs/2_training_and_simulation/train/optimize.py", line 224, in objective
    result = train(
        config=params,
    ...<3 lines>...
        optuna_trial=trial,
    )
  File "/u/niklas2/intrinsic-memory-SNNs/2_training_and_simulation/train/train_fn.py", line 295, in train
    loss = agent.optimize(batch_size=batch_size, gamma=gamma)
  File "/u/niklas2/intrinsic-memory-SNNs/2_training_and_simulation/train/dqn_agent.py", line 341, in optimize
    loss.backward()
    ~~~~~~~~~~~~~^^
  File "/u/niklas2/intrinsic-memory-SNNs/venv/lib/python3.13/site-packages/torch/_tensor.py", line 625, in backward
    torch.autograd.backward(
    ~~~~~~~~~~~~~~~~~~~~~~~^
        self, gradient, retain_graph, create_graph, inputs=inputs
        ^^^^^^^^^^^^^^^^^^^^^^^^^^^^^^^^^^^^^^^^^^^^^^^^^^^^^^^^^
    )
    ^
  File "/u/niklas2/intrinsic-memory-SNNs/venv/lib/python3.13/site-packages/torch/autograd/__init__.py", line 354, in backward
    _engine_run_backward(
    ~~~~~~~~~~~~~~~~~~~~^
        tensors,
        ^^^^^^^^
    ...<5 lines>...
        accumulate_grad=True,
        ^^^^^^^^^^^^^^^^^^^^^
    )
    ^
  File "/u/niklas2/intrinsic-memory-SNNs/venv/lib/python3.13/site-packages/torch/autograd/graph.py", line 841, in _engine_run_backward
    return Variable._execution_engine.run_backward(  # Calls into the C++ engine to run the backward pass
           ~~~~~~~~~~~~~~~~~~~~~~~~~~~~~~~~~~~~~~~^^^^^^^^^^^^^^^^^^^^^^^^^^^^^^^^^^^^^^^^^^^^^^^^^^^^^^^
        t_outputs, *args, **kwargs
        ^^^^^^^^^^^^^^^^^^^^^^^^^^
    )  # Calls into the C++ engine to run the backward pass
    ^
KeyboardInterrupt
[W 2026-05-19 15:42:34,177] Trial 84 failed with value None.
Search space loaded from: configs/search_spaces/bitshift-custom_slow_decay.yaml
Using device: cuda

Study: bitshift-custom-slow-1500
Neuron type: bitshift
Trials: 31
Storage: sqlite:///optuna_studies/bitshift-v3.db


============================================================
Trial 3: bitshift [8-4] lr=0.0036236982101242633
============================================================
  Episode 50/1500  avg(100): 20.9
  Episode 100/1500  avg(100): 98.1
  Episode 150/1500  avg(100): 162.3
  Episode 200/1500  avg(100): 121.8
  Episode 250/1500  avg(100): 94.7
  Episode 300/1500  avg(100): 95.1
  Episode 350/1500  avg(100): 86.0
  Episode 400/1500  avg(100): 56.9
  Episode 450/1500  avg(100): 60.4
  Episode 500/1500  avg(100): 102.8
  Episode 550/1500  avg(100): 110.7
  Episode 600/1500  avg(100): 116.5
  Episode 650/1500  avg(100): 139.3
  Episode 700/1500  avg(100): 140.7
  Episode 750/1500  avg(100): 199.0
  Episode 800/1500  avg(100): 217.0
  Episode 850/1500  avg(100): 225.3
  Episode 900/1500  avg(100): 376.8
  Episode 950/1500  avg(100): 355.4
  Episode 1000/1500  avg(100): 244.9
  Episode 1050/1500  avg(100): 271.2
  Episode 1100/1500  avg(100): 240.6
  Episode 1150/1500  avg(100): 156.9
  Episode 1200/1500  avg(100): 148.0
  Episode 1250/1500  avg(100): 263.7
  Episode 1300/1500  avg(100): 248.3
  Episode 1350/1500  avg(100): 140.2
  Episode 1400/1500  avg(100): 100.5
  Episode 1450/1500  avg(100): 129.2
  Episode 1500/1500  avg(100): 181.6
Trial 3 done: best_avg=376.8, final_avg=181.6, tail_iqm=158.7

============================================================
Trial 6: bitshift [32-32] lr=0.0003832585618464753
============================================================
  Episode 50/1500  avg(100): 16.6
  Episode 100/1500  avg(100): 34.6
  Episode 150/1500  avg(100): 90.3
  Episode 200/1500  avg(100): 147.7
  Episode 250/1500  avg(100): 115.2
  Episode 300/1500  avg(100): 53.4
  Episode 350/1500  avg(100): 56.8
  Episode 400/1500  avg(100): 84.5
  Episode 450/1500  avg(100): 99.4
  Episode 500/1500  avg(100): 102.2
  Episode 550/1500  avg(100): 116.1
  Episode 600/1500  avg(100): 118.2
  Episode 650/1500  avg(100): 285.2
  Episode 700/1500  avg(100): 468.2
  Episode 750/1500  avg(100): 365.7
  Episode 800/1500  avg(100): 325.5
  Episode 850/1500  avg(100): 362.9
  Episode 900/1500  avg(100): 245.0
  Episode 950/1500  avg(100): 247.2
  Episode 1000/1500  avg(100): 399.1
  Episode 1050/1500  avg(100): 375.6
  Episode 1100/1500  avg(100): 264.0
  Episode 1150/1500  avg(100): 230.4
  Episode 1200/1500  avg(100): 209.9
  Episode 1250/1500  avg(100): 225.1
  Episode 1300/1500  avg(100): 266.8
  Episode 1350/1500  avg(100): 269.3
  Episode 1400/1500  avg(100): 295.4
  Episode 1450/1500  avg(100): 363.2
  Episode 1500/1500  avg(100): 363.8
Trial 6 done: best_avg=468.2, final_avg=363.8, tail_iqm=258.4

============================================================
Trial 11: bitshift [16-4] lr=0.00010126970336623394
============================================================
  Episode 50/1500  avg(100): 17.5
  Episode 100/1500  avg(100): 16.5
  Episode 150/1500  avg(100): 13.8
  Episode 200/1500  avg(100): 11.8
  Episode 250/1500  avg(100): 11.4
  Episode 300/1500  avg(100): 11.1
  Episode 350/1500  avg(100): 10.6
  Episode 400/1500  avg(100): 10.3
  Episode 450/1500  avg(100): 10.2
  Episode 500/1500  avg(100): 9.9
  Episode 550/1500  avg(100): 9.7
  Episode 600/1500  avg(100): 9.8
  Episode 650/1500  avg(100): 9.8
  Episode 700/1500  avg(100): 9.7
  Episode 750/1500  avg(100): 9.9
  Episode 800/1500  avg(100): 12.4
  Episode 850/1500  avg(100): 18.5
  Episode 900/1500  avg(100): 22.3
  Episode 950/1500  avg(100): 22.4
  Episode 1000/1500  avg(100): 22.5
  Episode 1050/1500  avg(100): 23.3
  Episode 1100/1500  avg(100): 24.3
  Episode 1150/1500  avg(100): 24.6
  Episode 1200/1500  avg(100): 24.8
  Episode 1250/1500  avg(100): 24.6
  Episode 1300/1500  avg(100): 24.7
  Episode 1350/1500  avg(100): 25.7
  Episode 1400/1500  avg(100): 24.7
  Episode 1450/1500  avg(100): 23.0
  Episode 1500/1500  avg(100): 25.1
Trial 11 done: best_avg=25.7, final_avg=25.1, tail_iqm=24.7

============================================================
Trial 14: bitshift [16-4] lr=0.005139455025249042
============================================================
  Episode 50/1500  avg(100): 19.3
  Episode 100/1500  avg(100): 51.3
  Episode 150/1500  avg(100): 53.6
  Episode 200/1500  avg(100): 27.0
  Episode 250/1500  avg(100): 66.1
  Episode 300/1500  avg(100): 96.0
  Episode 350/1500  avg(100): 79.3
  Episode 400/1500  avg(100): 62.7
  Episode 450/1500  avg(100): 51.5
  Episode 500/1500  avg(100): 43.6
  Episode 550/1500  avg(100): 77.9
  Episode 600/1500  avg(100): 111.5
  Episode 650/1500  avg(100): 106.3
  Episode 700/1500  avg(100): 78.3
  Episode 750/1500  avg(100): 38.5
  Episode 800/1500  avg(100): 39.3
  Episode 850/1500  avg(100): 59.0
  Episode 900/1500  avg(100): 67.3
  Episode 950/1500  avg(100): 64.6
  Episode 1000/1500  avg(100): 59.9
  Episode 1050/1500  avg(100): 47.7
  Episode 1100/1500  avg(100): 31.7
  Episode 1150/1500  avg(100): 30.6
  Episode 1200/1500  avg(100): 42.9
  Episode 1250/1500  avg(100): 83.0
  Episode 1300/1500  avg(100): 123.1
  Episode 1350/1500  avg(100): 101.8
  Episode 1400/1500  avg(100): 72.5
  Episode 1450/1500  avg(100): 68.3
  Episode 1500/1500  avg(100): 79.2
Trial 14 done: best_avg=128.6, final_avg=79.2, tail_iqm=72.3

============================================================
Trial 16: bitshift [16-16] lr=0.0017798752896700633
============================================================
  Episode 50/1500  avg(100): 36.8
  Episode 100/1500  avg(100): 108.9
  Episode 150/1500  avg(100): 143.9
  Episode 200/1500  avg(100): 83.1
  Episode 250/1500  avg(100): 110.1
  Episode 300/1500  avg(100): 140.1
  Episode 350/1500  avg(100): 126.1
  Episode 400/1500  avg(100): 151.1
  Episode 450/1500  avg(100): 232.7
  Episode 500/1500  avg(100): 369.4
  Episode 550/1500  avg(100): 452.5
  Episode 600/1500  avg(100): 380.7
  Episode 650/1500  avg(100): 332.1
  Episode 700/1500  avg(100): 288.4
  Episode 750/1500  avg(100): 132.2
  Episode 800/1500  avg(100): 116.5
  Episode 850/1500  avg(100): 171.0
  Episode 900/1500  avg(100): 230.6
  Episode 950/1500  avg(100): 199.3
  Episode 1000/1500  avg(100): 135.9
  Episode 1050/1500  avg(100): 229.9
  Episode 1100/1500  avg(100): 335.3
  Episode 1150/1500  avg(100): 369.6
  Episode 1200/1500  avg(100): 306.5
  Episode 1250/1500  avg(100): 245.5
  Episode 1300/1500  avg(100): 199.0
  Episode 1350/1500  avg(100): 277.4
  Episode 1400/1500  avg(100): 323.3
  Episode 1450/1500  avg(100): 240.0
  Episode 1500/1500  avg(100): 259.3
Trial 16 done: best_avg=452.5, final_avg=259.3, tail_iqm=265.2

============================================================
Trial 24: bitshift [16-4] lr=0.0006314660579593249
============================================================
  Episode 50/1500  avg(100): 17.4
  Episode 100/1500  avg(100): 17.5
  Episode 150/1500  avg(100): 35.6
  Episode 200/1500  avg(100): 86.4
  Episode 250/1500  avg(100): 129.1
  Episode 300/1500  avg(100): 143.2
  Episode 350/1500  avg(100): 179.1
  Episode 400/1500  avg(100): 149.3
  Episode 450/1500  avg(100): 72.2
  Episode 500/1500  avg(100): 143.4
  Episode 550/1500  avg(100): 252.1
  Episode 600/1500  avg(100): 142.1
  Episode 650/1500  avg(100): 9.8
  Episode 700/1500  avg(100): 9.5
  Episode 750/1500  avg(100): 9.4
  Episode 800/1500  avg(100): 13.4
  Episode 850/1500  avg(100): 16.4
  Episode 900/1500  avg(100): 113.7
  Episode 950/1500  avg(100): 293.4
  Episode 1000/1500  avg(100): 334.6
  Episode 1050/1500  avg(100): 285.8
  Episode 1100/1500  avg(100): 250.5
  Episode 1150/1500  avg(100): 207.2
  Episode 1200/1500  avg(100): 238.5
  Episode 1250/1500  avg(100): 249.3
  Episode 1300/1500  avg(100): 168.6
  Episode 1350/1500  avg(100): 212.8
  Episode 1400/1500  avg(100): 315.0
  Episode 1450/1500  avg(100): 299.2
  Episode 1500/1500  avg(100): 268.3
Trial 24 done: best_avg=373.7, final_avg=268.3, tail_iqm=243.2

============================================================
Trial 30: bitshift [64-32] lr=0.0008636888141178398
============================================================
  Episode 50/1500  avg(100): 15.5
  Episode 100/1500  avg(100): 21.6
  Episode 150/1500  avg(100): 118.7
  Episode 200/1500  avg(100): 212.4
  Episode 250/1500  avg(100): 203.2
  Episode 300/1500  avg(100): 180.8
  Episode 350/1500  avg(100): 162.3
  Episode 400/1500  avg(100): 179.3
  Episode 450/1500  avg(100): 212.6
  Episode 500/1500  avg(100): 257.3
  Episode 550/1500  avg(100): 290.5
  Episode 600/1500  avg(100): 325.0
  Episode 650/1500  avg(100): 318.3
  Episode 700/1500  avg(100): 287.4
  Episode 750/1500  avg(100): 379.7
  Episode 800/1500  avg(100): 466.1
  Episode 850/1500  avg(100): 475.5
  Episode 900/1500  avg(100): 329.3
  Episode 950/1500  avg(100): 150.0
  Episode 1000/1500  avg(100): 115.2
  Episode 1050/1500  avg(100): 166.1
  Episode 1100/1500  avg(100): 288.8
  Episode 1150/1500  avg(100): 365.3
  Episode 1200/1500  avg(100): 359.8
  Episode 1250/1500  avg(100): 278.6
  Episode 1300/1500  avg(100): 337.0
  Episode 1350/1500  avg(100): 479.2
  Episode 1400/1500  avg(100): 492.9
  Episode 1450/1500  avg(100): 349.6
  Episode 1500/1500  avg(100): 190.7
Trial 30 done: best_avg=497.9, final_avg=190.7, tail_iqm=366.2

============================================================
Trial 34: bitshift [64-32] lr=0.001197768154364172
============================================================
  Episode 50/1500  avg(100): 15.1
  Episode 100/1500  avg(100): 41.9
  Episode 150/1500  avg(100): 109.9
  Episode 200/1500  avg(100): 150.4
  Episode 250/1500  avg(100): 179.0
  Episode 300/1500  avg(100): 221.1
  Episode 350/1500  avg(100): 193.6
  Episode 400/1500  avg(100): 191.2
  Episode 450/1500  avg(100): 207.1
  Episode 500/1500  avg(100): 207.8
  Episode 550/1500  avg(100): 275.2
  Episode 600/1500  avg(100): 305.6
  Episode 650/1500  avg(100): 298.2
  Episode 700/1500  avg(100): 379.7
  Episode 750/1500  avg(100): 392.9
  Episode 800/1500  avg(100): 376.7
  Episode 850/1500  avg(100): 444.1
  Episode 900/1500  avg(100): 392.2
  Episode 950/1500  avg(100): 312.8
  Episode 1000/1500  avg(100): 317.9
  Episode 1050/1500  avg(100): 252.1
  Episode 1100/1500  avg(100): 266.8
  Episode 1150/1500  avg(100): 361.1
  Episode 1200/1500  avg(100): 352.8
  Episode 1250/1500  avg(100): 384.3
  Episode 1300/1500  avg(100): 449.8
  Episode 1350/1500  avg(100): 478.9
  Episode 1400/1500  avg(100): 488.9
  Episode 1450/1500  avg(100): 488.4
  Episode 1500/1500  avg(100): 492.3
Trial 34 done: best_avg=492.6, final_avg=492.3, tail_iqm=442.0
  -> Converged at episode: 1341

============================================================
Trial 38: bitshift [64-32] lr=0.00012022803878949644
============================================================
  Episode 50/1500  avg(100): 16.7
  Episode 100/1500  avg(100): 14.1
  Episode 150/1500  avg(100): 11.1
  Episode 200/1500  avg(100): 11.6
  Episode 250/1500  avg(100): 12.9
  Episode 300/1500  avg(100): 12.9
  Episode 350/1500  avg(100): 13.6
  Episode 400/1500  avg(100): 32.1
  Episode 450/1500  avg(100): 97.1
  Episode 500/1500  avg(100): 145.1
  Episode 550/1500  avg(100): 141.4
  Episode 600/1500  avg(100): 146.9
  Episode 650/1500  avg(100): 157.5
  Episode 700/1500  avg(100): 161.9
  Episode 750/1500  avg(100): 160.2
  Episode 800/1500  avg(100): 171.8
  Episode 850/1500  avg(100): 205.2
  Episode 900/1500  avg(100): 342.2
  Episode 950/1500  avg(100): 481.1
  Episode 1000/1500  avg(100): 500.0
  Episode 1050/1500  avg(100): 446.8
  Episode 1100/1500  avg(100): 438.9
  Episode 1150/1500  avg(100): 492.0
  Episode 1200/1500  avg(100): 497.8
  Episode 1250/1500  avg(100): 497.9
  Episode 1300/1500  avg(100): 499.0
  Episode 1350/1500  avg(100): 489.9
  Episode 1400/1500  avg(100): 467.3
  Episode 1450/1500  avg(100): 476.4
  Episode 1500/1500  avg(100): 499.9
Trial 38 done: best_avg=500.0, final_avg=499.9, tail_iqm=492.3
  -> Converged at episode: 1446

============================================================
Trial 43: bitshift [64-32] lr=0.00047301198997614844
============================================================
  Episode 50/1500  avg(100): 15.4
  Episode 100/1500  avg(100): 13.7
  Episode 150/1500  avg(100): 12.6
  Episode 200/1500  avg(100): 17.5
  Episode 250/1500  avg(100): 75.9
  Episode 300/1500  avg(100): 184.9
  Episode 350/1500  avg(100): 164.4
  Episode 400/1500  avg(100): 119.6
  Episode 450/1500  avg(100): 142.6
  Episode 500/1500  avg(100): 157.9
  Episode 550/1500  avg(100): 182.9
  Episode 600/1500  avg(100): 258.0
  Episode 650/1500  avg(100): 358.2
  Episode 700/1500  avg(100): 392.2
  Episode 750/1500  avg(100): 356.9
  Episode 800/1500  avg(100): 355.5
  Episode 850/1500  avg(100): 375.8
  Episode 900/1500  avg(100): 349.5
  Episode 950/1500  avg(100): 373.2
  Episode 1000/1500  avg(100): 388.6
  Episode 1050/1500  avg(100): 193.4
  Episode 1100/1500  avg(100): 24.8
  Episode 1150/1500  avg(100): 241.9
  Episode 1200/1500  avg(100): 469.9
  Episode 1250/1500  avg(100): 493.5
  Episode 1300/1500  avg(100): 468.4
  Episode 1350/1500  avg(100): 367.8
  Episode 1400/1500  avg(100): 258.1
  Episode 1450/1500  avg(100): 219.0
  Episode 1500/1500  avg(100): 213.0
Trial 43 done: best_avg=493.5, final_avg=213.0, tail_iqm=348.7

============================================================
Trial 47: bitshift [64-32] lr=0.0002871255388630144
============================================================
  Episode 50/1500  avg(100): 16.4
  Episode 100/1500  avg(100): 15.3
  Episode 150/1500  avg(100): 15.3
  Episode 200/1500  avg(100): 65.0
  Episode 250/1500  avg(100): 116.8
  Episode 300/1500  avg(100): 140.1
  Episode 350/1500  avg(100): 176.9
  Episode 400/1500  avg(100): 193.2
  Episode 450/1500  avg(100): 164.3
  Episode 500/1500  avg(100): 152.3
  Episode 550/1500  avg(100): 217.0
  Episode 600/1500  avg(100): 338.1
  Episode 650/1500  avg(100): 373.9
  Episode 700/1500  avg(100): 306.6
  Episode 750/1500  avg(100): 287.4
  Episode 800/1500  avg(100): 356.1
  Episode 850/1500  avg(100): 419.9
  Episode 900/1500  avg(100): 322.4
  Episode 950/1500  avg(100): 248.9
  Episode 1000/1500  avg(100): 297.8
  Episode 1050/1500  avg(100): 309.8
  Episode 1100/1500  avg(100): 305.2
  Episode 1150/1500  avg(100): 312.2
  Episode 1200/1500  avg(100): 281.9
  Episode 1250/1500  avg(100): 276.0
  Episode 1300/1500  avg(100): 334.8
  Episode 1350/1500  avg(100): 401.8
  Episode 1400/1500  avg(100): 416.3
  Episode 1450/1500  avg(100): 419.7
  Episode 1500/1500  avg(100): 408.3
Trial 47 done: best_avg=432.3, final_avg=408.3, tail_iqm=356.5

============================================================
Trial 53: bitshift [64-8] lr=0.0002173607620920152
============================================================
  Episode 50/1500  avg(100): 16.3
  Episode 100/1500  avg(100): 14.4
  Episode 150/1500  avg(100): 12.3
  Episode 200/1500  avg(100): 13.3
  Episode 250/1500  avg(100): 23.4
  Episode 300/1500  avg(100): 47.9
  Episode 350/1500  avg(100): 54.4
  Episode 400/1500  avg(100): 60.9
  Episode 450/1500  avg(100): 81.4
  Episode 500/1500  avg(100): 103.9
  Episode 550/1500  avg(100): 143.8
  Episode 600/1500  avg(100): 177.3
  Episode 650/1500  avg(100): 184.2
  Episode 700/1500  avg(100): 234.6
  Episode 750/1500  avg(100): 343.3
  Episode 800/1500  avg(100): 327.0
  Episode 850/1500  avg(100): 255.8
  Episode 900/1500  avg(100): 365.6
  Episode 950/1500  avg(100): 454.3
  Episode 1000/1500  avg(100): 374.1
  Episode 1050/1500  avg(100): 354.6
  Episode 1100/1500  avg(100): 417.6
  Episode 1150/1500  avg(100): 456.4
  Episode 1200/1500  avg(100): 480.6
  Episode 1250/1500  avg(100): 472.7
  Episode 1300/1500  avg(100): 420.1
  Episode 1350/1500  avg(100): 394.6
  Episode 1400/1500  avg(100): 431.0
  Episode 1450/1500  avg(100): 469.9
  Episode 1500/1500  avg(100): 449.8
Trial 53 done: best_avg=485.5, final_avg=449.8, tail_iqm=450.6

============================================================
Trial 56: bitshift [64-32] lr=0.00013211545636059664
============================================================
  Episode 50/1500  avg(100): 18.1
  Episode 100/1500  avg(100): 15.6
  Episode 150/1500  avg(100): 13.2
  Episode 200/1500  avg(100): 14.5
  Episode 250/1500  avg(100): 18.6
  Episode 300/1500  avg(100): 15.9
  Episode 350/1500  avg(100): 19.6
  Episode 400/1500  avg(100): 104.9
  Episode 450/1500  avg(100): 182.1
  Episode 500/1500  avg(100): 186.0
  Episode 550/1500  avg(100): 194.4
  Episode 600/1500  avg(100): 230.6
  Episode 650/1500  avg(100): 318.4
  Episode 700/1500  avg(100): 331.1
  Episode 750/1500  avg(100): 327.1
  Episode 800/1500  avg(100): 275.3
  Episode 850/1500  avg(100): 204.1
  Episode 900/1500  avg(100): 211.3
  Episode 950/1500  avg(100): 177.6
  Episode 1000/1500  avg(100): 142.0
  Episode 1050/1500  avg(100): 117.5
  Episode 1100/1500  avg(100): 168.5
  Episode 1150/1500  avg(100): 208.1
  Episode 1200/1500  avg(100): 195.4
  Episode 1250/1500  avg(100): 193.9
  Episode 1300/1500  avg(100): 191.8
  Episode 1350/1500  avg(100): 196.9
  Episode 1400/1500  avg(100): 184.0
  Episode 1450/1500  avg(100): 186.1
  Episode 1500/1500  avg(100): 202.9
Trial 56 done: best_avg=365.6, final_avg=202.9, tail_iqm=194.1

============================================================
Trial 61: bitshift [64-32] lr=0.0005344094267590862
============================================================
  Episode 50/1500  avg(100): 18.4
  Episode 100/1500  avg(100): 16.6
  Episode 150/1500  avg(100): 23.0
  Episode 200/1500  avg(100): 115.7
  Episode 250/1500  avg(100): 228.3
  Episode 300/1500  avg(100): 228.5
  Episode 350/1500  avg(100): 160.4
  Episode 400/1500  avg(100): 136.2
  Episode 450/1500  avg(100): 225.6
  Episode 500/1500  avg(100): 375.1
  Episode 550/1500  avg(100): 475.1
  Episode 600/1500  avg(100): 457.8
  Episode 650/1500  avg(100): 454.7
  Episode 700/1500  avg(100): 496.3
  Episode 750/1500  avg(100): 500.0
  Episode 800/1500  avg(100): 500.0
  Episode 850/1500  avg(100): 500.0
  Episode 900/1500  avg(100): 500.0
  Episode 950/1500  avg(100): 376.9
  Episode 1000/1500  avg(100): 318.0
  Episode 1050/1500  avg(100): 441.1
  Episode 1100/1500  avg(100): 500.0
  Episode 1150/1500  avg(100): 500.0
  Episode 1200/1500  avg(100): 490.3
  Episode 1250/1500  avg(100): 481.0
  Episode 1300/1500  avg(100): 472.4
  Episode 1350/1500  avg(100): 480.2
  Episode 1400/1500  avg(100): 484.4
  Episode 1450/1500  avg(100): 482.6
  Episode 1500/1500  avg(100): 477.7
Trial 61 done: best_avg=500.0, final_avg=477.7, tail_iqm=484.1
  -> Converged at episode: 1499

============================================================
Trial 66: bitshift [64-32] lr=0.0003160180688287558
============================================================
  Episode 50/1500  avg(100): 18.7
  Episode 100/1500  avg(100): 16.2
  Episode 150/1500  avg(100): 16.0
  Episode 200/1500  avg(100): 101.4
  Episode 250/1500  avg(100): 186.2
  Episode 300/1500  avg(100): 200.7
  Episode 350/1500  avg(100): 228.8
  Episode 400/1500  avg(100): 238.5
  Episode 450/1500  avg(100): 304.9
  Episode 500/1500  avg(100): 312.0
  Episode 550/1500  avg(100): 271.6
  Episode 600/1500  avg(100): 365.0
  Episode 650/1500  avg(100): 376.0
  Episode 700/1500  avg(100): 328.3
  Episode 750/1500  avg(100): 419.2
  Episode 800/1500  avg(100): 416.7
  Episode 850/1500  avg(100): 311.4
  Episode 900/1500  avg(100): 274.0
  Episode 950/1500  avg(100): 256.1
  Episode 1000/1500  avg(100): 271.4
  Episode 1050/1500  avg(100): 386.9
  Episode 1100/1500  avg(100): 492.3
  Episode 1150/1500  avg(100): 500.0
  Episode 1200/1500  avg(100): 500.0
  Episode 1250/1500  avg(100): 500.0
  Episode 1300/1500  avg(100): 500.0
  Episode 1350/1500  avg(100): 500.0
  Episode 1400/1500  avg(100): 500.0
  Episode 1450/1500  avg(100): 500.0
  Episode 1500/1500  avg(100): 500.0
Trial 66 done: best_avg=500.0, final_avg=500.0, tail_iqm=500.0
  -> Converged at episode: 1089

============================================================
Trial 72: bitshift [64-32] lr=0.00033835337549959876
============================================================
  Episode 50/1500  avg(100): 16.9
  Episode 100/1500  avg(100): 23.8
  Episode 150/1500  avg(100): 119.9
  Episode 200/1500  avg(100): 218.7
  Episode 250/1500  avg(100): 277.1
  Episode 300/1500  avg(100): 301.5
  Episode 350/1500  avg(100): 287.9
  Episode 400/1500  avg(100): 395.5
  Episode 450/1500  avg(100): 462.2
  Episode 500/1500  avg(100): 445.8
  Episode 550/1500  avg(100): 428.3
  Episode 600/1500  avg(100): 438.0
  Episode 650/1500  avg(100): 463.5
  Episode 700/1500  avg(100): 413.1
  Episode 750/1500  avg(100): 380.4
  Episode 800/1500  avg(100): 294.4
  Episode 850/1500  avg(100): 289.3
  Episode 900/1500  avg(100): 412.6
  Episode 950/1500  avg(100): 462.7
  Episode 1000/1500  avg(100): 394.1
  Episode 1050/1500  avg(100): 331.4
  Episode 1100/1500  avg(100): 368.3
  Episode 1150/1500  avg(100): 400.5
  Episode 1200/1500  avg(100): 335.7
  Episode 1250/1500  avg(100): 275.6
  Episode 1300/1500  avg(100): 332.8
  Episode 1350/1500  avg(100): 407.9
  Episode 1400/1500  avg(100): 442.4
  Episode 1450/1500  avg(100): 410.4
  Episode 1500/1500  avg(100): 354.4
Trial 72 done: best_avg=490.2, final_avg=354.4, tail_iqm=377.5

============================================================
Trial 79: bitshift [64-8] lr=0.00013865052678887439
============================================================
  Episode 50/1500  avg(100): 17.2
  Episode 100/1500  avg(100): 15.2
  Episode 150/1500  avg(100): 12.2
  Episode 200/1500  avg(100): 10.8
  Episode 250/1500  avg(100): 10.9
  Episode 300/1500  avg(100): 12.9
  Episode 350/1500  avg(100): 15.4
  Episode 400/1500  avg(100): 18.3
  Episode 450/1500  avg(100): 24.7
  Episode 500/1500  avg(100): 64.9
  Episode 550/1500  avg(100): 118.3
  Episode 600/1500  avg(100): 134.4
  Episode 650/1500  avg(100): 130.6
  Episode 700/1500  avg(100): 126.3
  Episode 750/1500  avg(100): 125.8
  Episode 800/1500  avg(100): 125.5
  Episode 850/1500  avg(100): 124.0
  Episode 900/1500  avg(100): 128.3
  Episode 950/1500  avg(100): 129.2
  Episode 1000/1500  avg(100): 141.3
  Episode 1050/1500  avg(100): 288.5
  Episode 1100/1500  avg(100): 295.9
  Episode 1150/1500  avg(100): 253.2
  Episode 1200/1500  avg(100): 348.2
  Episode 1250/1500  avg(100): 382.5
  Episode 1300/1500  avg(100): 376.8
  Episode 1350/1500  avg(100): 418.0
  Episode 1400/1500  avg(100): 440.2
  Episode 1450/1500  avg(100): 289.9
  Episode 1500/1500  avg(100): 272.9
Trial 79 done: best_avg=448.9, final_avg=272.9, tail_iqm=361.5

============================================================
Trial 81: bitshift [64-4] lr=0.00026046885937194847
============================================================
  Episode 50/1500  avg(100): 17.3
  Episode 100/1500  avg(100): 15.2
  Episode 150/1500  avg(100): 13.8
  Episode 200/1500  avg(100): 17.6
  Episode 250/1500  avg(100): 15.1
  Episode 300/1500  avg(100): 9.5
  Episode 350/1500  avg(100): 10.3
  Episode 400/1500  avg(100): 27.3
  Episode 450/1500  avg(100): 102.8
  Episode 500/1500  avg(100): 149.0
  Episode 550/1500  avg(100): 144.9
  Episode 600/1500  avg(100): 157.3
  Episode 650/1500  avg(100): 160.7
  Episode 700/1500  avg(100): 165.1
  Episode 750/1500  avg(100): 161.4
  Episode 800/1500  avg(100): 160.8
  Episode 850/1500  avg(100): 159.1
  Episode 900/1500  avg(100): 151.4
  Episode 950/1500  avg(100): 153.1
  Episode 1000/1500  avg(100): 150.9
  Episode 1050/1500  avg(100): 148.3
  Episode 1100/1500  avg(100): 146.4
  Episode 1150/1500  avg(100): 143.6
  Episode 1200/1500  avg(100): 141.7
  Episode 1250/1500  avg(100): 142.0
  Episode 1300/1500  avg(100): 145.1
  Episode 1350/1500  avg(100): 147.6
  Episode 1400/1500  avg(100): 142.6
  Episode 1450/1500  avg(100): 132.3
  Episode 1500/1500  avg(100): 123.6
Trial 81 done: best_avg=165.5, final_avg=123.6, tail_iqm=142.3

============================================================
Trial 84: bitshift [64-32] lr=0.0002274585259661611
============================================================
  Episode 50/1500  avg(100): 18.3
  Episode 100/1500  avg(100): 16.6
  Episode 150/1500  avg(100): 17.4
  Episode 200/1500  avg(100): 51.8
  Episode 250/1500  avg(100): 86.7
  Episode 300/1500  avg(100): 93.4
  Episode 350/1500  avg(100): 103.9
  Episode 400/1500  avg(100): 129.4
  Episode 450/1500  avg(100): 114.9
  Episode 500/1500  avg(100): 49.2
  Episode 550/1500  avg(100): 63.4
  Episode 600/1500  avg(100): 145.6
  Episode 650/1500  avg(100): 209.3
  Episode 700/1500  avg(100): 290.4
  Episode 750/1500  avg(100): 409.1
  Episode 800/1500  avg(100): 405.8
  Episode 850/1500  avg(100): 307.4
  Episode 900/1500  avg(100): 316.4
  Episode 950/1500  avg(100): 379.4
  Episode 1000/1500  avg(100): 356.1
  Episode 1050/1500  avg(100): 228.4
  Episode 1100/1500  avg(100): 273.2
  Episode 1150/1500  avg(100): 305.6
  Episode 1200/1500  avg(100): 207.1
  Episode 1250/1500  avg(100): 265.8
  Episode 1300/1500  avg(100): 392.7
  Episode 1350/1500  avg(100): 420.4
  Episode 1400/1500  avg(100): 423.8
  Episode 1450/1500  avg(100): 442.1
Traceback (most recent call last):
  File "/u/niklas2/intrinsic-memory-SNNs/2_training_and_simulation/train/optimize.py", line 664, in <module>
    main()
    ~~~~^^
  File "/u/niklas2/intrinsic-memory-SNNs/2_training_and_simulation/train/optimize.py", line 623, in main
    study.optimize(objective, n_trials=args.n_trials)
    ~~~~~~~~~~~~~~^^^^^^^^^^^^^^^^^^^^^^^^^^^^^^^^^^^
  File "/u/niklas2/intrinsic-memory-SNNs/venv/lib/python3.13/site-packages/optuna/study/study.py", line 475, in optimize
    _optimize(
    ~~~~~~~~~^
        study=self,
        ^^^^^^^^^^^
    ...<7 lines>...
        show_progress_bar=show_progress_bar,
        ^^^^^^^^^^^^^^^^^^^^^^^^^^^^^^^^^^^^
    )
    ^
  File "/u/niklas2/intrinsic-memory-SNNs/venv/lib/python3.13/site-packages/optuna/study/_optimize.py", line 63, in _optimize
    _optimize_sequential(
    ~~~~~~~~~~~~~~~~~~~~^
        study,
        ^^^^^^
    ...<8 lines>...
        progress_bar=progress_bar,
        ^^^^^^^^^^^^^^^^^^^^^^^^^^
    )
    ^
  File "/u/niklas2/intrinsic-memory-SNNs/venv/lib/python3.13/site-packages/optuna/study/_optimize.py", line 160, in _optimize_sequential
    frozen_trial = _run_trial(study, func, catch)
  File "/u/niklas2/intrinsic-memory-SNNs/venv/lib/python3.13/site-packages/optuna/study/_optimize.py", line 248, in _run_trial
    raise func_err
  File "/u/niklas2/intrinsic-memory-SNNs/venv/lib/python3.13/site-packages/optuna/study/_optimize.py", line 197, in _run_trial
    value_or_values = func(trial)
  File "/u/niklas2/intrinsic-memory-SNNs/2_training_and_simulation/train/optimize.py", line 224, in objective
    result = train(
        config=params,
    ...<3 lines>...
        optuna_trial=trial,
    )
  File "/u/niklas2/intrinsic-memory-SNNs/2_training_and_simulation/train/train_fn.py", line 295, in train
    loss = agent.optimize(batch_size=batch_size, gamma=gamma)
  File "/u/niklas2/intrinsic-memory-SNNs/2_training_and_simulation/train/dqn_agent.py", line 341, in optimize
    loss.backward()
    ~~~~~~~~~~~~~^^
  File "/u/niklas2/intrinsic-memory-SNNs/venv/lib/python3.13/site-packages/torch/_tensor.py", line 625, in backward
    torch.autograd.backward(
    ~~~~~~~~~~~~~~~~~~~~~~~^
        self, gradient, retain_graph, create_graph, inputs=inputs
        ^^^^^^^^^^^^^^^^^^^^^^^^^^^^^^^^^^^^^^^^^^^^^^^^^^^^^^^^^
    )
    ^
  File "/u/niklas2/intrinsic-memory-SNNs/venv/lib/python3.13/site-packages/torch/autograd/__init__.py", line 354, in backward
    _engine_run_backward(
    ~~~~~~~~~~~~~~~~~~~~^
        tensors,
        ^^^^^^^^
    ...<5 lines>...
        accumulate_grad=True,
        ^^^^^^^^^^^^^^^^^^^^^
    )
    ^
  File "/u/niklas2/intrinsic-memory-SNNs/venv/lib/python3.13/site-packages/torch/autograd/graph.py", line 841, in _engine_run_backward
    return Variable._execution_engine.run_backward(  # Calls into the C++ engine to run the backward pass
           ~~~~~~~~~~~~~~~~~~~~~~~~~~~~~~~~~~~~~~~^^^^^^^^^^^^^^^^^^^^^^^^^^^^^^^^^^^^^^^^^^^^^^^^^^^^^^^
        t_outputs, *args, **kwargs
        ^^^^^^^^^^^^^^^^^^^^^^^^^^
    )  # Calls into the C++ engine to run the backward pass
    ^
KeyboardInterrupt
