Multi-seed training for: fractional-32-8-8
  device       : cpu
  num_seeds    : 1
  base_seed    : 45
  num_episodes : 1500
  output_dir   : metrics/multi-seed/fractional-32-8-8/_workers/seed45

============================================================
Seed 45 (1/1)
============================================================
  Episode 50/1500  avg(100): 17.9
  Episode 100/1500  avg(100): 15.6
  Episode 150/1500  avg(100): 14.6
  Episode 200/1500  avg(100): 22.4
  Episode 250/1500  avg(100): 59.3
  Episode 300/1500  avg(100): 107.3
  Episode 350/1500  avg(100): 131.3
  Episode 400/1500  avg(100): 171.5
  Episode 450/1500  avg(100): 183.9
  Episode 500/1500  avg(100): 132.5
  Episode 550/1500  avg(100): 114.5
  Episode 600/1500  avg(100): 140.2
  Episode 650/1500  avg(100): 163.9
  Episode 700/1500  avg(100): 227.3
  Episode 750/1500  avg(100): 244.1
  Episode 800/1500  avg(100): 353.5
  Episode 850/1500  avg(100): 500.0
  Episode 900/1500  avg(100): 500.0
  Episode 950/1500  avg(100): 500.0
  Episode 1000/1500  avg(100): 500.0
  Episode 1050/1500  avg(100): 500.0
  Episode 1100/1500  avg(100): 496.3
  Episode 1150/1500  avg(100): 402.1
  Episode 1200/1500  avg(100): 358.4
  Episode 1250/1500  avg(100): 255.4
  Episode 1300/1500  avg(100): 79.5
  Episode 1350/1500  avg(100): 166.8
  Episode 1400/1500  avg(100): 235.8
  Episode 1450/1500  avg(100): 138.5
  Episode 1500/1500  avg(100): 99.2
Model saved to models/fractional-32-8-8-seed45-final.pth
  per-episode CSV streamed to: metrics/multi-seed/fractional-32-8-8/_workers/seed45/fractional-32-8-8-seed45.csv

Summary CSV: metrics/multi-seed/fractional-32-8-8/_workers/seed45/fractional-32-8-8-summary.csv

Results across 1 seeds:
  solved (final_avg >= 475) : 0/1 seeds
  final_avg_reward  : 99.20 ± 0.00  (primary metric: CartPole-v1 standard)
  best_avg_reward   : 500.00 ± 0.00
  tail_iqm_reward   : 206.63 ± 0.00  (diagnostic: matches Optuna selection metric)
  convergence_ep    : never reached threshold in any seed

Robust reporting (final_avg_reward across seeds, 95% bootstrap CI):
  IQM   : 99.20  [95% CI: 99.20, 99.20]
  Mean  : 99.20  [95% CI: 99.20, 99.20]
  (note: with N < 10, bootstrap CIs and IQM are necessarily wide; per Colas et al. 2018 consider increasing --num-seeds.)
