[I 2026-05-15 08:14:12,977] Using an existing study with name 'fractional-1500' instead of creating a new one.
[I 2026-05-15 08:14:13,811] Trial 0 pruned. Constraint violated: hidden2_size > hidden1_size
[I 2026-05-15 10:11:18,093] Trial 4 finished with value: 50.85756613756614 and parameters: {'batch_size': 256, 'gamma': 0.9847320739365414, 'eps_start': 0.8789717041159885, 'eps_end': 0.08026063523833521, 'eps_decay': 2276, 'tau': 0.004876318107017944, 'lr': 0.0017612719820731563, 'num_steps': 20, 'hidden1_size': 64, 'hidden2_size': 16, 'lam': 0.08041927585933968, 'history_length': 64}. Best is trial 4 with value: 50.85756613756614.
[I 2026-05-15 14:25:38,543] Trial 6 finished with value: 169.00962962962964 and parameters: {'batch_size': 64, 'gamma': 0.9701534989871938, 'eps_start': 0.9670806273086905, 'eps_end': 0.09126396329465296, 'eps_decay': 2935, 'tau': 0.008614927634105835, 'lr': 0.004042758620292669, 'num_steps': 30, 'hidden1_size': 16, 'hidden2_size': 8, 'lam': 0.1340980003789477, 'history_length': 8}. Best is trial 3 with value: 259.12465608465607.
[I 2026-05-15 17:50:46,711] Trial 11 finished with value: 340.31396825396826 and parameters: {'batch_size': 64, 'gamma': 0.9657010325494562, 'eps_start': 0.9257784743957651, 'eps_end': 0.006186413527467826, 'eps_decay': 1508, 'tau': 0.0047987102257962405, 'lr': 0.0009745233534783372, 'num_steps': 10, 'hidden1_size': 16, 'hidden2_size': 16, 'lam': 0.2717415063330079, 'history_length': 128}. Best is trial 9 with value: 369.42719576719577.
[I 2026-05-15 22:38:21,918] Trial 15 finished with value: 427.12772486772485 and parameters: {'batch_size': 256, 'gamma': 0.9615930991233909, 'eps_start': 0.9205919375425557, 'eps_end': 0.023988390109954627, 'eps_decay': 1748, 'tau': 0.004034663860655166, 'lr': 0.00019557567724449063, 'num_steps': 20, 'hidden1_size': 32, 'hidden2_size': 16, 'lam': 0.1260662654335542, 'history_length': 32}. Best is trial 15 with value: 427.12772486772485.
[I 2026-05-15 22:38:23,584] Trial 24 pruned. Constraint violated: hidden2_size > hidden1_size
[I 2026-05-16 01:29:01,390] Trial 25 finished with value: 83.04179894179894 and parameters: {'batch_size': 256, 'gamma': 0.9679451081023212, 'eps_start': 0.830493964312444, 'eps_end': 0.08598267321268994, 'eps_decay': 1688, 'tau': 0.006162835553630639, 'lr': 0.007420895548542003, 'num_steps': 30, 'hidden1_size': 8, 'hidden2_size': 4, 'lam': 0.09082436854113547, 'history_length': 128}. Best is trial 15 with value: 427.12772486772485.
[I 2026-05-16 04:22:08,996] Trial 31 finished with value: 161.04322751322752 and parameters: {'batch_size': 256, 'gamma': 0.9589412595782387, 'eps_start': 0.8013171810070703, 'eps_end': 0.030990821282988426, 'eps_decay': 1928, 'tau': 0.0010122328192136336, 'lr': 0.0003743965684443557, 'num_steps': 20, 'hidden1_size': 32, 'hidden2_size': 8, 'lam': 0.15311399450761798, 'history_length': 16}. Best is trial 23 with value: 452.5764021164021.
[I 2026-05-16 04:45:02,665] Trial 34 finished with value: 16.990899470899468 and parameters: {'batch_size': 256, 'gamma': 0.9635619830197218, 'eps_start': 0.8464995312215391, 'eps_end': 0.042524141027263734, 'eps_decay': 1977, 'tau': 0.005711858361285612, 'lr': 0.00010000501859699888, 'num_steps': 20, 'hidden1_size': 32, 'hidden2_size': 8, 'lam': 0.2607136757603281, 'history_length': 64}. Best is trial 23 with value: 452.5764021164021.
[I 2026-05-16 08:16:19,771] Trial 37 finished with value: 344.94783068783073 and parameters: {'batch_size': 256, 'gamma': 0.9582396197856792, 'eps_start': 0.860800597478944, 'eps_end': 0.018376951723705577, 'eps_decay': 2546, 'tau': 0.00407328177990789, 'lr': 0.00019064643179071944, 'num_steps': 20, 'hidden1_size': 32, 'hidden2_size': 4, 'lam': 0.2845131666693764, 'history_length': 32}. Best is trial 23 with value: 452.5764021164021.
[I 2026-05-16 10:14:51,767] Trial 41 finished with value: 166.22915343915346 and parameters: {'batch_size': 256, 'gamma': 0.9714982209801024, 'eps_start': 0.9203420524726365, 'eps_end': 0.026823849016422235, 'eps_decay': 1630, 'tau': 0.0030104456957957787, 'lr': 0.0002818154304146647, 'num_steps': 20, 'hidden1_size': 16, 'hidden2_size': 4, 'lam': 0.2167877881844338, 'history_length': 64}. Best is trial 23 with value: 452.5764021164021.
[I 2026-05-16 12:24:02,585] Trial 46 finished with value: 165.38629629629628 and parameters: {'batch_size': 256, 'gamma': 0.9535451434114434, 'eps_start': 0.8093521013841812, 'eps_end': 0.0738484582065939, 'eps_decay': 1377, 'tau': 0.002764987570714656, 'lr': 0.00014140799425117385, 'num_steps': 20, 'hidden1_size': 64, 'hidden2_size': 4, 'lam': 0.2590193919873197, 'history_length': 4}. Best is trial 23 with value: 452.5764021164021.
[I 2026-05-16 19:19:31,762] Trial 48 finished with value: 365.0160317460318 and parameters: {'batch_size': 256, 'gamma': 0.9563208073224935, 'eps_start': 0.998373004600495, 'eps_end': 0.021852817523136038, 'eps_decay': 2206, 'tau': 0.001803823881839785, 'lr': 0.0005888433108894431, 'num_steps': 30, 'hidden1_size': 64, 'hidden2_size': 8, 'lam': 0.1369790488675291, 'history_length': 4}. Best is trial 23 with value: 452.5764021164021.
[I 2026-05-16 20:23:47,704] Trial 53 finished with value: 87.05121693121694 and parameters: {'batch_size': 128, 'gamma': 0.9667711469869494, 'eps_start': 0.940541610412022, 'eps_end': 0.07588302987435619, 'eps_decay': 1522, 'tau': 0.0039671450724981456, 'lr': 0.0002264664195682778, 'num_steps': 10, 'hidden1_size': 16, 'hidden2_size': 16, 'lam': 0.20200559164550716, 'history_length': 32}. Best is trial 23 with value: 452.5764021164021.
[I 2026-05-17 02:32:14,185] Trial 55 finished with value: 313.0253968253968 and parameters: {'batch_size': 256, 'gamma': 0.9834267366000323, 'eps_start': 0.8213852173192717, 'eps_end': 0.06424241003591066, 'eps_decay': 2517, 'tau': 0.004425588697979545, 'lr': 0.0007266841757077024, 'num_steps': 20, 'hidden1_size': 64, 'hidden2_size': 32, 'lam': 0.2804242458477798, 'history_length': 64}. Best is trial 51 with value: 479.62227513227515.
[I 2026-05-17 04:30:32,963] Trial 60 finished with value: 47.51968253968255 and parameters: {'batch_size': 64, 'gamma': 0.9917649404438174, 'eps_start': 0.9097141717977623, 'eps_end': 0.03496639792731522, 'eps_decay': 1102, 'tau': 0.003290316772775317, 'lr': 0.00018380024080136598, 'num_steps': 30, 'hidden1_size': 32, 'hidden2_size': 16, 'lam': 0.22989933681476937, 'history_length': 8}. Best is trial 51 with value: 479.62227513227515.
[I 2026-05-17 10:54:08,643] Trial 62 finished with value: 355.45513227513226 and parameters: {'batch_size': 256, 'gamma': 0.9610225321189965, 'eps_start': 0.9602858013389871, 'eps_end': 0.04964734062963914, 'eps_decay': 2330, 'tau': 0.00490150179963415, 'lr': 0.00045784385373240957, 'num_steps': 30, 'hidden1_size': 32, 'hidden2_size': 16, 'lam': 0.1787128982168793, 'history_length': 8}. Best is trial 51 with value: 479.62227513227515.
[I 2026-05-17 15:45:38,081] Trial 65 finished with value: 480.7416402116402 and parameters: {'batch_size': 256, 'gamma': 0.965643058205077, 'eps_start': 0.9865053544452973, 'eps_end': 0.00782631759254749, 'eps_decay': 1861, 'tau': 0.002213335979669379, 'lr': 0.00034507324605293887, 'num_steps': 10, 'hidden1_size': 32, 'hidden2_size': 8, 'lam': 0.1657548170458668, 'history_length': 8}. Best is trial 65 with value: 480.7416402116402.
[I 2026-05-17 20:15:02,437] Trial 70 finished with value: 380.7702645502645 and parameters: {'batch_size': 64, 'gamma': 0.969347100622882, 'eps_start': 0.9714067086095213, 'eps_end': 0.015431709246432168, 'eps_decay': 1266, 'tau': 0.004111971151065067, 'lr': 0.0011210639067154324, 'num_steps': 10, 'hidden1_size': 32, 'hidden2_size': 16, 'lam': 0.15897601532236444, 'history_length': 8}. Best is trial 65 with value: 480.7416402116402.
[I 2026-05-17 22:52:28,527] Trial 72 finished with value: 232.91703703703703 and parameters: {'batch_size': 64, 'gamma': 0.9613602346640133, 'eps_start': 0.9651650193037866, 'eps_end': 0.005111222772888544, 'eps_decay': 1304, 'tau': 0.0031542224956994506, 'lr': 0.00025160540444378577, 'num_steps': 10, 'hidden1_size': 32, 'hidden2_size': 8, 'lam': 0.14511389338622963, 'history_length': 128}. Best is trial 65 with value: 480.7416402116402.
[I 2026-05-18 04:39:36,820] Trial 74 finished with value: 365.81555555555553 and parameters: {'batch_size': 64, 'gamma': 0.9688021489869649, 'eps_start': 0.9550195964425212, 'eps_end': 0.009618601046234023, 'eps_decay': 1087, 'tau': 0.003649703061376406, 'lr': 0.0014365770414120774, 'num_steps': 10, 'hidden1_size': 32, 'hidden2_size': 16, 'lam': 0.15651357074712122, 'history_length': 8}. Best is trial 71 with value: 486.6985714285714.
[I 2026-05-18 05:36:38,590] Trial 81 finished with value: 64.10788359788359 and parameters: {'batch_size': 128, 'gamma': 0.9948589008288453, 'eps_start': 0.9741902822754575, 'eps_end': 0.025239428108161224, 'eps_decay': 1164, 'tau': 0.001389534918660972, 'lr': 0.00040431358942321624, 'num_steps': 10, 'hidden1_size': 8, 'hidden2_size': 8, 'lam': 0.17296117537330888, 'history_length': 32}. Best is trial 78 with value: 497.7857142857143.
[I 2026-05-18 07:39:29,776] Trial 85 finished with value: 235.61555555555555 and parameters: {'batch_size': 64, 'gamma': 0.9966482413233955, 'eps_start': 0.934876688152147, 'eps_end': 0.01291481595625845, 'eps_decay': 1560, 'tau': 0.001730068451249532, 'lr': 0.0003267784468305603, 'num_steps': 10, 'hidden1_size': 32, 'hidden2_size': 8, 'lam': 0.09715035314301738, 'history_length': 8}. Best is trial 78 with value: 497.7857142857143.
[I 2026-05-18 09:58:04,064] Trial 86 finished with value: 153.07502645502643 and parameters: {'batch_size': 64, 'gamma': 0.9919313452907795, 'eps_start': 0.9511979995710461, 'eps_end': 0.02094484098149429, 'eps_decay': 1437, 'tau': 0.0014281468744615996, 'lr': 0.0003259655982395986, 'num_steps': 10, 'hidden1_size': 32, 'hidden2_size': 8, 'lam': 0.12398708651009475, 'history_length': 8}. Best is trial 78 with value: 497.7857142857143.
[I 2026-05-18 11:59:07,824] Trial 90 finished with value: 108.17634920634922 and parameters: {'batch_size': 256, 'gamma': 0.997793638787985, 'eps_start': 0.9197872115322687, 'eps_end': 0.017612405964895488, 'eps_decay': 1347, 'tau': 0.0024258171490276733, 'lr': 0.000635549914961826, 'num_steps': 10, 'hidden1_size': 32, 'hidden2_size': 8, 'lam': 0.06980634842366708, 'history_length': 8}. Best is trial 78 with value: 497.7857142857143.
[I 2026-05-18 17:02:24,563] Trial 95 finished with value: 453.012328042328 and parameters: {'batch_size': 256, 'gamma': 0.9935529685257714, 'eps_start': 0.9445122158878705, 'eps_end': 0.027406637474918963, 'eps_decay': 1847, 'tau': 0.00559063293181682, 'lr': 0.00025726396975410556, 'num_steps': 10, 'hidden1_size': 32, 'hidden2_size': 8, 'lam': 0.1648811675422528, 'history_length': 8}. Best is trial 78 with value: 497.7857142857143.
[I 2026-05-18 21:21:24,230] Trial 99 finished with value: 487.19380952380953 and parameters: {'batch_size': 256, 'gamma': 0.992594237696753, 'eps_start': 0.9338080242404443, 'eps_end': 0.027698763229851146, 'eps_decay': 1625, 'tau': 0.005731194234578911, 'lr': 0.0002691316607617942, 'num_steps': 10, 'hidden1_size': 32, 'hidden2_size': 8, 'lam': 0.14926334684312256, 'history_length': 8}. Best is trial 78 with value: 497.7857142857143.
[I 2026-05-19 02:17:39,247] Trial 105 finished with value: 485.62873015873015 and parameters: {'batch_size': 256, 'gamma': 0.9885746718051631, 'eps_start': 0.9386476979057339, 'eps_end': 0.0313238279080741, 'eps_decay': 1947, 'tau': 0.0059860168923687885, 'lr': 0.0003956348786634179, 'num_steps': 10, 'hidden1_size': 32, 'hidden2_size': 8, 'lam': 0.13078634566187625, 'history_length': 8}. Best is trial 78 with value: 497.7857142857143.
[I 2026-05-19 05:50:43,476] Trial 110 finished with value: 402.54169312169313 and parameters: {'batch_size': 256, 'gamma': 0.9944783349846518, 'eps_start': 0.9461510220023814, 'eps_end': 0.006702480868265784, 'eps_decay': 1486, 'tau': 0.006653641641136273, 'lr': 0.0004559485656346293, 'num_steps': 10, 'hidden1_size': 32, 'hidden2_size': 8, 'lam': 0.1340528848146887, 'history_length': 8}. Best is trial 78 with value: 497.7857142857143.
Search space loaded from: configs/search_spaces/fractional.yaml
Using device: cuda

Study: fractional-1500
Neuron type: fractional
Trials: 31
Storage: sqlite:///optuna_studies/fractional-v3.db


============================================================
Trial 4: fractional [64-16] lr=0.0017612719820731563
============================================================
  Episode 50/1500  avg(100): 17.8
  Episode 100/1500  avg(100): 32.8
  Episode 150/1500  avg(100): 109.5
  Episode 200/1500  avg(100): 134.8
  Episode 250/1500  avg(100): 82.0
  Episode 300/1500  avg(100): 66.3
  Episode 350/1500  avg(100): 61.7
  Episode 400/1500  avg(100): 52.7
  Episode 450/1500  avg(100): 62.5
  Episode 500/1500  avg(100): 133.9
  Episode 550/1500  avg(100): 159.7
  Episode 600/1500  avg(100): 99.5
  Episode 650/1500  avg(100): 83.6
  Episode 700/1500  avg(100): 80.7
  Episode 750/1500  avg(100): 89.2
  Episode 800/1500  avg(100): 165.6
  Episode 850/1500  avg(100): 169.9
  Episode 900/1500  avg(100): 150.8
  Episode 950/1500  avg(100): 179.6
  Episode 1000/1500  avg(100): 206.4
  Episode 1050/1500  avg(100): 159.0
  Episode 1100/1500  avg(100): 60.7
  Episode 1150/1500  avg(100): 27.6
  Episode 1200/1500  avg(100): 41.7
  Episode 1250/1500  avg(100): 67.0
  Episode 1300/1500  avg(100): 77.0
  Episode 1350/1500  avg(100): 65.9
  Episode 1400/1500  avg(100): 53.5
  Episode 1450/1500  avg(100): 54.9
  Episode 1500/1500  avg(100): 54.3
Trial 4 done: best_avg=213.0, final_avg=54.3, tail_iqm=55.5

============================================================
Trial 6: fractional [16-8] lr=0.004042758620292669
============================================================
  Episode 50/1500  avg(100): 27.5
  Episode 100/1500  avg(100): 69.5
  Episode 150/1500  avg(100): 76.4
  Episode 200/1500  avg(100): 67.5
  Episode 250/1500  avg(100): 116.4
  Episode 300/1500  avg(100): 170.8
  Episode 350/1500  avg(100): 230.1
  Episode 400/1500  avg(100): 203.1
  Episode 450/1500  avg(100): 179.4
  Episode 500/1500  avg(100): 196.4
  Episode 550/1500  avg(100): 111.9
  Episode 600/1500  avg(100): 38.8
  Episode 650/1500  avg(100): 40.1
  Episode 700/1500  avg(100): 52.5
  Episode 750/1500  avg(100): 205.3
  Episode 800/1500  avg(100): 261.9
  Episode 850/1500  avg(100): 157.7
  Episode 900/1500  avg(100): 226.3
  Episode 950/1500  avg(100): 302.1
  Episode 1000/1500  avg(100): 240.6
  Episode 1050/1500  avg(100): 163.1
  Episode 1100/1500  avg(100): 245.7
  Episode 1150/1500  avg(100): 309.5
  Episode 1200/1500  avg(100): 175.6
  Episode 1250/1500  avg(100): 234.2
  Episode 1300/1500  avg(100): 249.7
  Episode 1350/1500  avg(100): 98.3
  Episode 1400/1500  avg(100): 97.5
  Episode 1450/1500  avg(100): 123.3
  Episode 1500/1500  avg(100): 127.2
Trial 6 done: best_avg=328.0, final_avg=127.2, tail_iqm=170.3

============================================================
Trial 11: fractional [16-16] lr=0.0009745233534783372
============================================================
  Episode 50/1500  avg(100): 20.7
  Episode 100/1500  avg(100): 43.4
  Episode 150/1500  avg(100): 90.0
  Episode 200/1500  avg(100): 115.1
  Episode 250/1500  avg(100): 109.8
  Episode 300/1500  avg(100): 99.8
  Episode 350/1500  avg(100): 97.9
  Episode 400/1500  avg(100): 77.7
  Episode 450/1500  avg(100): 86.4
  Episode 500/1500  avg(100): 115.2
  Episode 550/1500  avg(100): 111.1
  Episode 600/1500  avg(100): 122.5
  Episode 650/1500  avg(100): 135.2
  Episode 700/1500  avg(100): 272.5
  Episode 750/1500  avg(100): 335.9
  Episode 800/1500  avg(100): 274.2
  Episode 850/1500  avg(100): 343.0
  Episode 900/1500  avg(100): 398.5
  Episode 950/1500  avg(100): 365.4
  Episode 1000/1500  avg(100): 388.5
  Episode 1050/1500  avg(100): 453.5
  Episode 1100/1500  avg(100): 476.2
  Episode 1150/1500  avg(100): 480.8
  Episode 1200/1500  avg(100): 485.6
  Episode 1250/1500  avg(100): 491.0
  Episode 1300/1500  avg(100): 355.1
  Episode 1350/1500  avg(100): 187.3
  Episode 1400/1500  avg(100): 240.0
  Episode 1450/1500  avg(100): 242.3
  Episode 1500/1500  avg(100): 209.5
Trial 11 done: best_avg=495.1, final_avg=209.5, tail_iqm=343.2

============================================================
Trial 15: fractional [32-16] lr=0.00019557567724449063
============================================================
  Episode 50/1500  avg(100): 17.3
  Episode 100/1500  avg(100): 14.9
  Episode 150/1500  avg(100): 12.5
  Episode 200/1500  avg(100): 14.4
  Episode 250/1500  avg(100): 63.8
  Episode 300/1500  avg(100): 119.5
  Episode 350/1500  avg(100): 139.7
  Episode 400/1500  avg(100): 137.3
  Episode 450/1500  avg(100): 114.5
  Episode 500/1500  avg(100): 112.7
  Episode 550/1500  avg(100): 117.7
  Episode 600/1500  avg(100): 155.3
  Episode 650/1500  avg(100): 151.1
  Episode 700/1500  avg(100): 122.5
  Episode 750/1500  avg(100): 142.4
  Episode 800/1500  avg(100): 146.6
  Episode 850/1500  avg(100): 143.5
  Episode 900/1500  avg(100): 262.2
  Episode 950/1500  avg(100): 369.8
  Episode 1000/1500  avg(100): 262.9
  Episode 1050/1500  avg(100): 259.0
  Episode 1100/1500  avg(100): 321.2
  Episode 1150/1500  avg(100): 302.4
  Episode 1200/1500  avg(100): 291.6
  Episode 1250/1500  avg(100): 361.7
  Episode 1300/1500  avg(100): 449.4
  Episode 1350/1500  avg(100): 472.1
  Episode 1400/1500  avg(100): 493.3
  Episode 1450/1500  avg(100): 477.4
  Episode 1500/1500  avg(100): 471.5
Trial 15 done: best_avg=493.3, final_avg=471.5, tail_iqm=429.8

============================================================
Trial 25: fractional [8-4] lr=0.007420895548542003
============================================================
  Episode 50/1500  avg(100): 17.8
  Episode 100/1500  avg(100): 50.6
  Episode 150/1500  avg(100): 116.2
  Episode 200/1500  avg(100): 118.6
  Episode 250/1500  avg(100): 88.2
  Episode 300/1500  avg(100): 86.3
  Episode 350/1500  avg(100): 78.8
  Episode 400/1500  avg(100): 70.9
  Episode 450/1500  avg(100): 69.3
  Episode 500/1500  avg(100): 125.6
  Episode 550/1500  avg(100): 263.6
  Episode 600/1500  avg(100): 274.5
  Episode 650/1500  avg(100): 185.1
  Episode 700/1500  avg(100): 160.8
  Episode 750/1500  avg(100): 143.8
  Episode 800/1500  avg(100): 112.2
  Episode 850/1500  avg(100): 70.9
  Episode 900/1500  avg(100): 59.1
  Episode 950/1500  avg(100): 64.6
  Episode 1000/1500  avg(100): 62.0
  Episode 1050/1500  avg(100): 53.0
  Episode 1100/1500  avg(100): 45.0
  Episode 1150/1500  avg(100): 50.5
  Episode 1200/1500  avg(100): 44.8
  Episode 1250/1500  avg(100): 71.4
  Episode 1300/1500  avg(100): 114.4
  Episode 1350/1500  avg(100): 132.9
  Episode 1400/1500  avg(100): 95.4
  Episode 1450/1500  avg(100): 75.5
  Episode 1500/1500  avg(100): 137.9
Trial 25 done: best_avg=309.3, final_avg=137.9, tail_iqm=84.9

============================================================
Trial 31: fractional [32-8] lr=0.0003743965684443557
============================================================
  Episode 50/1500  avg(100): 22.3
  Episode 100/1500  avg(100): 17.4
  Episode 150/1500  avg(100): 11.9
  Episode 200/1500  avg(100): 11.2
  Episode 250/1500  avg(100): 11.0
  Episode 300/1500  avg(100): 11.0
  Episode 350/1500  avg(100): 12.2
  Episode 400/1500  avg(100): 20.2
  Episode 450/1500  avg(100): 52.6
  Episode 500/1500  avg(100): 90.8
  Episode 550/1500  avg(100): 103.0
  Episode 600/1500  avg(100): 138.5
  Episode 650/1500  avg(100): 181.7
  Episode 700/1500  avg(100): 183.5
  Episode 750/1500  avg(100): 176.6
  Episode 800/1500  avg(100): 168.4
  Episode 850/1500  avg(100): 160.1
  Episode 900/1500  avg(100): 152.7
  Episode 950/1500  avg(100): 156.5
  Episode 1000/1500  avg(100): 248.3
  Episode 1050/1500  avg(100): 281.7
  Episode 1100/1500  avg(100): 170.5
  Episode 1150/1500  avg(100): 107.7
  Episode 1200/1500  avg(100): 106.6
  Episode 1250/1500  avg(100): 103.8
  Episode 1300/1500  avg(100): 186.6
  Episode 1350/1500  avg(100): 256.6
  Episode 1400/1500  avg(100): 195.7
  Episode 1450/1500  avg(100): 187.3
  Episode 1500/1500  avg(100): 284.1
Trial 31 done: best_avg=303.6, final_avg=284.1, tail_iqm=163.2

============================================================
Trial 34: fractional [32-8] lr=0.00010000501859699888
============================================================
  Episode 50/1500  avg(100): 18.7
  Episode 100/1500  avg(100): 15.7
  Episode 150/1500  avg(100): 12.3
  Episode 200/1500  avg(100): 11.5
  Episode 250/1500  avg(100): 10.8
  Episode 300/1500  avg(100): 11.2
  Episode 350/1500  avg(100): 12.3
  Episode 400/1500  avg(100): 12.9
  Episode 450/1500  avg(100): 13.0
  Episode 500/1500  avg(100): 14.0
  Episode 550/1500  avg(100): 16.1
  Episode 600/1500  avg(100): 18.9
  Episode 650/1500  avg(100): 21.0
  Episode 700/1500  avg(100): 23.5
  Episode 750/1500  avg(100): 18.6
  Episode 800/1500  avg(100): 10.4
  Episode 850/1500  avg(100): 9.3
  Episode 900/1500  avg(100): 9.2
  Episode 950/1500  avg(100): 9.4
  Episode 1000/1500  avg(100): 9.6
  Episode 1050/1500  avg(100): 9.5
  Episode 1100/1500  avg(100): 9.4
  Episode 1150/1500  avg(100): 9.4
  Episode 1200/1500  avg(100): 9.6
  Episode 1250/1500  avg(100): 14.4
  Episode 1300/1500  avg(100): 21.9
  Episode 1350/1500  avg(100): 23.6
  Episode 1400/1500  avg(100): 22.0
  Episode 1450/1500  avg(100): 25.0
  Episode 1500/1500  avg(100): 32.1
Trial 34 done: best_avg=32.1, final_avg=32.1, tail_iqm=19.6

============================================================
Trial 37: fractional [32-4] lr=0.00019064643179071944
============================================================
  Episode 50/1500  avg(100): 19.0
  Episode 100/1500  avg(100): 16.0
  Episode 150/1500  avg(100): 12.4
  Episode 200/1500  avg(100): 11.4
  Episode 250/1500  avg(100): 12.2
  Episode 300/1500  avg(100): 15.8
  Episode 350/1500  avg(100): 21.7
  Episode 400/1500  avg(100): 28.1
  Episode 450/1500  avg(100): 41.0
  Episode 500/1500  avg(100): 46.7
  Episode 550/1500  avg(100): 62.1
  Episode 600/1500  avg(100): 74.7
  Episode 650/1500  avg(100): 44.1
  Episode 700/1500  avg(100): 54.7
  Episode 750/1500  avg(100): 132.3
  Episode 800/1500  avg(100): 179.3
  Episode 850/1500  avg(100): 172.5
  Episode 900/1500  avg(100): 143.3
  Episode 950/1500  avg(100): 172.9
  Episode 1000/1500  avg(100): 176.7
  Episode 1050/1500  avg(100): 121.5
  Episode 1100/1500  avg(100): 138.0
  Episode 1150/1500  avg(100): 232.2
  Episode 1200/1500  avg(100): 342.8
  Episode 1250/1500  avg(100): 314.5
  Episode 1300/1500  avg(100): 289.2
  Episode 1350/1500  avg(100): 355.2
  Episode 1400/1500  avg(100): 421.9
  Episode 1450/1500  avg(100): 452.7
  Episode 1500/1500  avg(100): 464.1
Trial 37 done: best_avg=464.1, final_avg=464.1, tail_iqm=347.1

============================================================
Trial 41: fractional [16-4] lr=0.0002818154304146647
============================================================
  Episode 50/1500  avg(100): 18.0
  Episode 100/1500  avg(100): 15.6
  Episode 150/1500  avg(100): 12.5
  Episode 200/1500  avg(100): 12.0
  Episode 250/1500  avg(100): 11.2
  Episode 300/1500  avg(100): 10.2
  Episode 350/1500  avg(100): 10.1
  Episode 400/1500  avg(100): 10.0
  Episode 450/1500  avg(100): 9.7
  Episode 500/1500  avg(100): 9.6
  Episode 550/1500  avg(100): 19.4
  Episode 600/1500  avg(100): 31.1
  Episode 650/1500  avg(100): 43.8
  Episode 700/1500  avg(100): 74.7
  Episode 750/1500  avg(100): 87.5
  Episode 800/1500  avg(100): 118.2
  Episode 850/1500  avg(100): 148.0
  Episode 900/1500  avg(100): 133.5
  Episode 950/1500  avg(100): 125.6
  Episode 1000/1500  avg(100): 126.6
  Episode 1050/1500  avg(100): 132.4
  Episode 1100/1500  avg(100): 141.0
  Episode 1150/1500  avg(100): 160.2
  Episode 1200/1500  avg(100): 269.5
  Episode 1250/1500  avg(100): 207.8
  Episode 1300/1500  avg(100): 80.5
  Episode 1350/1500  avg(100): 122.9
  Episode 1400/1500  avg(100): 174.0
  Episode 1450/1500  avg(100): 179.7
  Episode 1500/1500  avg(100): 121.6
Trial 41 done: best_avg=272.3, final_avg=121.6, tail_iqm=167.9

============================================================
Trial 46: fractional [64-4] lr=0.00014140799425117385
============================================================
  Episode 50/1500  avg(100): 15.1
  Episode 100/1500  avg(100): 14.0
  Episode 150/1500  avg(100): 11.8
  Episode 200/1500  avg(100): 10.9
  Episode 250/1500  avg(100): 11.2
  Episode 300/1500  avg(100): 12.8
  Episode 350/1500  avg(100): 15.1
  Episode 400/1500  avg(100): 21.6
  Episode 450/1500  avg(100): 31.2
  Episode 500/1500  avg(100): 46.5
  Episode 550/1500  avg(100): 76.9
  Episode 600/1500  avg(100): 112.5
  Episode 650/1500  avg(100): 129.0
  Episode 700/1500  avg(100): 128.0
  Episode 750/1500  avg(100): 126.7
  Episode 800/1500  avg(100): 120.7
  Episode 850/1500  avg(100): 97.8
  Episode 900/1500  avg(100): 56.2
  Episode 950/1500  avg(100): 39.1
  Episode 1000/1500  avg(100): 100.3
  Episode 1050/1500  avg(100): 145.6
  Episode 1100/1500  avg(100): 147.0
  Episode 1150/1500  avg(100): 155.7
  Episode 1200/1500  avg(100): 144.5
  Episode 1250/1500  avg(100): 151.3
  Episode 1300/1500  avg(100): 173.0
  Episode 1350/1500  avg(100): 174.8
  Episode 1400/1500  avg(100): 178.6
  Episode 1450/1500  avg(100): 192.2
  Episode 1500/1500  avg(100): 197.6
Trial 46 done: best_avg=202.2, final_avg=197.6, tail_iqm=168.8

============================================================
Trial 48: fractional [64-8] lr=0.0005888433108894431
============================================================
  Episode 50/1500  avg(100): 19.9
  Episode 100/1500  avg(100): 16.8
  Episode 150/1500  avg(100): 15.0
  Episode 200/1500  avg(100): 76.9
  Episode 250/1500  avg(100): 197.5
  Episode 300/1500  avg(100): 229.9
  Episode 350/1500  avg(100): 173.5
  Episode 400/1500  avg(100): 180.4
  Episode 450/1500  avg(100): 217.6
  Episode 500/1500  avg(100): 211.9
  Episode 550/1500  avg(100): 253.2
  Episode 600/1500  avg(100): 376.3
  Episode 650/1500  avg(100): 427.7
  Episode 700/1500  avg(100): 391.4
  Episode 750/1500  avg(100): 244.7
  Episode 800/1500  avg(100): 123.1
  Episode 850/1500  avg(100): 156.9
  Episode 900/1500  avg(100): 207.6
  Episode 950/1500  avg(100): 298.6
  Episode 1000/1500  avg(100): 285.4
  Episode 1050/1500  avg(100): 194.8
  Episode 1100/1500  avg(100): 222.3
  Episode 1150/1500  avg(100): 337.0
  Episode 1200/1500  avg(100): 443.8
  Episode 1250/1500  avg(100): 488.6
  Episode 1300/1500  avg(100): 452.6
  Episode 1350/1500  avg(100): 308.6
  Episode 1400/1500  avg(100): 354.5
  Episode 1450/1500  avg(100): 339.1
  Episode 1500/1500  avg(100): 114.6
Trial 48 done: best_avg=499.4, final_avg=114.6, tail_iqm=368.7

============================================================
Trial 53: fractional [16-16] lr=0.0002264664195682778
============================================================
  Episode 50/1500  avg(100): 16.7
  Episode 100/1500  avg(100): 14.7
  Episode 150/1500  avg(100): 13.4
  Episode 200/1500  avg(100): 16.1
  Episode 250/1500  avg(100): 21.0
  Episode 300/1500  avg(100): 22.8
  Episode 350/1500  avg(100): 15.8
  Episode 400/1500  avg(100): 9.8
  Episode 450/1500  avg(100): 9.8
  Episode 500/1500  avg(100): 46.8
  Episode 550/1500  avg(100): 113.5
  Episode 600/1500  avg(100): 124.2
  Episode 650/1500  avg(100): 74.9
  Episode 700/1500  avg(100): 44.3
  Episode 750/1500  avg(100): 64.5
  Episode 800/1500  avg(100): 107.3
  Episode 850/1500  avg(100): 122.7
  Episode 900/1500  avg(100): 98.6
  Episode 950/1500  avg(100): 99.4
  Episode 1000/1500  avg(100): 119.3
  Episode 1050/1500  avg(100): 111.5
  Episode 1100/1500  avg(100): 83.5
  Episode 1150/1500  avg(100): 75.7
  Episode 1200/1500  avg(100): 83.3
  Episode 1250/1500  avg(100): 82.1
  Episode 1300/1500  avg(100): 87.2
  Episode 1350/1500  avg(100): 95.0
  Episode 1400/1500  avg(100): 96.3
  Episode 1450/1500  avg(100): 92.4
  Episode 1500/1500  avg(100): 91.9
Trial 53 done: best_avg=139.9, final_avg=91.9, tail_iqm=89.0

============================================================
Trial 55: fractional [64-32] lr=0.0007266841757077024
============================================================
  Episode 50/1500  avg(100): 18.2
  Episode 100/1500  avg(100): 22.9
  Episode 150/1500  avg(100): 113.3
  Episode 200/1500  avg(100): 124.1
  Episode 250/1500  avg(100): 47.2
  Episode 300/1500  avg(100): 97.7
  Episode 350/1500  avg(100): 201.9
  Episode 400/1500  avg(100): 248.7
  Episode 450/1500  avg(100): 209.7
  Episode 500/1500  avg(100): 153.4
  Episode 550/1500  avg(100): 136.6
  Episode 600/1500  avg(100): 278.2
  Episode 650/1500  avg(100): 430.0
  Episode 700/1500  avg(100): 409.9
  Episode 750/1500  avg(100): 399.0
  Episode 800/1500  avg(100): 433.8
  Episode 850/1500  avg(100): 394.6
  Episode 900/1500  avg(100): 377.9
  Episode 950/1500  avg(100): 432.2
  Episode 1000/1500  avg(100): 440.4
  Episode 1050/1500  avg(100): 420.6
  Episode 1100/1500  avg(100): 355.3
  Episode 1150/1500  avg(100): 327.9
  Episode 1200/1500  avg(100): 283.4
  Episode 1250/1500  avg(100): 200.9
  Episode 1300/1500  avg(100): 264.6
  Episode 1350/1500  avg(100): 332.1
  Episode 1400/1500  avg(100): 350.2
  Episode 1450/1500  avg(100): 357.7
  Episode 1500/1500  avg(100): 310.9
Trial 55 done: best_avg=454.9, final_avg=310.9, tail_iqm=318.5

============================================================
Trial 60: fractional [32-16] lr=0.00018380024080136598
============================================================
  Episode 50/1500  avg(100): 18.3
  Episode 100/1500  avg(100): 14.7
  Episode 150/1500  avg(100): 11.1
  Episode 200/1500  avg(100): 11.5
  Episode 250/1500  avg(100): 11.7
  Episode 300/1500  avg(100): 12.5
  Episode 350/1500  avg(100): 13.6
  Episode 400/1500  avg(100): 14.6
  Episode 450/1500  avg(100): 35.9
  Episode 500/1500  avg(100): 72.0
  Episode 550/1500  avg(100): 85.4
  Episode 600/1500  avg(100): 80.3
  Episode 650/1500  avg(100): 77.1
  Episode 700/1500  avg(100): 75.9
  Episode 750/1500  avg(100): 74.8
  Episode 800/1500  avg(100): 72.2
  Episode 850/1500  avg(100): 73.5
  Episode 900/1500  avg(100): 107.1
  Episode 950/1500  avg(100): 152.1
  Episode 1000/1500  avg(100): 153.2
  Episode 1050/1500  avg(100): 140.7
  Episode 1100/1500  avg(100): 95.8
  Episode 1150/1500  avg(100): 39.7
  Episode 1200/1500  avg(100): 41.9
  Episode 1250/1500  avg(100): 54.2
  Episode 1300/1500  avg(100): 51.1
  Episode 1350/1500  avg(100): 47.8
  Episode 1400/1500  avg(100): 47.9
  Episode 1450/1500  avg(100): 106.0
  Episode 1500/1500  avg(100): 180.1
Trial 60 done: best_avg=180.1, final_avg=180.1, tail_iqm=50.0

============================================================
Trial 62: fractional [32-16] lr=0.00045784385373240957
============================================================
  Episode 50/1500  avg(100): 18.1
  Episode 100/1500  avg(100): 18.2
  Episode 150/1500  avg(100): 73.2
  Episode 200/1500  avg(100): 133.7
  Episode 250/1500  avg(100): 153.0
  Episode 300/1500  avg(100): 186.7
  Episode 350/1500  avg(100): 174.5
  Episode 400/1500  avg(100): 173.4
  Episode 450/1500  avg(100): 206.3
  Episode 500/1500  avg(100): 138.0
  Episode 550/1500  avg(100): 114.6
  Episode 600/1500  avg(100): 179.5
  Episode 650/1500  avg(100): 205.8
  Episode 700/1500  avg(100): 228.5
  Episode 750/1500  avg(100): 222.5
  Episode 800/1500  avg(100): 161.9
  Episode 850/1500  avg(100): 166.2
  Episode 900/1500  avg(100): 197.1
  Episode 950/1500  avg(100): 160.8
  Episode 1000/1500  avg(100): 141.0
  Episode 1050/1500  avg(100): 294.8
  Episode 1100/1500  avg(100): 420.0
  Episode 1150/1500  avg(100): 432.4
  Episode 1200/1500  avg(100): 332.4
  Episode 1250/1500  avg(100): 311.8
  Episode 1300/1500  avg(100): 405.0
  Episode 1350/1500  avg(100): 329.1
  Episode 1400/1500  avg(100): 360.6
  Episode 1450/1500  avg(100): 391.0
  Episode 1500/1500  avg(100): 283.3
Trial 62 done: best_avg=442.0, final_avg=283.3, tail_iqm=357.9

============================================================
Trial 65: fractional [32-8] lr=0.00034507324605293887
============================================================
  Episode 50/1500  avg(100): 19.4
  Episode 100/1500  avg(100): 16.5
  Episode 150/1500  avg(100): 13.6
  Episode 200/1500  avg(100): 17.6
  Episode 250/1500  avg(100): 56.9
  Episode 300/1500  avg(100): 152.9
  Episode 350/1500  avg(100): 196.6
  Episode 400/1500  avg(100): 206.6
  Episode 450/1500  avg(100): 241.5
  Episode 500/1500  avg(100): 233.2
  Episode 550/1500  avg(100): 210.1
  Episode 600/1500  avg(100): 215.8
  Episode 650/1500  avg(100): 280.9
  Episode 700/1500  avg(100): 356.5
  Episode 750/1500  avg(100): 395.9
  Episode 800/1500  avg(100): 411.6
  Episode 850/1500  avg(100): 297.0
  Episode 900/1500  avg(100): 195.3
  Episode 950/1500  avg(100): 353.8
  Episode 1000/1500  avg(100): 493.5
  Episode 1050/1500  avg(100): 488.9
  Episode 1100/1500  avg(100): 492.0
  Episode 1150/1500  avg(100): 460.1
  Episode 1200/1500  avg(100): 458.7
  Episode 1250/1500  avg(100): 481.3
  Episode 1300/1500  avg(100): 486.0
  Episode 1350/1500  avg(100): 495.3
  Episode 1400/1500  avg(100): 485.9
  Episode 1450/1500  avg(100): 485.8
  Episode 1500/1500  avg(100): 485.7
Trial 65 done: best_avg=495.4, final_avg=485.7, tail_iqm=482.8
  -> Converged at episode: 1242

============================================================
Trial 70: fractional [32-16] lr=0.0011210639067154324
============================================================
  Episode 50/1500  avg(100): 17.5
  Episode 100/1500  avg(100): 39.8
  Episode 150/1500  avg(100): 107.6
  Episode 200/1500  avg(100): 142.5
  Episode 250/1500  avg(100): 127.2
  Episode 300/1500  avg(100): 130.1
  Episode 350/1500  avg(100): 171.8
  Episode 400/1500  avg(100): 272.9
  Episode 450/1500  avg(100): 345.8
  Episode 500/1500  avg(100): 315.5
  Episode 550/1500  avg(100): 248.4
  Episode 600/1500  avg(100): 243.1
  Episode 650/1500  avg(100): 270.8
  Episode 700/1500  avg(100): 307.4
  Episode 750/1500  avg(100): 377.3
  Episode 800/1500  avg(100): 308.5
  Episode 850/1500  avg(100): 319.0
  Episode 900/1500  avg(100): 407.5
  Episode 950/1500  avg(100): 370.4
  Episode 1000/1500  avg(100): 361.1
  Episode 1050/1500  avg(100): 359.2
  Episode 1100/1500  avg(100): 354.7
  Episode 1150/1500  avg(100): 380.3
  Episode 1200/1500  avg(100): 374.7
  Episode 1250/1500  avg(100): 362.0
  Episode 1300/1500  avg(100): 432.6
  Episode 1350/1500  avg(100): 465.2
  Episode 1400/1500  avg(100): 409.3
  Episode 1450/1500  avg(100): 315.3
  Episode 1500/1500  avg(100): 313.0
Trial 70 done: best_avg=475.9, final_avg=313.0, tail_iqm=383.3

============================================================
Trial 72: fractional [32-8] lr=0.00025160540444378577
============================================================
  Episode 50/1500  avg(100): 14.3
  Episode 100/1500  avg(100): 13.1
  Episode 150/1500  avg(100): 11.8
  Episode 200/1500  avg(100): 12.3
  Episode 250/1500  avg(100): 14.0
  Episode 300/1500  avg(100): 15.7
  Episode 350/1500  avg(100): 17.0
  Episode 400/1500  avg(100): 35.2
  Episode 450/1500  avg(100): 102.6
  Episode 500/1500  avg(100): 138.4
  Episode 550/1500  avg(100): 140.0
  Episode 600/1500  avg(100): 157.6
  Episode 650/1500  avg(100): 159.5
  Episode 700/1500  avg(100): 150.2
  Episode 750/1500  avg(100): 149.8
  Episode 800/1500  avg(100): 220.7
  Episode 850/1500  avg(100): 273.9
  Episode 900/1500  avg(100): 359.4
  Episode 950/1500  avg(100): 417.6
  Episode 1000/1500  avg(100): 336.5
  Episode 1050/1500  avg(100): 277.1
  Episode 1100/1500  avg(100): 209.6
  Episode 1150/1500  avg(100): 208.8
  Episode 1200/1500  avg(100): 215.1
  Episode 1250/1500  avg(100): 223.6
  Episode 1300/1500  avg(100): 279.1
  Episode 1350/1500  avg(100): 322.6
  Episode 1400/1500  avg(100): 324.4
  Episode 1450/1500  avg(100): 189.3
  Episode 1500/1500  avg(100): 67.2
Trial 72 done: best_avg=432.1, final_avg=67.2, tail_iqm=236.2

============================================================
Trial 74: fractional [32-16] lr=0.0014365770414120774
============================================================
  Episode 50/1500  avg(100): 16.6
  Episode 100/1500  avg(100): 77.9
  Episode 150/1500  avg(100): 163.6
  Episode 200/1500  avg(100): 165.5
  Episode 250/1500  avg(100): 162.4
  Episode 300/1500  avg(100): 244.9
  Episode 350/1500  avg(100): 330.7
  Episode 400/1500  avg(100): 364.3
  Episode 450/1500  avg(100): 430.1
  Episode 500/1500  avg(100): 490.0
  Episode 550/1500  avg(100): 489.6
  Episode 600/1500  avg(100): 438.8
  Episode 650/1500  avg(100): 427.3
  Episode 700/1500  avg(100): 480.5
  Episode 750/1500  avg(100): 500.0
  Episode 800/1500  avg(100): 461.2
  Episode 850/1500  avg(100): 461.2
  Episode 900/1500  avg(100): 500.0
  Episode 950/1500  avg(100): 500.0
  Episode 1000/1500  avg(100): 500.0
  Episode 1050/1500  avg(100): 471.9
  Episode 1100/1500  avg(100): 429.5
  Episode 1150/1500  avg(100): 424.9
  Episode 1200/1500  avg(100): 375.9
  Episode 1250/1500  avg(100): 356.3
  Episode 1300/1500  avg(100): 289.7
  Episode 1350/1500  avg(100): 225.4
  Episode 1400/1500  avg(100): 348.2
  Episode 1450/1500  avg(100): 451.7
  Episode 1500/1500  avg(100): 435.1
Trial 74 done: best_avg=500.0, final_avg=435.1, tail_iqm=368.3

============================================================
Trial 81: fractional [8-8] lr=0.00040431358942321624
============================================================
  Episode 50/1500  avg(100): 15.8
  Episode 100/1500  avg(100): 13.8
  Episode 150/1500  avg(100): 11.5
  Episode 200/1500  avg(100): 10.9
  Episode 250/1500  avg(100): 11.0
  Episode 300/1500  avg(100): 15.4
  Episode 350/1500  avg(100): 18.9
  Episode 400/1500  avg(100): 22.0
  Episode 450/1500  avg(100): 24.9
  Episode 500/1500  avg(100): 26.7
  Episode 550/1500  avg(100): 39.4
  Episode 600/1500  avg(100): 58.9
  Episode 650/1500  avg(100): 61.5
  Episode 700/1500  avg(100): 63.7
  Episode 750/1500  avg(100): 76.7
  Episode 800/1500  avg(100): 110.8
  Episode 850/1500  avg(100): 122.3
  Episode 900/1500  avg(100): 170.7
  Episode 950/1500  avg(100): 177.5
  Episode 1000/1500  avg(100): 67.9
  Episode 1050/1500  avg(100): 35.4
  Episode 1100/1500  avg(100): 63.9
  Episode 1150/1500  avg(100): 70.1
  Episode 1200/1500  avg(100): 72.0
  Episode 1250/1500  avg(100): 86.5
  Episode 1300/1500  avg(100): 83.2
  Episode 1350/1500  avg(100): 46.5
  Episode 1400/1500  avg(100): 20.8
  Episode 1450/1500  avg(100): 37.8
  Episode 1500/1500  avg(100): 77.7
Trial 81 done: best_avg=200.1, final_avg=77.7, tail_iqm=65.2

============================================================
Trial 85: fractional [32-8] lr=0.0003267784468305603
============================================================
  Episode 50/1500  avg(100): 17.0
  Episode 100/1500  avg(100): 14.7
  Episode 150/1500  avg(100): 12.0
  Episode 200/1500  avg(100): 11.9
  Episode 250/1500  avg(100): 16.9
  Episode 300/1500  avg(100): 22.8
  Episode 350/1500  avg(100): 41.1
  Episode 400/1500  avg(100): 89.5
  Episode 450/1500  avg(100): 143.7
  Episode 500/1500  avg(100): 114.2
  Episode 550/1500  avg(100): 58.9
  Episode 600/1500  avg(100): 58.5
  Episode 650/1500  avg(100): 40.7
  Episode 700/1500  avg(100): 20.7
  Episode 750/1500  avg(100): 21.5
  Episode 800/1500  avg(100): 67.8
  Episode 850/1500  avg(100): 151.4
  Episode 900/1500  avg(100): 201.5
  Episode 950/1500  avg(100): 219.1
  Episode 1000/1500  avg(100): 228.1
  Episode 1050/1500  avg(100): 170.2
  Episode 1100/1500  avg(100): 80.2
  Episode 1150/1500  avg(100): 52.3
  Episode 1200/1500  avg(100): 94.6
  Episode 1250/1500  avg(100): 217.0
  Episode 1300/1500  avg(100): 237.3
  Episode 1350/1500  avg(100): 211.5
  Episode 1400/1500  avg(100): 333.5
  Episode 1450/1500  avg(100): 460.4
  Episode 1500/1500  avg(100): 361.5
Trial 85 done: best_avg=464.7, final_avg=361.5, tail_iqm=237.7

============================================================
Trial 86: fractional [32-8] lr=0.0003259655982395986
============================================================
  Episode 50/1500  avg(100): 17.6
  Episode 100/1500  avg(100): 14.8
  Episode 150/1500  avg(100): 12.1
  Episode 200/1500  avg(100): 12.7
  Episode 250/1500  avg(100): 13.8
  Episode 300/1500  avg(100): 16.0
  Episode 350/1500  avg(100): 19.6
  Episode 400/1500  avg(100): 31.2
  Episode 450/1500  avg(100): 71.6
  Episode 500/1500  avg(100): 109.5
  Episode 550/1500  avg(100): 128.4
  Episode 600/1500  avg(100): 150.1
  Episode 650/1500  avg(100): 144.4
  Episode 700/1500  avg(100): 123.7
  Episode 750/1500  avg(100): 173.9
  Episode 800/1500  avg(100): 249.2
  Episode 850/1500  avg(100): 247.7
  Episode 900/1500  avg(100): 180.2
  Episode 950/1500  avg(100): 170.1
  Episode 1000/1500  avg(100): 156.1
  Episode 1050/1500  avg(100): 107.7
  Episode 1100/1500  avg(100): 105.5
  Episode 1150/1500  avg(100): 97.2
  Episode 1200/1500  avg(100): 90.4
  Episode 1250/1500  avg(100): 109.2
  Episode 1300/1500  avg(100): 133.9
  Episode 1350/1500  avg(100): 147.2
  Episode 1400/1500  avg(100): 302.3
  Episode 1450/1500  avg(100): 461.7
  Episode 1500/1500  avg(100): 487.9
Trial 86 done: best_avg=487.9, final_avg=487.9, tail_iqm=155.2
  -> Converged at episode: 1453

============================================================
Trial 90: fractional [32-8] lr=0.000635549914961826
============================================================
  Episode 50/1500  avg(100): 16.1
  Episode 100/1500  avg(100): 15.3
  Episode 150/1500  avg(100): 14.7
  Episode 200/1500  avg(100): 67.2
  Episode 250/1500  avg(100): 146.5
  Episode 300/1500  avg(100): 147.5
  Episode 350/1500  avg(100): 75.7
  Episode 400/1500  avg(100): 193.9
  Episode 450/1500  avg(100): 411.9
  Episode 500/1500  avg(100): 337.9
  Episode 550/1500  avg(100): 121.5
  Episode 600/1500  avg(100): 25.9
  Episode 650/1500  avg(100): 47.8
  Episode 700/1500  avg(100): 175.1
  Episode 750/1500  avg(100): 193.3
  Episode 800/1500  avg(100): 70.0
  Episode 850/1500  avg(100): 32.5
  Episode 900/1500  avg(100): 70.7
  Episode 950/1500  avg(100): 124.3
  Episode 1000/1500  avg(100): 85.3
  Episode 1050/1500  avg(100): 150.3
  Episode 1100/1500  avg(100): 204.0
  Episode 1150/1500  avg(100): 124.3
  Episode 1200/1500  avg(100): 117.0
  Episode 1250/1500  avg(100): 114.3
  Episode 1300/1500  avg(100): 87.2
  Episode 1350/1500  avg(100): 65.4
  Episode 1400/1500  avg(100): 87.1
  Episode 1450/1500  avg(100): 128.6
  Episode 1500/1500  avg(100): 167.6
Trial 90 done: best_avg=435.6, final_avg=167.6, tail_iqm=110.3

============================================================
Trial 95: fractional [32-8] lr=0.00025726396975410556
============================================================
  Episode 50/1500  avg(100): 18.9
  Episode 100/1500  avg(100): 15.8
  Episode 150/1500  avg(100): 12.2
  Episode 200/1500  avg(100): 11.9
  Episode 250/1500  avg(100): 15.5
  Episode 300/1500  avg(100): 60.3
  Episode 350/1500  avg(100): 128.4
  Episode 400/1500  avg(100): 135.2
  Episode 450/1500  avg(100): 99.8
  Episode 500/1500  avg(100): 82.9
  Episode 550/1500  avg(100): 102.5
  Episode 600/1500  avg(100): 186.8
  Episode 650/1500  avg(100): 374.6
  Episode 700/1500  avg(100): 494.9
  Episode 750/1500  avg(100): 494.0
  Episode 800/1500  avg(100): 498.6
  Episode 850/1500  avg(100): 500.0
  Episode 900/1500  avg(100): 500.0
  Episode 950/1500  avg(100): 500.0
  Episode 1000/1500  avg(100): 500.0
  Episode 1050/1500  avg(100): 500.0
  Episode 1100/1500  avg(100): 500.0
  Episode 1150/1500  avg(100): 500.0
  Episode 1200/1500  avg(100): 462.9
  Episode 1250/1500  avg(100): 462.9
  Episode 1300/1500  avg(100): 391.2
  Episode 1350/1500  avg(100): 332.6
  Episode 1400/1500  avg(100): 441.4
  Episode 1450/1500  avg(100): 494.0
  Episode 1500/1500  avg(100): 416.0
Trial 95 done: best_avg=500.0, final_avg=416.0, tail_iqm=455.1

============================================================
Trial 99: fractional [32-8] lr=0.0002691316607617942
============================================================
  Episode 50/1500  avg(100): 18.5
  Episode 100/1500  avg(100): 15.6
  Episode 150/1500  avg(100): 13.7
  Episode 200/1500  avg(100): 16.9
  Episode 250/1500  avg(100): 14.3
  Episode 300/1500  avg(100): 11.2
  Episode 350/1500  avg(100): 14.4
  Episode 400/1500  avg(100): 45.9
  Episode 450/1500  avg(100): 91.9
  Episode 500/1500  avg(100): 111.9
  Episode 550/1500  avg(100): 114.2
  Episode 600/1500  avg(100): 94.7
  Episode 650/1500  avg(100): 63.0
  Episode 700/1500  avg(100): 56.8
  Episode 750/1500  avg(100): 90.4
  Episode 800/1500  avg(100): 196.7
  Episode 850/1500  avg(100): 388.3
  Episode 900/1500  avg(100): 500.0
  Episode 950/1500  avg(100): 495.1
  Episode 1000/1500  avg(100): 495.1
  Episode 1050/1500  avg(100): 500.0
  Episode 1100/1500  avg(100): 500.0
  Episode 1150/1500  avg(100): 500.0
  Episode 1200/1500  avg(100): 495.1
  Episode 1250/1500  avg(100): 479.0
  Episode 1300/1500  avg(100): 446.5
  Episode 1350/1500  avg(100): 462.6
  Episode 1400/1500  avg(100): 500.0
  Episode 1450/1500  avg(100): 500.0
  Episode 1500/1500  avg(100): 500.0
Trial 99 done: best_avg=500.0, final_avg=500.0, tail_iqm=489.3
  -> Converged at episode: 1389

============================================================
Trial 105: fractional [32-8] lr=0.0003956348786634179
============================================================
  Episode 50/1500  avg(100): 17.0
  Episode 100/1500  avg(100): 16.0
  Episode 150/1500  avg(100): 32.9
  Episode 200/1500  avg(100): 98.6
  Episode 250/1500  avg(100): 148.1
  Episode 300/1500  avg(100): 190.0
  Episode 350/1500  avg(100): 189.4
  Episode 400/1500  avg(100): 118.4
  Episode 450/1500  avg(100): 94.8
  Episode 500/1500  avg(100): 131.4
  Episode 550/1500  avg(100): 134.0
  Episode 600/1500  avg(100): 104.8
  Episode 650/1500  avg(100): 104.8
  Episode 700/1500  avg(100): 144.2
  Episode 750/1500  avg(100): 331.1
  Episode 800/1500  avg(100): 366.8
  Episode 850/1500  avg(100): 353.3
  Episode 900/1500  avg(100): 475.7
  Episode 950/1500  avg(100): 494.8
  Episode 1000/1500  avg(100): 455.8
  Episode 1050/1500  avg(100): 460.1
  Episode 1100/1500  avg(100): 490.3
  Episode 1150/1500  avg(100): 480.6
  Episode 1200/1500  avg(100): 475.9
  Episode 1250/1500  avg(100): 480.8
  Episode 1300/1500  avg(100): 490.3
  Episode 1350/1500  avg(100): 490.3
  Episode 1400/1500  avg(100): 490.3
  Episode 1450/1500  avg(100): 495.1
  Episode 1500/1500  avg(100): 500.0
Trial 105 done: best_avg=500.0, final_avg=500.0, tail_iqm=487.7
  -> Converged at episode: 1177

============================================================
Trial 110: fractional [32-8] lr=0.0004559485656346293
============================================================
  Episode 50/1500  avg(100): 16.1
  Episode 100/1500  avg(100): 14.5
  Episode 150/1500  avg(100): 14.6
  Episode 200/1500  avg(100): 52.7
  Episode 250/1500  avg(100): 95.2
  Episode 300/1500  avg(100): 107.1
  Episode 350/1500  avg(100): 108.8
  Episode 400/1500  avg(100): 116.9
  Episode 450/1500  avg(100): 185.2
  Episode 500/1500  avg(100): 332.0
  Episode 550/1500  avg(100): 461.3
  Episode 600/1500  avg(100): 497.8
  Episode 650/1500  avg(100): 405.1
  Episode 700/1500  avg(100): 234.1
  Episode 750/1500  avg(100): 81.6
  Episode 800/1500  avg(100): 9.6
  Episode 850/1500  avg(100): 10.2
  Episode 900/1500  avg(100): 40.4
  Episode 950/1500  avg(100): 60.2
  Episode 1000/1500  avg(100): 82.3
  Episode 1050/1500  avg(100): 106.4
  Episode 1100/1500  avg(100): 106.6
  Episode 1150/1500  avg(100): 193.5
  Episode 1200/1500  avg(100): 370.9
  Episode 1250/1500  avg(100): 441.3
  Episode 1300/1500  avg(100): 406.8
  Episode 1350/1500  avg(100): 410.6
  Episode 1400/1500  avg(100): 460.6
  Episode 1450/1500  avg(100): 431.0
  Episode 1500/1500  avg(100): 382.4
Trial 110 done: best_avg=500.0, final_avg=382.4, tail_iqm=404.6

============================================================
Trial 115: fractional [32-32] lr=0.00022446250408843514
============================================================
  Episode 50/1500  avg(100): 16.7
  Episode 100/1500  avg(100): 14.6
  Episode 150/1500  avg(100): 14.2
  Episode 200/1500  avg(100): 26.5
  Episode 250/1500  avg(100): 79.9
  Episode 300/1500  avg(100): 105.2
  Episode 350/1500  avg(100): 96.3
  Episode 400/1500  avg(100): 117.2
  Episode 450/1500  avg(100): 137.1
  Episode 500/1500  avg(100): 170.5
  Episode 550/1500  avg(100): 297.6
  Episode 600/1500  avg(100): 301.4
  Episode 650/1500  avg(100): 174.3
  Episode 700/1500  avg(100): 203.0
  Episode 750/1500  avg(100): 191.6
  Episode 800/1500  avg(100): 141.8
  Episode 850/1500  avg(100): 260.6
  Episode 900/1500  avg(100): 271.3
  Episode 950/1500  avg(100): 264.8
  Episode 1000/1500  avg(100): 292.5
  Episode 1050/1500  avg(100): 362.4
  Episode 1100/1500  avg(100): 376.3
  Episode 1150/1500  avg(100): 210.3
  Episode 1200/1500  avg(100): 322.8
  Episode 1250/1500  avg(100): 492.1
  Episode 1300/1500  avg(100): 496.2
  Episode 1350/1500  avg(100): 456.6
  Episode 1400/1500  avg(100): 423.0
Traceback (most recent call last):
  File "/u/niklas2/intrinsic-memory-SNNs/venv/lib/python3.13/site-packages/sqlalchemy/engine/base.py", line 1967, in _exec_single_context
    self.dialect.do_execute(
    ~~~~~~~~~~~~~~~~~~~~~~~^
        cursor, str_statement, effective_parameters, context
        ^^^^^^^^^^^^^^^^^^^^^^^^^^^^^^^^^^^^^^^^^^^^^^^^^^^^
    )
    ^
  File "/u/niklas2/intrinsic-memory-SNNs/venv/lib/python3.13/site-packages/sqlalchemy/engine/default.py", line 952, in do_execute
    cursor.execute(statement, parameters)
    ~~~~~~~~~~~~~~^^^^^^^^^^^^^^^^^^^^^^^
sqlite3.OperationalError: database is locked

The above exception was the direct cause of the following exception:

Traceback (most recent call last):
  File "/u/niklas2/intrinsic-memory-SNNs/venv/lib/python3.13/site-packages/optuna/storages/_rdb/storage.py", line 77, in _create_scoped_session
    session.commit()
    ~~~~~~~~~~~~~~^^
  File "/u/niklas2/intrinsic-memory-SNNs/venv/lib/python3.13/site-packages/sqlalchemy/orm/session.py", line 2030, in commit
    trans.commit(_to_root=True)
    ~~~~~~~~~~~~^^^^^^^^^^^^^^^
  File "<string>", line 2, in commit
  File "/u/niklas2/intrinsic-memory-SNNs/venv/lib/python3.13/site-packages/sqlalchemy/orm/state_changes.py", line 137, in _go
    ret_value = fn(self, *arg, **kw)
  File "/u/niklas2/intrinsic-memory-SNNs/venv/lib/python3.13/site-packages/sqlalchemy/orm/session.py", line 1311, in commit
    self._prepare_impl()
    ~~~~~~~~~~~~~~~~~~^^
  File "<string>", line 2, in _prepare_impl
  File "/u/niklas2/intrinsic-memory-SNNs/venv/lib/python3.13/site-packages/sqlalchemy/orm/state_changes.py", line 137, in _go
    ret_value = fn(self, *arg, **kw)
  File "/u/niklas2/intrinsic-memory-SNNs/venv/lib/python3.13/site-packages/sqlalchemy/orm/session.py", line 1286, in _prepare_impl
    self.session.flush()
    ~~~~~~~~~~~~~~~~~~^^
  File "/u/niklas2/intrinsic-memory-SNNs/venv/lib/python3.13/site-packages/sqlalchemy/orm/session.py", line 4331, in flush
    self._flush(objects)
    ~~~~~~~~~~~^^^^^^^^^
  File "/u/niklas2/intrinsic-memory-SNNs/venv/lib/python3.13/site-packages/sqlalchemy/orm/session.py", line 4466, in _flush
    with util.safe_reraise():
         ~~~~~~~~~~~~~~~~~^^
  File "/u/niklas2/intrinsic-memory-SNNs/venv/lib/python3.13/site-packages/sqlalchemy/util/langhelpers.py", line 121, in __exit__
    raise exc_value.with_traceback(exc_tb)
  File "/u/niklas2/intrinsic-memory-SNNs/venv/lib/python3.13/site-packages/sqlalchemy/orm/session.py", line 4427, in _flush
    flush_context.execute()
    ~~~~~~~~~~~~~~~~~~~~~^^
  File "/u/niklas2/intrinsic-memory-SNNs/venv/lib/python3.13/site-packages/sqlalchemy/orm/unitofwork.py", line 466, in execute
    rec.execute(self)
    ~~~~~~~~~~~^^^^^^
  File "/u/niklas2/intrinsic-memory-SNNs/venv/lib/python3.13/site-packages/sqlalchemy/orm/unitofwork.py", line 642, in execute
    util.preloaded.orm_persistence.save_obj(
    ~~~~~~~~~~~~~~~~~~~~~~~~~~~~~~~~~~~~~~~^
        self.mapper,
        ^^^^^^^^^^^^
        uow.states_for_mapper_hierarchy(self.mapper, False, False),
        ^^^^^^^^^^^^^^^^^^^^^^^^^^^^^^^^^^^^^^^^^^^^^^^^^^^^^^^^^^^
        uow,
        ^^^^
    )
    ^
  File "/u/niklas2/intrinsic-memory-SNNs/venv/lib/python3.13/site-packages/sqlalchemy/orm/persistence.py", line 85, in save_obj
    _emit_update_statements(
    ~~~~~~~~~~~~~~~~~~~~~~~^
        base_mapper,
        ^^^^^^^^^^^^
    ...<3 lines>...
        update,
        ^^^^^^^
    )
    ^
  File "/u/niklas2/intrinsic-memory-SNNs/venv/lib/python3.13/site-packages/sqlalchemy/orm/persistence.py", line 912, in _emit_update_statements
    c = connection.execute(
        statement, multiparams, execution_options=execution_options
    )
  File "/u/niklas2/intrinsic-memory-SNNs/venv/lib/python3.13/site-packages/sqlalchemy/engine/base.py", line 1419, in execute
    return meth(
        self,
        distilled_parameters,
        execution_options or NO_OPTIONS,
    )
  File "/u/niklas2/intrinsic-memory-SNNs/venv/lib/python3.13/site-packages/sqlalchemy/sql/elements.py", line 527, in _execute_on_connection
    return connection._execute_clauseelement(
           ~~~~~~~~~~~~~~~~~~~~~~~~~~~~~~~~~^
        self, distilled_params, execution_options
        ^^^^^^^^^^^^^^^^^^^^^^^^^^^^^^^^^^^^^^^^^
    )
    ^
  File "/u/niklas2/intrinsic-memory-SNNs/venv/lib/python3.13/site-packages/sqlalchemy/engine/base.py", line 1641, in _execute_clauseelement
    ret = self._execute_context(
        dialect,
    ...<8 lines>...
        cache_hit=cache_hit,
    )
  File "/u/niklas2/intrinsic-memory-SNNs/venv/lib/python3.13/site-packages/sqlalchemy/engine/base.py", line 1846, in _execute_context
    return self._exec_single_context(
           ~~~~~~~~~~~~~~~~~~~~~~~~~^
        dialect, context, statement, parameters
        ^^^^^^^^^^^^^^^^^^^^^^^^^^^^^^^^^^^^^^^
    )
    ^
  File "/u/niklas2/intrinsic-memory-SNNs/venv/lib/python3.13/site-packages/sqlalchemy/engine/base.py", line 1986, in _exec_single_context
    self._handle_dbapi_exception(
    ~~~~~~~~~~~~~~~~~~~~~~~~~~~~^
        e, str_statement, effective_parameters, cursor, context
        ^^^^^^^^^^^^^^^^^^^^^^^^^^^^^^^^^^^^^^^^^^^^^^^^^^^^^^^
    )
    ^
  File "/u/niklas2/intrinsic-memory-SNNs/venv/lib/python3.13/site-packages/sqlalchemy/engine/base.py", line 2363, in _handle_dbapi_exception
    raise sqlalchemy_exception.with_traceback(exc_info[2]) from e
  File "/u/niklas2/intrinsic-memory-SNNs/venv/lib/python3.13/site-packages/sqlalchemy/engine/base.py", line 1967, in _exec_single_context
    self.dialect.do_execute(
    ~~~~~~~~~~~~~~~~~~~~~~~^
        cursor, str_statement, effective_parameters, context
        ^^^^^^^^^^^^^^^^^^^^^^^^^^^^^^^^^^^^^^^^^^^^^^^^^^^^
    )
    ^
  File "/u/niklas2/intrinsic-memory-SNNs/venv/lib/python3.13/site-packages/sqlalchemy/engine/default.py", line 952, in do_execute
    cursor.execute(statement, parameters)
    ~~~~~~~~~~~~~~^^^^^^^^^^^^^^^^^^^^^^^
sqlalchemy.exc.OperationalError: (sqlite3.OperationalError) database is locked
[SQL: UPDATE trials SET state=?, datetime_complete=? WHERE trials.trial_id = ?]
[parameters: ('FAIL', '2026-05-19 09:31:15.841875', 166)]
(Background on this error at: https://sqlalche.me/e/20/e3q8)

The above exception was the direct cause of the following exception:

Traceback (most recent call last):
  File "/u/niklas2/intrinsic-memory-SNNs/venv/lib/python3.13/site-packages/optuna/study/_optimize.py", line 209, in _run_trial
    frozen_trial = _tell_with_warning(
        study=study,
    ...<3 lines>...
        suppress_warning=True,
    )
  File "/u/niklas2/intrinsic-memory-SNNs/venv/lib/python3.13/site-packages/optuna/study/_tell.py", line 181, in _tell_with_warning
    study._storage.set_trial_state_values(frozen_trial._trial_id, state, values)
    ~~~~~~~~~~~~~~~~~~~~~~~~~~~~~~~~~~~~~^^^^^^^^^^^^^^^^^^^^^^^^^^^^^^^^^^^^^^^
  File "/u/niklas2/intrinsic-memory-SNNs/venv/lib/python3.13/site-packages/optuna/storages/_cached_storage.py", line 185, in set_trial_state_values
    return self._backend.set_trial_state_values(trial_id, state=state, values=values)
           ~~~~~~~~~~~~~~~~~~~~~~~~~~~~~~~~~~~~^^^^^^^^^^^^^^^^^^^^^^^^^^^^^^^^^^^^^^
  File "/u/niklas2/intrinsic-memory-SNNs/venv/lib/python3.13/site-packages/optuna/storages/_rdb/storage.py", line 617, in set_trial_state_values
    with _create_scoped_session(self.scoped_session) as session:
         ~~~~~~~~~~~~~~~~~~~~~~^^^^^^^^^^^^^^^^^^^^^
  File "/u/niklas2/.pyenv/versions/3.13.7/lib/python3.13/contextlib.py", line 148, in __exit__
    next(self.gen)
    ~~~~^^^^^^^^^^
  File "/u/niklas2/intrinsic-memory-SNNs/venv/lib/python3.13/site-packages/optuna/storages/_rdb/storage.py", line 94, in _create_scoped_session
    raise optuna.exceptions.StorageInternalError(message) from e
optuna.exceptions.StorageInternalError: An exception is raised during the commit. This typically happens due to invalid data in the commit, e.g. exceeding max length. 

During handling of the above exception, another exception occurred:

Traceback (most recent call last):
  File "/u/niklas2/intrinsic-memory-SNNs/2_training_and_simulation/train/optimize.py", line 664, in <module>
    main()
    ~~~~^^
  File "/u/niklas2/intrinsic-memory-SNNs/2_training_and_simulation/train/optimize.py", line 623, in main
    study.optimize(objective, n_trials=args.n_trials)
    ~~~~~~~~~~~~~~^^^^^^^^^^^^^^^^^^^^^^^^^^^^^^^^^^^
  File "/u/niklas2/intrinsic-memory-SNNs/venv/lib/python3.13/site-packages/optuna/study/study.py", line 475, in optimize
    _optimize(
    ~~~~~~~~~^
        study=self,
        ^^^^^^^^^^^
    ...<7 lines>...
        show_progress_bar=show_progress_bar,
        ^^^^^^^^^^^^^^^^^^^^^^^^^^^^^^^^^^^^
    )
    ^
  File "/u/niklas2/intrinsic-memory-SNNs/venv/lib/python3.13/site-packages/optuna/study/_optimize.py", line 63, in _optimize
    _optimize_sequential(
    ~~~~~~~~~~~~~~~~~~~~^
        study,
        ^^^^^^
    ...<8 lines>...
        progress_bar=progress_bar,
        ^^^^^^^^^^^^^^^^^^^^^^^^^^
    )
    ^
  File "/u/niklas2/intrinsic-memory-SNNs/venv/lib/python3.13/site-packages/optuna/study/_optimize.py", line 160, in _optimize_sequential
    frozen_trial = _run_trial(study, func, catch)
  File "/u/niklas2/intrinsic-memory-SNNs/venv/lib/python3.13/site-packages/optuna/study/_optimize.py", line 241, in _run_trial
    assert False, "Should not reach."
           ^^^^^
AssertionError: Should not reach.
