Multi-seed training for: fractional-32-8-8
  device       : cpu
  num_seeds    : 1
  base_seed    : 46
  num_episodes : 1500
  output_dir   : metrics/multi-seed/fractional-32-8-8/_workers/seed46

============================================================
Seed 46 (1/1)
============================================================
  Episode 50/1500  avg(100): 18.1
  Episode 100/1500  avg(100): 16.1
  Episode 150/1500  avg(100): 14.4
  Episode 200/1500  avg(100): 49.1
  Episode 250/1500  avg(100): 111.2
  Episode 300/1500  avg(100): 146.7
  Episode 350/1500  avg(100): 146.6
  Episode 400/1500  avg(100): 176.8
  Episode 450/1500  avg(100): 192.4
  Episode 500/1500  avg(100): 115.1
  Episode 550/1500  avg(100): 49.2
  Episode 600/1500  avg(100): 119.1
  Episode 650/1500  avg(100): 165.2
  Episode 700/1500  avg(100): 126.2
  Episode 750/1500  avg(100): 126.6
  Episode 800/1500  avg(100): 155.1
  Episode 850/1500  avg(100): 131.2
  Episode 900/1500  avg(100): 102.5
  Episode 950/1500  avg(100): 96.8
  Episode 1000/1500  avg(100): 170.2
  Episode 1050/1500  avg(100): 143.9
  Episode 1100/1500  avg(100): 15.8
  Episode 1150/1500  avg(100): 82.2
  Episode 1200/1500  avg(100): 254.8
  Episode 1250/1500  avg(100): 423.7
  Episode 1300/1500  avg(100): 440.2
  Episode 1350/1500  avg(100): 369.1
  Episode 1400/1500  avg(100): 222.0
  Episode 1450/1500  avg(100): 202.1
  Episode 1500/1500  avg(100): 290.5
Model saved to models/fractional-32-8-8-seed46-final.pth
  per-episode CSV streamed to: metrics/multi-seed/fractional-32-8-8/_workers/seed46/fractional-32-8-8-seed46.csv

Summary CSV: metrics/multi-seed/fractional-32-8-8/_workers/seed46/fractional-32-8-8-summary.csv

Results across 1 seeds:
  solved (final_avg >= 475) : 0/1 seeds
  final_avg_reward  : 290.50 ± 0.00  (primary metric: CartPole-v1 standard)
  best_avg_reward   : 490.02 ± 0.00
  tail_iqm_reward   : 287.92 ± 0.00  (diagnostic: matches Optuna selection metric)
  convergence_ep    : never reached threshold in any seed

Robust reporting (final_avg_reward across seeds, 95% bootstrap CI):
  IQM   : 290.50  [95% CI: 290.50, 290.50]
  Mean  : 290.50  [95% CI: 290.50, 290.50]
  (note: with N < 10, bootstrap CIs and IQM are necessarily wide; per Colas et al. 2018 consider increasing --num-seeds.)
