Multi-seed training for: fractional-32-8-8
  device       : cpu
  num_seeds    : 1
  base_seed    : 43
  num_episodes : 1500
  output_dir   : metrics/multi-seed/fractional-32-8-8/_workers/seed43

============================================================
Seed 43 (1/1)
============================================================
  Episode 50/1500  avg(100): 17.2
  Episode 100/1500  avg(100): 16.1
  Episode 150/1500  avg(100): 16.5
  Episode 200/1500  avg(100): 44.2
  Episode 250/1500  avg(100): 97.5
  Episode 300/1500  avg(100): 138.2
  Episode 350/1500  avg(100): 139.4
  Episode 400/1500  avg(100): 124.9
  Episode 450/1500  avg(100): 145.7
  Episode 500/1500  avg(100): 250.8
  Episode 550/1500  avg(100): 398.9
  Episode 600/1500  avg(100): 481.4
  Episode 650/1500  avg(100): 482.2
  Episode 700/1500  avg(100): 455.9
  Episode 750/1500  avg(100): 472.5
  Episode 800/1500  avg(100): 500.0
  Episode 850/1500  avg(100): 500.0
  Episode 900/1500  avg(100): 490.6
  Episode 950/1500  avg(100): 480.8
  Episode 1000/1500  avg(100): 461.0
  Episode 1050/1500  avg(100): 407.3
  Episode 1100/1500  avg(100): 348.6
  Episode 1150/1500  avg(100): 236.1
  Episode 1200/1500  avg(100): 255.5
  Episode 1250/1500  avg(100): 431.5
  Episode 1300/1500  avg(100): 465.9
  Episode 1350/1500  avg(100): 397.8
  Episode 1400/1500  avg(100): 358.7
  Episode 1450/1500  avg(100): 221.3
  Episode 1500/1500  avg(100): 51.5
Model saved to models/fractional-32-8-8-seed43-final.pth
  per-episode CSV streamed to: metrics/multi-seed/fractional-32-8-8/_workers/seed43/fractional-32-8-8-seed43.csv

Summary CSV: metrics/multi-seed/fractional-32-8-8/_workers/seed43/fractional-32-8-8-summary.csv

Results across 1 seeds:
  solved (final_avg >= 475) : 0/1 seeds
  final_avg_reward  : 51.47 ± 0.00  (primary metric: CartPole-v1 standard)
  best_avg_reward   : 500.00 ± 0.00
  tail_iqm_reward   : 325.48 ± 0.00  (diagnostic: matches Optuna selection metric)
  convergence_ep    : never reached threshold in any seed

Robust reporting (final_avg_reward across seeds, 95% bootstrap CI):
  IQM   : 51.47  [95% CI: 51.47, 51.47]
  Mean  : 51.47  [95% CI: 51.47, 51.47]
  (note: with N < 10, bootstrap CIs and IQM are necessarily wide; per Colas et al. 2018 consider increasing --num-seeds.)
