Multi-seed training for: fractional-32-8-8
  device       : cpu
  num_seeds    : 1
  base_seed    : 51
  num_episodes : 1500
  output_dir   : metrics/multi-seed/fractional-32-8-8/_workers/seed51

============================================================
Seed 51 (1/1)
============================================================
  Episode 50/1500  avg(100): 17.7
  Episode 100/1500  avg(100): 14.8
  Episode 150/1500  avg(100): 13.5
  Episode 200/1500  avg(100): 22.4
  Episode 250/1500  avg(100): 47.5
  Episode 300/1500  avg(100): 78.1
  Episode 350/1500  avg(100): 91.6
  Episode 400/1500  avg(100): 107.8
  Episode 450/1500  avg(100): 113.2
  Episode 500/1500  avg(100): 99.9
  Episode 550/1500  avg(100): 120.5
  Episode 600/1500  avg(100): 203.0
  Episode 650/1500  avg(100): 377.3
  Episode 700/1500  avg(100): 496.4
  Episode 750/1500  avg(100): 500.0
  Episode 800/1500  avg(100): 454.0
  Episode 850/1500  avg(100): 448.6
  Episode 900/1500  avg(100): 486.2
  Episode 950/1500  avg(100): 413.2
  Episode 1000/1500  avg(100): 383.1
  Episode 1050/1500  avg(100): 461.5
  Episode 1100/1500  avg(100): 450.9
  Episode 1150/1500  avg(100): 448.8
  Episode 1200/1500  avg(100): 497.9
  Episode 1250/1500  avg(100): 429.9
  Episode 1300/1500  avg(100): 429.9
  Episode 1350/1500  avg(100): 500.0
  Episode 1400/1500  avg(100): 496.4
  Episode 1450/1500  avg(100): 366.9
  Episode 1500/1500  avg(100): 329.1
Model saved to models/fractional-32-8-8-seed51-final.pth
  per-episode CSV streamed to: metrics/multi-seed/fractional-32-8-8/_workers/seed51/fractional-32-8-8-seed51.csv

Summary CSV: metrics/multi-seed/fractional-32-8-8/_workers/seed51/fractional-32-8-8-summary.csv

Results across 1 seeds:
  solved (final_avg >= 475) : 0/1 seeds
  final_avg_reward  : 329.15 ± 0.00  (primary metric: CartPole-v1 standard)
  best_avg_reward   : 500.00 ± 0.00
  tail_iqm_reward   : 451.90 ± 0.00  (diagnostic: matches Optuna selection metric)
  convergence_ep    : never reached threshold in any seed

Robust reporting (final_avg_reward across seeds, 95% bootstrap CI):
  IQM   : 329.15  [95% CI: 329.15, 329.15]
  Mean  : 329.15  [95% CI: 329.15, 329.15]
  (note: with N < 10, bootstrap CIs and IQM are necessarily wide; per Colas et al. 2018 consider increasing --num-seeds.)
