Multi-seed training for: bitshift-custom_slow_decay-64-4-64
  device       : cpu
  num_seeds    : 1
  base_seed    : 50
  num_episodes : 2500
  output_dir   : metrics/multi-seed/_workers/bitshift-custom_slow_decay-64-4-64/seed50

============================================================
Seed 50 (1/1)
============================================================
  Episode 50/2500  avg(100): 21.0
Model saved to models/bitshift-custom_slow_decay-64-4-64-seed50-best.pth
  Episode 100/2500  avg(100): 18.2
  Episode 150/2500  avg(100): 13.9
  Episode 200/2500  avg(100): 12.5
  Episode 250/2500  avg(100): 13.9
  Episode 300/2500  avg(100): 16.8
Model saved to models/bitshift-custom_slow_decay-64-4-64-seed50-best.pth
Model saved to models/bitshift-custom_slow_decay-64-4-64-seed50-best.pth
Model saved to models/bitshift-custom_slow_decay-64-4-64-seed50-best.pth
Model saved to models/bitshift-custom_slow_decay-64-4-64-seed50-best.pth
Model saved to models/bitshift-custom_slow_decay-64-4-64-seed50-best.pth
Model saved to models/bitshift-custom_slow_decay-64-4-64-seed50-best.pth
Model saved to models/bitshift-custom_slow_decay-64-4-64-seed50-best.pth
Model saved to models/bitshift-custom_slow_decay-64-4-64-seed50-best.pth
Model saved to models/bitshift-custom_slow_decay-64-4-64-seed50-best.pth
Model saved to models/bitshift-custom_slow_decay-64-4-64-seed50-best.pth
Model saved to models/bitshift-custom_slow_decay-64-4-64-seed50-best.pth
Model saved to models/bitshift-custom_slow_decay-64-4-64-seed50-best.pth
Model saved to models/bitshift-custom_slow_decay-64-4-64-seed50-best.pth
Model saved to models/bitshift-custom_slow_decay-64-4-64-seed50-best.pth
Model saved to models/bitshift-custom_slow_decay-64-4-64-seed50-best.pth
Model saved to models/bitshift-custom_slow_decay-64-4-64-seed50-best.pth
Model saved to models/bitshift-custom_slow_decay-64-4-64-seed50-best.pth
Model saved to models/bitshift-custom_slow_decay-64-4-64-seed50-best.pth
Model saved to models/bitshift-custom_slow_decay-64-4-64-seed50-best.pth
  Episode 350/2500  avg(100): 20.1
Model saved to models/bitshift-custom_slow_decay-64-4-64-seed50-best.pth
Model saved to models/bitshift-custom_slow_decay-64-4-64-seed50-best.pth
Model saved to models/bitshift-custom_slow_decay-64-4-64-seed50-best.pth
Model saved to models/bitshift-custom_slow_decay-64-4-64-seed50-best.pth
Model saved to models/bitshift-custom_slow_decay-64-4-64-seed50-best.pth
Model saved to models/bitshift-custom_slow_decay-64-4-64-seed50-best.pth
Model saved to models/bitshift-custom_slow_decay-64-4-64-seed50-best.pth
Model saved to models/bitshift-custom_slow_decay-64-4-64-seed50-best.pth
Model saved to models/bitshift-custom_slow_decay-64-4-64-seed50-best.pth
Model saved to models/bitshift-custom_slow_decay-64-4-64-seed50-best.pth
Model saved to models/bitshift-custom_slow_decay-64-4-64-seed50-best.pth
Model saved to models/bitshift-custom_slow_decay-64-4-64-seed50-best.pth
Model saved to models/bitshift-custom_slow_decay-64-4-64-seed50-best.pth
Model saved to models/bitshift-custom_slow_decay-64-4-64-seed50-best.pth
Model saved to models/bitshift-custom_slow_decay-64-4-64-seed50-best.pth
Model saved to models/bitshift-custom_slow_decay-64-4-64-seed50-best.pth
Model saved to models/bitshift-custom_slow_decay-64-4-64-seed50-best.pth
Model saved to models/bitshift-custom_slow_decay-64-4-64-seed50-best.pth
Model saved to models/bitshift-custom_slow_decay-64-4-64-seed50-best.pth
Model saved to models/bitshift-custom_slow_decay-64-4-64-seed50-best.pth
Model saved to models/bitshift-custom_slow_decay-64-4-64-seed50-best.pth
Model saved to models/bitshift-custom_slow_decay-64-4-64-seed50-best.pth
Model saved to models/bitshift-custom_slow_decay-64-4-64-seed50-best.pth
Model saved to models/bitshift-custom_slow_decay-64-4-64-seed50-best.pth
Model saved to models/bitshift-custom_slow_decay-64-4-64-seed50-best.pth
Model saved to models/bitshift-custom_slow_decay-64-4-64-seed50-best.pth
Model saved to models/bitshift-custom_slow_decay-64-4-64-seed50-best.pth
Model saved to models/bitshift-custom_slow_decay-64-4-64-seed50-best.pth
Model saved to models/bitshift-custom_slow_decay-64-4-64-seed50-best.pth
Model saved to models/bitshift-custom_slow_decay-64-4-64-seed50-best.pth
Model saved to models/bitshift-custom_slow_decay-64-4-64-seed50-best.pth
Model saved to models/bitshift-custom_slow_decay-64-4-64-seed50-best.pth
Model saved to models/bitshift-custom_slow_decay-64-4-64-seed50-best.pth
Model saved to models/bitshift-custom_slow_decay-64-4-64-seed50-best.pth
Model saved to models/bitshift-custom_slow_decay-64-4-64-seed50-best.pth
Model saved to models/bitshift-custom_slow_decay-64-4-64-seed50-best.pth
Model saved to models/bitshift-custom_slow_decay-64-4-64-seed50-best.pth
Model saved to models/bitshift-custom_slow_decay-64-4-64-seed50-best.pth
  Episode 400/2500  avg(100): 23.4
Model saved to models/bitshift-custom_slow_decay-64-4-64-seed50-best.pth
Model saved to models/bitshift-custom_slow_decay-64-4-64-seed50-best.pth
Model saved to models/bitshift-custom_slow_decay-64-4-64-seed50-best.pth
Model saved to models/bitshift-custom_slow_decay-64-4-64-seed50-best.pth
Model saved to models/bitshift-custom_slow_decay-64-4-64-seed50-best.pth
Model saved to models/bitshift-custom_slow_decay-64-4-64-seed50-best.pth
Model saved to models/bitshift-custom_slow_decay-64-4-64-seed50-best.pth
Model saved to models/bitshift-custom_slow_decay-64-4-64-seed50-best.pth
Model saved to models/bitshift-custom_slow_decay-64-4-64-seed50-best.pth
Model saved to models/bitshift-custom_slow_decay-64-4-64-seed50-best.pth
Model saved to models/bitshift-custom_slow_decay-64-4-64-seed50-best.pth
Model saved to models/bitshift-custom_slow_decay-64-4-64-seed50-best.pth
Model saved to models/bitshift-custom_slow_decay-64-4-64-seed50-best.pth
Model saved to models/bitshift-custom_slow_decay-64-4-64-seed50-best.pth
Model saved to models/bitshift-custom_slow_decay-64-4-64-seed50-best.pth
Model saved to models/bitshift-custom_slow_decay-64-4-64-seed50-best.pth
Model saved to models/bitshift-custom_slow_decay-64-4-64-seed50-best.pth
Model saved to models/bitshift-custom_slow_decay-64-4-64-seed50-best.pth
Model saved to models/bitshift-custom_slow_decay-64-4-64-seed50-best.pth
Model saved to models/bitshift-custom_slow_decay-64-4-64-seed50-best.pth
Model saved to models/bitshift-custom_slow_decay-64-4-64-seed50-best.pth
Model saved to models/bitshift-custom_slow_decay-64-4-64-seed50-best.pth
Model saved to models/bitshift-custom_slow_decay-64-4-64-seed50-best.pth
Model saved to models/bitshift-custom_slow_decay-64-4-64-seed50-best.pth
Model saved to models/bitshift-custom_slow_decay-64-4-64-seed50-best.pth
Model saved to models/bitshift-custom_slow_decay-64-4-64-seed50-best.pth
Model saved to models/bitshift-custom_slow_decay-64-4-64-seed50-best.pth
Model saved to models/bitshift-custom_slow_decay-64-4-64-seed50-best.pth
Model saved to models/bitshift-custom_slow_decay-64-4-64-seed50-best.pth
Model saved to models/bitshift-custom_slow_decay-64-4-64-seed50-best.pth
Model saved to models/bitshift-custom_slow_decay-64-4-64-seed50-best.pth
Model saved to models/bitshift-custom_slow_decay-64-4-64-seed50-best.pth
Model saved to models/bitshift-custom_slow_decay-64-4-64-seed50-best.pth
Model saved to models/bitshift-custom_slow_decay-64-4-64-seed50-best.pth
Model saved to models/bitshift-custom_slow_decay-64-4-64-seed50-best.pth
Model saved to models/bitshift-custom_slow_decay-64-4-64-seed50-best.pth
Model saved to models/bitshift-custom_slow_decay-64-4-64-seed50-best.pth
Model saved to models/bitshift-custom_slow_decay-64-4-64-seed50-best.pth
Model saved to models/bitshift-custom_slow_decay-64-4-64-seed50-best.pth
Model saved to models/bitshift-custom_slow_decay-64-4-64-seed50-best.pth
Model saved to models/bitshift-custom_slow_decay-64-4-64-seed50-best.pth
Model saved to models/bitshift-custom_slow_decay-64-4-64-seed50-best.pth
Model saved to models/bitshift-custom_slow_decay-64-4-64-seed50-best.pth
Model saved to models/bitshift-custom_slow_decay-64-4-64-seed50-best.pth
Model saved to models/bitshift-custom_slow_decay-64-4-64-seed50-best.pth
Model saved to models/bitshift-custom_slow_decay-64-4-64-seed50-best.pth
Model saved to models/bitshift-custom_slow_decay-64-4-64-seed50-best.pth
Model saved to models/bitshift-custom_slow_decay-64-4-64-seed50-best.pth
  Episode 450/2500  avg(100): 53.5
Model saved to models/bitshift-custom_slow_decay-64-4-64-seed50-best.pth
Model saved to models/bitshift-custom_slow_decay-64-4-64-seed50-best.pth
Model saved to models/bitshift-custom_slow_decay-64-4-64-seed50-best.pth
Model saved to models/bitshift-custom_slow_decay-64-4-64-seed50-best.pth
Model saved to models/bitshift-custom_slow_decay-64-4-64-seed50-best.pth
Model saved to models/bitshift-custom_slow_decay-64-4-64-seed50-best.pth
Model saved to models/bitshift-custom_slow_decay-64-4-64-seed50-best.pth
Model saved to models/bitshift-custom_slow_decay-64-4-64-seed50-best.pth
Model saved to models/bitshift-custom_slow_decay-64-4-64-seed50-best.pth
Model saved to models/bitshift-custom_slow_decay-64-4-64-seed50-best.pth
Model saved to models/bitshift-custom_slow_decay-64-4-64-seed50-best.pth
Model saved to models/bitshift-custom_slow_decay-64-4-64-seed50-best.pth
Model saved to models/bitshift-custom_slow_decay-64-4-64-seed50-best.pth
Model saved to models/bitshift-custom_slow_decay-64-4-64-seed50-best.pth
Model saved to models/bitshift-custom_slow_decay-64-4-64-seed50-best.pth
Model saved to models/bitshift-custom_slow_decay-64-4-64-seed50-best.pth
Model saved to models/bitshift-custom_slow_decay-64-4-64-seed50-best.pth
Model saved to models/bitshift-custom_slow_decay-64-4-64-seed50-best.pth
Model saved to models/bitshift-custom_slow_decay-64-4-64-seed50-best.pth
Model saved to models/bitshift-custom_slow_decay-64-4-64-seed50-best.pth
Model saved to models/bitshift-custom_slow_decay-64-4-64-seed50-best.pth
Model saved to models/bitshift-custom_slow_decay-64-4-64-seed50-best.pth
Model saved to models/bitshift-custom_slow_decay-64-4-64-seed50-best.pth
Model saved to models/bitshift-custom_slow_decay-64-4-64-seed50-best.pth
Model saved to models/bitshift-custom_slow_decay-64-4-64-seed50-best.pth
Model saved to models/bitshift-custom_slow_decay-64-4-64-seed50-best.pth
Model saved to models/bitshift-custom_slow_decay-64-4-64-seed50-best.pth
Model saved to models/bitshift-custom_slow_decay-64-4-64-seed50-best.pth
Model saved to models/bitshift-custom_slow_decay-64-4-64-seed50-best.pth
Model saved to models/bitshift-custom_slow_decay-64-4-64-seed50-best.pth
Model saved to models/bitshift-custom_slow_decay-64-4-64-seed50-best.pth
Model saved to models/bitshift-custom_slow_decay-64-4-64-seed50-best.pth
Model saved to models/bitshift-custom_slow_decay-64-4-64-seed50-best.pth
Model saved to models/bitshift-custom_slow_decay-64-4-64-seed50-best.pth
Model saved to models/bitshift-custom_slow_decay-64-4-64-seed50-best.pth
Model saved to models/bitshift-custom_slow_decay-64-4-64-seed50-best.pth
Model saved to models/bitshift-custom_slow_decay-64-4-64-seed50-best.pth
Model saved to models/bitshift-custom_slow_decay-64-4-64-seed50-best.pth
Model saved to models/bitshift-custom_slow_decay-64-4-64-seed50-best.pth
Model saved to models/bitshift-custom_slow_decay-64-4-64-seed50-best.pth
Model saved to models/bitshift-custom_slow_decay-64-4-64-seed50-best.pth
Model saved to models/bitshift-custom_slow_decay-64-4-64-seed50-best.pth
Model saved to models/bitshift-custom_slow_decay-64-4-64-seed50-best.pth
Model saved to models/bitshift-custom_slow_decay-64-4-64-seed50-best.pth
Model saved to models/bitshift-custom_slow_decay-64-4-64-seed50-best.pth
Model saved to models/bitshift-custom_slow_decay-64-4-64-seed50-best.pth
Model saved to models/bitshift-custom_slow_decay-64-4-64-seed50-best.pth
Model saved to models/bitshift-custom_slow_decay-64-4-64-seed50-best.pth
Model saved to models/bitshift-custom_slow_decay-64-4-64-seed50-best.pth
Model saved to models/bitshift-custom_slow_decay-64-4-64-seed50-best.pth
  Episode 500/2500  avg(100): 91.2
Model saved to models/bitshift-custom_slow_decay-64-4-64-seed50-best.pth
Model saved to models/bitshift-custom_slow_decay-64-4-64-seed50-best.pth
Model saved to models/bitshift-custom_slow_decay-64-4-64-seed50-best.pth
Model saved to models/bitshift-custom_slow_decay-64-4-64-seed50-best.pth
Model saved to models/bitshift-custom_slow_decay-64-4-64-seed50-best.pth
Model saved to models/bitshift-custom_slow_decay-64-4-64-seed50-best.pth
Model saved to models/bitshift-custom_slow_decay-64-4-64-seed50-best.pth
Model saved to models/bitshift-custom_slow_decay-64-4-64-seed50-best.pth
Model saved to models/bitshift-custom_slow_decay-64-4-64-seed50-best.pth
Model saved to models/bitshift-custom_slow_decay-64-4-64-seed50-best.pth
Model saved to models/bitshift-custom_slow_decay-64-4-64-seed50-best.pth
Model saved to models/bitshift-custom_slow_decay-64-4-64-seed50-best.pth
Model saved to models/bitshift-custom_slow_decay-64-4-64-seed50-best.pth
Model saved to models/bitshift-custom_slow_decay-64-4-64-seed50-best.pth
Model saved to models/bitshift-custom_slow_decay-64-4-64-seed50-best.pth
Model saved to models/bitshift-custom_slow_decay-64-4-64-seed50-best.pth
Model saved to models/bitshift-custom_slow_decay-64-4-64-seed50-best.pth
Model saved to models/bitshift-custom_slow_decay-64-4-64-seed50-best.pth
Model saved to models/bitshift-custom_slow_decay-64-4-64-seed50-best.pth
Model saved to models/bitshift-custom_slow_decay-64-4-64-seed50-best.pth
Model saved to models/bitshift-custom_slow_decay-64-4-64-seed50-best.pth
Model saved to models/bitshift-custom_slow_decay-64-4-64-seed50-best.pth
Model saved to models/bitshift-custom_slow_decay-64-4-64-seed50-best.pth
Model saved to models/bitshift-custom_slow_decay-64-4-64-seed50-best.pth
Model saved to models/bitshift-custom_slow_decay-64-4-64-seed50-best.pth
Model saved to models/bitshift-custom_slow_decay-64-4-64-seed50-best.pth
  Episode 550/2500  avg(100): 106.3
Model saved to models/bitshift-custom_slow_decay-64-4-64-seed50-best.pth
Model saved to models/bitshift-custom_slow_decay-64-4-64-seed50-best.pth
Model saved to models/bitshift-custom_slow_decay-64-4-64-seed50-best.pth
Model saved to models/bitshift-custom_slow_decay-64-4-64-seed50-best.pth
Model saved to models/bitshift-custom_slow_decay-64-4-64-seed50-best.pth
Model saved to models/bitshift-custom_slow_decay-64-4-64-seed50-best.pth
Model saved to models/bitshift-custom_slow_decay-64-4-64-seed50-best.pth
Model saved to models/bitshift-custom_slow_decay-64-4-64-seed50-best.pth
Model saved to models/bitshift-custom_slow_decay-64-4-64-seed50-best.pth
Model saved to models/bitshift-custom_slow_decay-64-4-64-seed50-best.pth
Model saved to models/bitshift-custom_slow_decay-64-4-64-seed50-best.pth
Model saved to models/bitshift-custom_slow_decay-64-4-64-seed50-best.pth
Model saved to models/bitshift-custom_slow_decay-64-4-64-seed50-best.pth
Model saved to models/bitshift-custom_slow_decay-64-4-64-seed50-best.pth
Model saved to models/bitshift-custom_slow_decay-64-4-64-seed50-best.pth
Model saved to models/bitshift-custom_slow_decay-64-4-64-seed50-best.pth
Model saved to models/bitshift-custom_slow_decay-64-4-64-seed50-best.pth
Model saved to models/bitshift-custom_slow_decay-64-4-64-seed50-best.pth
Model saved to models/bitshift-custom_slow_decay-64-4-64-seed50-best.pth
Model saved to models/bitshift-custom_slow_decay-64-4-64-seed50-best.pth
Model saved to models/bitshift-custom_slow_decay-64-4-64-seed50-best.pth
  Episode 600/2500  avg(100): 116.4
Model saved to models/bitshift-custom_slow_decay-64-4-64-seed50-best.pth
Model saved to models/bitshift-custom_slow_decay-64-4-64-seed50-best.pth
Model saved to models/bitshift-custom_slow_decay-64-4-64-seed50-best.pth
Model saved to models/bitshift-custom_slow_decay-64-4-64-seed50-best.pth
Model saved to models/bitshift-custom_slow_decay-64-4-64-seed50-best.pth
Model saved to models/bitshift-custom_slow_decay-64-4-64-seed50-best.pth
Model saved to models/bitshift-custom_slow_decay-64-4-64-seed50-best.pth
Model saved to models/bitshift-custom_slow_decay-64-4-64-seed50-best.pth
Model saved to models/bitshift-custom_slow_decay-64-4-64-seed50-best.pth
Model saved to models/bitshift-custom_slow_decay-64-4-64-seed50-best.pth
Model saved to models/bitshift-custom_slow_decay-64-4-64-seed50-best.pth
Model saved to models/bitshift-custom_slow_decay-64-4-64-seed50-best.pth
Model saved to models/bitshift-custom_slow_decay-64-4-64-seed50-best.pth
Model saved to models/bitshift-custom_slow_decay-64-4-64-seed50-best.pth
Model saved to models/bitshift-custom_slow_decay-64-4-64-seed50-best.pth
Model saved to models/bitshift-custom_slow_decay-64-4-64-seed50-best.pth
Model saved to models/bitshift-custom_slow_decay-64-4-64-seed50-best.pth
Model saved to models/bitshift-custom_slow_decay-64-4-64-seed50-best.pth
Model saved to models/bitshift-custom_slow_decay-64-4-64-seed50-best.pth
Model saved to models/bitshift-custom_slow_decay-64-4-64-seed50-best.pth
Model saved to models/bitshift-custom_slow_decay-64-4-64-seed50-best.pth
Model saved to models/bitshift-custom_slow_decay-64-4-64-seed50-best.pth
Model saved to models/bitshift-custom_slow_decay-64-4-64-seed50-best.pth
Model saved to models/bitshift-custom_slow_decay-64-4-64-seed50-best.pth
Model saved to models/bitshift-custom_slow_decay-64-4-64-seed50-best.pth
Model saved to models/bitshift-custom_slow_decay-64-4-64-seed50-best.pth
Model saved to models/bitshift-custom_slow_decay-64-4-64-seed50-best.pth
Model saved to models/bitshift-custom_slow_decay-64-4-64-seed50-best.pth
Model saved to models/bitshift-custom_slow_decay-64-4-64-seed50-best.pth
Model saved to models/bitshift-custom_slow_decay-64-4-64-seed50-best.pth
Model saved to models/bitshift-custom_slow_decay-64-4-64-seed50-best.pth
Model saved to models/bitshift-custom_slow_decay-64-4-64-seed50-best.pth
Model saved to models/bitshift-custom_slow_decay-64-4-64-seed50-best.pth
Model saved to models/bitshift-custom_slow_decay-64-4-64-seed50-best.pth
Model saved to models/bitshift-custom_slow_decay-64-4-64-seed50-best.pth
Model saved to models/bitshift-custom_slow_decay-64-4-64-seed50-best.pth
Model saved to models/bitshift-custom_slow_decay-64-4-64-seed50-best.pth
Model saved to models/bitshift-custom_slow_decay-64-4-64-seed50-best.pth
Model saved to models/bitshift-custom_slow_decay-64-4-64-seed50-best.pth
Model saved to models/bitshift-custom_slow_decay-64-4-64-seed50-best.pth
Model saved to models/bitshift-custom_slow_decay-64-4-64-seed50-best.pth
Model saved to models/bitshift-custom_slow_decay-64-4-64-seed50-best.pth
Model saved to models/bitshift-custom_slow_decay-64-4-64-seed50-best.pth
Model saved to models/bitshift-custom_slow_decay-64-4-64-seed50-best.pth
Model saved to models/bitshift-custom_slow_decay-64-4-64-seed50-best.pth
Model saved to models/bitshift-custom_slow_decay-64-4-64-seed50-best.pth
Model saved to models/bitshift-custom_slow_decay-64-4-64-seed50-best.pth
Model saved to models/bitshift-custom_slow_decay-64-4-64-seed50-best.pth
  Episode 650/2500  avg(100): 165.8
Model saved to models/bitshift-custom_slow_decay-64-4-64-seed50-best.pth
Model saved to models/bitshift-custom_slow_decay-64-4-64-seed50-best.pth
Model saved to models/bitshift-custom_slow_decay-64-4-64-seed50-best.pth
Model saved to models/bitshift-custom_slow_decay-64-4-64-seed50-best.pth
Model saved to models/bitshift-custom_slow_decay-64-4-64-seed50-best.pth
Model saved to models/bitshift-custom_slow_decay-64-4-64-seed50-best.pth
Model saved to models/bitshift-custom_slow_decay-64-4-64-seed50-best.pth
Model saved to models/bitshift-custom_slow_decay-64-4-64-seed50-best.pth
Model saved to models/bitshift-custom_slow_decay-64-4-64-seed50-best.pth
Model saved to models/bitshift-custom_slow_decay-64-4-64-seed50-best.pth
Model saved to models/bitshift-custom_slow_decay-64-4-64-seed50-best.pth
Model saved to models/bitshift-custom_slow_decay-64-4-64-seed50-best.pth
Model saved to models/bitshift-custom_slow_decay-64-4-64-seed50-best.pth
Model saved to models/bitshift-custom_slow_decay-64-4-64-seed50-best.pth
Model saved to models/bitshift-custom_slow_decay-64-4-64-seed50-best.pth
Model saved to models/bitshift-custom_slow_decay-64-4-64-seed50-best.pth
Model saved to models/bitshift-custom_slow_decay-64-4-64-seed50-best.pth
Model saved to models/bitshift-custom_slow_decay-64-4-64-seed50-best.pth
Model saved to models/bitshift-custom_slow_decay-64-4-64-seed50-best.pth
Model saved to models/bitshift-custom_slow_decay-64-4-64-seed50-best.pth
Model saved to models/bitshift-custom_slow_decay-64-4-64-seed50-best.pth
Model saved to models/bitshift-custom_slow_decay-64-4-64-seed50-best.pth
Model saved to models/bitshift-custom_slow_decay-64-4-64-seed50-best.pth
Model saved to models/bitshift-custom_slow_decay-64-4-64-seed50-best.pth
Model saved to models/bitshift-custom_slow_decay-64-4-64-seed50-best.pth
Model saved to models/bitshift-custom_slow_decay-64-4-64-seed50-best.pth
Model saved to models/bitshift-custom_slow_decay-64-4-64-seed50-best.pth
Model saved to models/bitshift-custom_slow_decay-64-4-64-seed50-best.pth
Model saved to models/bitshift-custom_slow_decay-64-4-64-seed50-best.pth
Model saved to models/bitshift-custom_slow_decay-64-4-64-seed50-best.pth
Model saved to models/bitshift-custom_slow_decay-64-4-64-seed50-best.pth
Model saved to models/bitshift-custom_slow_decay-64-4-64-seed50-best.pth
Model saved to models/bitshift-custom_slow_decay-64-4-64-seed50-best.pth
Model saved to models/bitshift-custom_slow_decay-64-4-64-seed50-best.pth
Model saved to models/bitshift-custom_slow_decay-64-4-64-seed50-best.pth
Model saved to models/bitshift-custom_slow_decay-64-4-64-seed50-best.pth
Model saved to models/bitshift-custom_slow_decay-64-4-64-seed50-best.pth
Model saved to models/bitshift-custom_slow_decay-64-4-64-seed50-best.pth
Model saved to models/bitshift-custom_slow_decay-64-4-64-seed50-best.pth
Model saved to models/bitshift-custom_slow_decay-64-4-64-seed50-best.pth
Model saved to models/bitshift-custom_slow_decay-64-4-64-seed50-best.pth
Model saved to models/bitshift-custom_slow_decay-64-4-64-seed50-best.pth
Model saved to models/bitshift-custom_slow_decay-64-4-64-seed50-best.pth
Model saved to models/bitshift-custom_slow_decay-64-4-64-seed50-best.pth
Model saved to models/bitshift-custom_slow_decay-64-4-64-seed50-best.pth
Model saved to models/bitshift-custom_slow_decay-64-4-64-seed50-best.pth
  Episode 700/2500  avg(100): 188.3
Model saved to models/bitshift-custom_slow_decay-64-4-64-seed50-best.pth
Model saved to models/bitshift-custom_slow_decay-64-4-64-seed50-best.pth
Model saved to models/bitshift-custom_slow_decay-64-4-64-seed50-best.pth
  Episode 750/2500  avg(100): 180.8
Model saved to models/bitshift-custom_slow_decay-64-4-64-seed50-best.pth
Model saved to models/bitshift-custom_slow_decay-64-4-64-seed50-best.pth
Model saved to models/bitshift-custom_slow_decay-64-4-64-seed50-best.pth
Model saved to models/bitshift-custom_slow_decay-64-4-64-seed50-best.pth
Model saved to models/bitshift-custom_slow_decay-64-4-64-seed50-best.pth
Model saved to models/bitshift-custom_slow_decay-64-4-64-seed50-best.pth
Model saved to models/bitshift-custom_slow_decay-64-4-64-seed50-best.pth
Model saved to models/bitshift-custom_slow_decay-64-4-64-seed50-best.pth
Model saved to models/bitshift-custom_slow_decay-64-4-64-seed50-best.pth
Model saved to models/bitshift-custom_slow_decay-64-4-64-seed50-best.pth
Model saved to models/bitshift-custom_slow_decay-64-4-64-seed50-best.pth
Model saved to models/bitshift-custom_slow_decay-64-4-64-seed50-best.pth
Model saved to models/bitshift-custom_slow_decay-64-4-64-seed50-best.pth
Model saved to models/bitshift-custom_slow_decay-64-4-64-seed50-best.pth
Model saved to models/bitshift-custom_slow_decay-64-4-64-seed50-best.pth
Model saved to models/bitshift-custom_slow_decay-64-4-64-seed50-best.pth
Model saved to models/bitshift-custom_slow_decay-64-4-64-seed50-best.pth
Model saved to models/bitshift-custom_slow_decay-64-4-64-seed50-best.pth
Model saved to models/bitshift-custom_slow_decay-64-4-64-seed50-best.pth
Model saved to models/bitshift-custom_slow_decay-64-4-64-seed50-best.pth
Model saved to models/bitshift-custom_slow_decay-64-4-64-seed50-best.pth
Model saved to models/bitshift-custom_slow_decay-64-4-64-seed50-best.pth
Model saved to models/bitshift-custom_slow_decay-64-4-64-seed50-best.pth
Model saved to models/bitshift-custom_slow_decay-64-4-64-seed50-best.pth
Model saved to models/bitshift-custom_slow_decay-64-4-64-seed50-best.pth
Model saved to models/bitshift-custom_slow_decay-64-4-64-seed50-best.pth
Model saved to models/bitshift-custom_slow_decay-64-4-64-seed50-best.pth
Model saved to models/bitshift-custom_slow_decay-64-4-64-seed50-best.pth
Model saved to models/bitshift-custom_slow_decay-64-4-64-seed50-best.pth
Model saved to models/bitshift-custom_slow_decay-64-4-64-seed50-best.pth
  Episode 800/2500  avg(100): 208.8
Model saved to models/bitshift-custom_slow_decay-64-4-64-seed50-best.pth
Model saved to models/bitshift-custom_slow_decay-64-4-64-seed50-best.pth
Model saved to models/bitshift-custom_slow_decay-64-4-64-seed50-best.pth
Model saved to models/bitshift-custom_slow_decay-64-4-64-seed50-best.pth
Model saved to models/bitshift-custom_slow_decay-64-4-64-seed50-best.pth
Model saved to models/bitshift-custom_slow_decay-64-4-64-seed50-best.pth
Model saved to models/bitshift-custom_slow_decay-64-4-64-seed50-best.pth
Model saved to models/bitshift-custom_slow_decay-64-4-64-seed50-best.pth
Model saved to models/bitshift-custom_slow_decay-64-4-64-seed50-best.pth
Model saved to models/bitshift-custom_slow_decay-64-4-64-seed50-best.pth
Model saved to models/bitshift-custom_slow_decay-64-4-64-seed50-best.pth
Model saved to models/bitshift-custom_slow_decay-64-4-64-seed50-best.pth
Model saved to models/bitshift-custom_slow_decay-64-4-64-seed50-best.pth
Model saved to models/bitshift-custom_slow_decay-64-4-64-seed50-best.pth
Model saved to models/bitshift-custom_slow_decay-64-4-64-seed50-best.pth
Model saved to models/bitshift-custom_slow_decay-64-4-64-seed50-best.pth
Model saved to models/bitshift-custom_slow_decay-64-4-64-seed50-best.pth
Model saved to models/bitshift-custom_slow_decay-64-4-64-seed50-best.pth
Model saved to models/bitshift-custom_slow_decay-64-4-64-seed50-best.pth
Model saved to models/bitshift-custom_slow_decay-64-4-64-seed50-best.pth
Model saved to models/bitshift-custom_slow_decay-64-4-64-seed50-best.pth
  Episode 850/2500  avg(100): 211.6
Model saved to models/bitshift-custom_slow_decay-64-4-64-seed50-best.pth
Model saved to models/bitshift-custom_slow_decay-64-4-64-seed50-best.pth
Model saved to models/bitshift-custom_slow_decay-64-4-64-seed50-best.pth
  Episode 900/2500  avg(100): 219.2
Model saved to models/bitshift-custom_slow_decay-64-4-64-seed50-best.pth
Model saved to models/bitshift-custom_slow_decay-64-4-64-seed50-best.pth
Model saved to models/bitshift-custom_slow_decay-64-4-64-seed50-best.pth
Model saved to models/bitshift-custom_slow_decay-64-4-64-seed50-best.pth
Model saved to models/bitshift-custom_slow_decay-64-4-64-seed50-best.pth
Model saved to models/bitshift-custom_slow_decay-64-4-64-seed50-best.pth
Model saved to models/bitshift-custom_slow_decay-64-4-64-seed50-best.pth
Model saved to models/bitshift-custom_slow_decay-64-4-64-seed50-best.pth
Model saved to models/bitshift-custom_slow_decay-64-4-64-seed50-best.pth
Model saved to models/bitshift-custom_slow_decay-64-4-64-seed50-best.pth
Model saved to models/bitshift-custom_slow_decay-64-4-64-seed50-best.pth
Model saved to models/bitshift-custom_slow_decay-64-4-64-seed50-best.pth
Model saved to models/bitshift-custom_slow_decay-64-4-64-seed50-best.pth
Model saved to models/bitshift-custom_slow_decay-64-4-64-seed50-best.pth
Model saved to models/bitshift-custom_slow_decay-64-4-64-seed50-best.pth
Model saved to models/bitshift-custom_slow_decay-64-4-64-seed50-best.pth
Model saved to models/bitshift-custom_slow_decay-64-4-64-seed50-best.pth
Model saved to models/bitshift-custom_slow_decay-64-4-64-seed50-best.pth
Model saved to models/bitshift-custom_slow_decay-64-4-64-seed50-best.pth
Model saved to models/bitshift-custom_slow_decay-64-4-64-seed50-best.pth
Model saved to models/bitshift-custom_slow_decay-64-4-64-seed50-best.pth
Model saved to models/bitshift-custom_slow_decay-64-4-64-seed50-best.pth
Model saved to models/bitshift-custom_slow_decay-64-4-64-seed50-best.pth
  Episode 950/2500  avg(100): 230.8
Model saved to models/bitshift-custom_slow_decay-64-4-64-seed50-best.pth
Model saved to models/bitshift-custom_slow_decay-64-4-64-seed50-best.pth
Model saved to models/bitshift-custom_slow_decay-64-4-64-seed50-best.pth
Model saved to models/bitshift-custom_slow_decay-64-4-64-seed50-best.pth
Model saved to models/bitshift-custom_slow_decay-64-4-64-seed50-best.pth
Model saved to models/bitshift-custom_slow_decay-64-4-64-seed50-best.pth
Model saved to models/bitshift-custom_slow_decay-64-4-64-seed50-best.pth
Model saved to models/bitshift-custom_slow_decay-64-4-64-seed50-best.pth
Model saved to models/bitshift-custom_slow_decay-64-4-64-seed50-best.pth
Model saved to models/bitshift-custom_slow_decay-64-4-64-seed50-best.pth
Model saved to models/bitshift-custom_slow_decay-64-4-64-seed50-best.pth
Model saved to models/bitshift-custom_slow_decay-64-4-64-seed50-best.pth
Model saved to models/bitshift-custom_slow_decay-64-4-64-seed50-best.pth
Model saved to models/bitshift-custom_slow_decay-64-4-64-seed50-best.pth
Model saved to models/bitshift-custom_slow_decay-64-4-64-seed50-best.pth
Model saved to models/bitshift-custom_slow_decay-64-4-64-seed50-best.pth
Model saved to models/bitshift-custom_slow_decay-64-4-64-seed50-best.pth
Model saved to models/bitshift-custom_slow_decay-64-4-64-seed50-best.pth
Model saved to models/bitshift-custom_slow_decay-64-4-64-seed50-best.pth
Model saved to models/bitshift-custom_slow_decay-64-4-64-seed50-best.pth
Model saved to models/bitshift-custom_slow_decay-64-4-64-seed50-best.pth
Model saved to models/bitshift-custom_slow_decay-64-4-64-seed50-best.pth
Model saved to models/bitshift-custom_slow_decay-64-4-64-seed50-best.pth
Model saved to models/bitshift-custom_slow_decay-64-4-64-seed50-best.pth
Model saved to models/bitshift-custom_slow_decay-64-4-64-seed50-best.pth
Model saved to models/bitshift-custom_slow_decay-64-4-64-seed50-best.pth
Model saved to models/bitshift-custom_slow_decay-64-4-64-seed50-best.pth
Model saved to models/bitshift-custom_slow_decay-64-4-64-seed50-best.pth
Model saved to models/bitshift-custom_slow_decay-64-4-64-seed50-best.pth
Model saved to models/bitshift-custom_slow_decay-64-4-64-seed50-best.pth
Model saved to models/bitshift-custom_slow_decay-64-4-64-seed50-best.pth
Model saved to models/bitshift-custom_slow_decay-64-4-64-seed50-best.pth
Model saved to models/bitshift-custom_slow_decay-64-4-64-seed50-best.pth
Model saved to models/bitshift-custom_slow_decay-64-4-64-seed50-best.pth
  Episode 1000/2500  avg(100): 320.4
Model saved to models/bitshift-custom_slow_decay-64-4-64-seed50-best.pth
Model saved to models/bitshift-custom_slow_decay-64-4-64-seed50-best.pth
Model saved to models/bitshift-custom_slow_decay-64-4-64-seed50-best.pth
Model saved to models/bitshift-custom_slow_decay-64-4-64-seed50-best.pth
Model saved to models/bitshift-custom_slow_decay-64-4-64-seed50-best.pth
Model saved to models/bitshift-custom_slow_decay-64-4-64-seed50-best.pth
Model saved to models/bitshift-custom_slow_decay-64-4-64-seed50-best.pth
Model saved to models/bitshift-custom_slow_decay-64-4-64-seed50-best.pth
Model saved to models/bitshift-custom_slow_decay-64-4-64-seed50-best.pth
Model saved to models/bitshift-custom_slow_decay-64-4-64-seed50-best.pth
Model saved to models/bitshift-custom_slow_decay-64-4-64-seed50-best.pth
Model saved to models/bitshift-custom_slow_decay-64-4-64-seed50-best.pth
Model saved to models/bitshift-custom_slow_decay-64-4-64-seed50-best.pth
Model saved to models/bitshift-custom_slow_decay-64-4-64-seed50-best.pth
Model saved to models/bitshift-custom_slow_decay-64-4-64-seed50-best.pth
Model saved to models/bitshift-custom_slow_decay-64-4-64-seed50-best.pth
Model saved to models/bitshift-custom_slow_decay-64-4-64-seed50-best.pth
Model saved to models/bitshift-custom_slow_decay-64-4-64-seed50-best.pth
Model saved to models/bitshift-custom_slow_decay-64-4-64-seed50-best.pth
Model saved to models/bitshift-custom_slow_decay-64-4-64-seed50-best.pth
Model saved to models/bitshift-custom_slow_decay-64-4-64-seed50-best.pth
Model saved to models/bitshift-custom_slow_decay-64-4-64-seed50-best.pth
Model saved to models/bitshift-custom_slow_decay-64-4-64-seed50-best.pth
Model saved to models/bitshift-custom_slow_decay-64-4-64-seed50-best.pth
Model saved to models/bitshift-custom_slow_decay-64-4-64-seed50-best.pth
Model saved to models/bitshift-custom_slow_decay-64-4-64-seed50-best.pth
Model saved to models/bitshift-custom_slow_decay-64-4-64-seed50-best.pth
Model saved to models/bitshift-custom_slow_decay-64-4-64-seed50-best.pth
Model saved to models/bitshift-custom_slow_decay-64-4-64-seed50-best.pth
Model saved to models/bitshift-custom_slow_decay-64-4-64-seed50-best.pth
Model saved to models/bitshift-custom_slow_decay-64-4-64-seed50-best.pth
Model saved to models/bitshift-custom_slow_decay-64-4-64-seed50-best.pth
Model saved to models/bitshift-custom_slow_decay-64-4-64-seed50-best.pth
Model saved to models/bitshift-custom_slow_decay-64-4-64-seed50-best.pth
Model saved to models/bitshift-custom_slow_decay-64-4-64-seed50-best.pth
Model saved to models/bitshift-custom_slow_decay-64-4-64-seed50-best.pth
Model saved to models/bitshift-custom_slow_decay-64-4-64-seed50-best.pth
Model saved to models/bitshift-custom_slow_decay-64-4-64-seed50-best.pth
Model saved to models/bitshift-custom_slow_decay-64-4-64-seed50-best.pth
Model saved to models/bitshift-custom_slow_decay-64-4-64-seed50-best.pth
Model saved to models/bitshift-custom_slow_decay-64-4-64-seed50-best.pth
Model saved to models/bitshift-custom_slow_decay-64-4-64-seed50-best.pth
Model saved to models/bitshift-custom_slow_decay-64-4-64-seed50-best.pth
  Episode 1050/2500  avg(100): 433.1
Model saved to models/bitshift-custom_slow_decay-64-4-64-seed50-best.pth
Model saved to models/bitshift-custom_slow_decay-64-4-64-seed50-best.pth
Model saved to models/bitshift-custom_slow_decay-64-4-64-seed50-best.pth
Model saved to models/bitshift-custom_slow_decay-64-4-64-seed50-best.pth
Model saved to models/bitshift-custom_slow_decay-64-4-64-seed50-best.pth
Model saved to models/bitshift-custom_slow_decay-64-4-64-seed50-best.pth
Model saved to models/bitshift-custom_slow_decay-64-4-64-seed50-best.pth
Model saved to models/bitshift-custom_slow_decay-64-4-64-seed50-best.pth
Model saved to models/bitshift-custom_slow_decay-64-4-64-seed50-best.pth
Model saved to models/bitshift-custom_slow_decay-64-4-64-seed50-best.pth
Model saved to models/bitshift-custom_slow_decay-64-4-64-seed50-best.pth
  Episode 1100/2500  avg(100): 418.4
  Episode 1150/2500  avg(100): 406.6
  Episode 1200/2500  avg(100): 427.1
Model saved to models/bitshift-custom_slow_decay-64-4-64-seed50-best.pth
Model saved to models/bitshift-custom_slow_decay-64-4-64-seed50-best.pth
Model saved to models/bitshift-custom_slow_decay-64-4-64-seed50-best.pth
Model saved to models/bitshift-custom_slow_decay-64-4-64-seed50-best.pth
Model saved to models/bitshift-custom_slow_decay-64-4-64-seed50-best.pth
  Episode 1250/2500  avg(100): 343.6
  Episode 1300/2500  avg(100): 283.2
  Episode 1350/2500  avg(100): 387.3
Model saved to models/bitshift-custom_slow_decay-64-4-64-seed50-best.pth
Model saved to models/bitshift-custom_slow_decay-64-4-64-seed50-best.pth
Model saved to models/bitshift-custom_slow_decay-64-4-64-seed50-best.pth
Model saved to models/bitshift-custom_slow_decay-64-4-64-seed50-best.pth
Model saved to models/bitshift-custom_slow_decay-64-4-64-seed50-best.pth
Model saved to models/bitshift-custom_slow_decay-64-4-64-seed50-best.pth
Model saved to models/bitshift-custom_slow_decay-64-4-64-seed50-best.pth
Model saved to models/bitshift-custom_slow_decay-64-4-64-seed50-best.pth
Model saved to models/bitshift-custom_slow_decay-64-4-64-seed50-best.pth
Model saved to models/bitshift-custom_slow_decay-64-4-64-seed50-best.pth
Model saved to models/bitshift-custom_slow_decay-64-4-64-seed50-best.pth
Model saved to models/bitshift-custom_slow_decay-64-4-64-seed50-best.pth
Model saved to models/bitshift-custom_slow_decay-64-4-64-seed50-best.pth
Model saved to models/bitshift-custom_slow_decay-64-4-64-seed50-best.pth
Model saved to models/bitshift-custom_slow_decay-64-4-64-seed50-best.pth
Model saved to models/bitshift-custom_slow_decay-64-4-64-seed50-best.pth
  Episode 1400/2500  avg(100): 484.0
Model saved to models/bitshift-custom_slow_decay-64-4-64-seed50-best.pth
Model saved to models/bitshift-custom_slow_decay-64-4-64-seed50-best.pth
Model saved to models/bitshift-custom_slow_decay-64-4-64-seed50-best.pth
Model saved to models/bitshift-custom_slow_decay-64-4-64-seed50-best.pth
Model saved to models/bitshift-custom_slow_decay-64-4-64-seed50-best.pth
Model saved to models/bitshift-custom_slow_decay-64-4-64-seed50-best.pth
Model saved to models/bitshift-custom_slow_decay-64-4-64-seed50-best.pth
Model saved to models/bitshift-custom_slow_decay-64-4-64-seed50-best.pth
  Episode 1450/2500  avg(100): 495.9
  Episode 1500/2500  avg(100): 479.2
  Episode 1550/2500  avg(100): 453.8
  Episode 1600/2500  avg(100): 452.4
  Episode 1650/2500  avg(100): 404.4
  Episode 1700/2500  avg(100): 263.9
  Episode 1750/2500  avg(100): 340.1
