Multi-seed training for: bitshift-custom_slow_decay-64-4-64
  device       : cpu
  num_seeds    : 1
  base_seed    : 47
  num_episodes : 2500
  output_dir   : metrics/multi-seed/_workers/bitshift-custom_slow_decay-64-4-64/seed47

============================================================
Seed 47 (1/1)
============================================================
  Episode 50/2500  avg(100): 21.8
Model saved to models/bitshift-custom_slow_decay-64-4-64-seed47-best.pth
  Episode 100/2500  avg(100): 17.6
  Episode 150/2500  avg(100): 13.3
  Episode 200/2500  avg(100): 13.2
  Episode 250/2500  avg(100): 13.6
  Episode 300/2500  avg(100): 13.9
  Episode 350/2500  avg(100): 13.6
  Episode 400/2500  avg(100): 14.4
Model saved to models/bitshift-custom_slow_decay-64-4-64-seed47-best.pth
Model saved to models/bitshift-custom_slow_decay-64-4-64-seed47-best.pth
Model saved to models/bitshift-custom_slow_decay-64-4-64-seed47-best.pth
Model saved to models/bitshift-custom_slow_decay-64-4-64-seed47-best.pth
Model saved to models/bitshift-custom_slow_decay-64-4-64-seed47-best.pth
Model saved to models/bitshift-custom_slow_decay-64-4-64-seed47-best.pth
Model saved to models/bitshift-custom_slow_decay-64-4-64-seed47-best.pth
Model saved to models/bitshift-custom_slow_decay-64-4-64-seed47-best.pth
Model saved to models/bitshift-custom_slow_decay-64-4-64-seed47-best.pth
Model saved to models/bitshift-custom_slow_decay-64-4-64-seed47-best.pth
Model saved to models/bitshift-custom_slow_decay-64-4-64-seed47-best.pth
Model saved to models/bitshift-custom_slow_decay-64-4-64-seed47-best.pth
Model saved to models/bitshift-custom_slow_decay-64-4-64-seed47-best.pth
Model saved to models/bitshift-custom_slow_decay-64-4-64-seed47-best.pth
Model saved to models/bitshift-custom_slow_decay-64-4-64-seed47-best.pth
Model saved to models/bitshift-custom_slow_decay-64-4-64-seed47-best.pth
Model saved to models/bitshift-custom_slow_decay-64-4-64-seed47-best.pth
Model saved to models/bitshift-custom_slow_decay-64-4-64-seed47-best.pth
Model saved to models/bitshift-custom_slow_decay-64-4-64-seed47-best.pth
Model saved to models/bitshift-custom_slow_decay-64-4-64-seed47-best.pth
Model saved to models/bitshift-custom_slow_decay-64-4-64-seed47-best.pth
Model saved to models/bitshift-custom_slow_decay-64-4-64-seed47-best.pth
Model saved to models/bitshift-custom_slow_decay-64-4-64-seed47-best.pth
Model saved to models/bitshift-custom_slow_decay-64-4-64-seed47-best.pth
Model saved to models/bitshift-custom_slow_decay-64-4-64-seed47-best.pth
Model saved to models/bitshift-custom_slow_decay-64-4-64-seed47-best.pth
Model saved to models/bitshift-custom_slow_decay-64-4-64-seed47-best.pth
Model saved to models/bitshift-custom_slow_decay-64-4-64-seed47-best.pth
Model saved to models/bitshift-custom_slow_decay-64-4-64-seed47-best.pth
Model saved to models/bitshift-custom_slow_decay-64-4-64-seed47-best.pth
Model saved to models/bitshift-custom_slow_decay-64-4-64-seed47-best.pth
Model saved to models/bitshift-custom_slow_decay-64-4-64-seed47-best.pth
Model saved to models/bitshift-custom_slow_decay-64-4-64-seed47-best.pth
Model saved to models/bitshift-custom_slow_decay-64-4-64-seed47-best.pth
Model saved to models/bitshift-custom_slow_decay-64-4-64-seed47-best.pth
Model saved to models/bitshift-custom_slow_decay-64-4-64-seed47-best.pth
Model saved to models/bitshift-custom_slow_decay-64-4-64-seed47-best.pth
Model saved to models/bitshift-custom_slow_decay-64-4-64-seed47-best.pth
Model saved to models/bitshift-custom_slow_decay-64-4-64-seed47-best.pth
  Episode 450/2500  avg(100): 48.3
Model saved to models/bitshift-custom_slow_decay-64-4-64-seed47-best.pth
Model saved to models/bitshift-custom_slow_decay-64-4-64-seed47-best.pth
Model saved to models/bitshift-custom_slow_decay-64-4-64-seed47-best.pth
Model saved to models/bitshift-custom_slow_decay-64-4-64-seed47-best.pth
Model saved to models/bitshift-custom_slow_decay-64-4-64-seed47-best.pth
Model saved to models/bitshift-custom_slow_decay-64-4-64-seed47-best.pth
Model saved to models/bitshift-custom_slow_decay-64-4-64-seed47-best.pth
Model saved to models/bitshift-custom_slow_decay-64-4-64-seed47-best.pth
Model saved to models/bitshift-custom_slow_decay-64-4-64-seed47-best.pth
Model saved to models/bitshift-custom_slow_decay-64-4-64-seed47-best.pth
Model saved to models/bitshift-custom_slow_decay-64-4-64-seed47-best.pth
Model saved to models/bitshift-custom_slow_decay-64-4-64-seed47-best.pth
Model saved to models/bitshift-custom_slow_decay-64-4-64-seed47-best.pth
Model saved to models/bitshift-custom_slow_decay-64-4-64-seed47-best.pth
Model saved to models/bitshift-custom_slow_decay-64-4-64-seed47-best.pth
Model saved to models/bitshift-custom_slow_decay-64-4-64-seed47-best.pth
Model saved to models/bitshift-custom_slow_decay-64-4-64-seed47-best.pth
Model saved to models/bitshift-custom_slow_decay-64-4-64-seed47-best.pth
Model saved to models/bitshift-custom_slow_decay-64-4-64-seed47-best.pth
Model saved to models/bitshift-custom_slow_decay-64-4-64-seed47-best.pth
Model saved to models/bitshift-custom_slow_decay-64-4-64-seed47-best.pth
Model saved to models/bitshift-custom_slow_decay-64-4-64-seed47-best.pth
Model saved to models/bitshift-custom_slow_decay-64-4-64-seed47-best.pth
Model saved to models/bitshift-custom_slow_decay-64-4-64-seed47-best.pth
Model saved to models/bitshift-custom_slow_decay-64-4-64-seed47-best.pth
Model saved to models/bitshift-custom_slow_decay-64-4-64-seed47-best.pth
Model saved to models/bitshift-custom_slow_decay-64-4-64-seed47-best.pth
Model saved to models/bitshift-custom_slow_decay-64-4-64-seed47-best.pth
Model saved to models/bitshift-custom_slow_decay-64-4-64-seed47-best.pth
Model saved to models/bitshift-custom_slow_decay-64-4-64-seed47-best.pth
Model saved to models/bitshift-custom_slow_decay-64-4-64-seed47-best.pth
Model saved to models/bitshift-custom_slow_decay-64-4-64-seed47-best.pth
Model saved to models/bitshift-custom_slow_decay-64-4-64-seed47-best.pth
Model saved to models/bitshift-custom_slow_decay-64-4-64-seed47-best.pth
Model saved to models/bitshift-custom_slow_decay-64-4-64-seed47-best.pth
Model saved to models/bitshift-custom_slow_decay-64-4-64-seed47-best.pth
Model saved to models/bitshift-custom_slow_decay-64-4-64-seed47-best.pth
Model saved to models/bitshift-custom_slow_decay-64-4-64-seed47-best.pth
Model saved to models/bitshift-custom_slow_decay-64-4-64-seed47-best.pth
Model saved to models/bitshift-custom_slow_decay-64-4-64-seed47-best.pth
Model saved to models/bitshift-custom_slow_decay-64-4-64-seed47-best.pth
Model saved to models/bitshift-custom_slow_decay-64-4-64-seed47-best.pth
Model saved to models/bitshift-custom_slow_decay-64-4-64-seed47-best.pth
Model saved to models/bitshift-custom_slow_decay-64-4-64-seed47-best.pth
Model saved to models/bitshift-custom_slow_decay-64-4-64-seed47-best.pth
Model saved to models/bitshift-custom_slow_decay-64-4-64-seed47-best.pth
Model saved to models/bitshift-custom_slow_decay-64-4-64-seed47-best.pth
Model saved to models/bitshift-custom_slow_decay-64-4-64-seed47-best.pth
Model saved to models/bitshift-custom_slow_decay-64-4-64-seed47-best.pth
Model saved to models/bitshift-custom_slow_decay-64-4-64-seed47-best.pth
  Episode 500/2500  avg(100): 102.4
Model saved to models/bitshift-custom_slow_decay-64-4-64-seed47-best.pth
Model saved to models/bitshift-custom_slow_decay-64-4-64-seed47-best.pth
Model saved to models/bitshift-custom_slow_decay-64-4-64-seed47-best.pth
Model saved to models/bitshift-custom_slow_decay-64-4-64-seed47-best.pth
Model saved to models/bitshift-custom_slow_decay-64-4-64-seed47-best.pth
Model saved to models/bitshift-custom_slow_decay-64-4-64-seed47-best.pth
Model saved to models/bitshift-custom_slow_decay-64-4-64-seed47-best.pth
Model saved to models/bitshift-custom_slow_decay-64-4-64-seed47-best.pth
Model saved to models/bitshift-custom_slow_decay-64-4-64-seed47-best.pth
Model saved to models/bitshift-custom_slow_decay-64-4-64-seed47-best.pth
Model saved to models/bitshift-custom_slow_decay-64-4-64-seed47-best.pth
Model saved to models/bitshift-custom_slow_decay-64-4-64-seed47-best.pth
Model saved to models/bitshift-custom_slow_decay-64-4-64-seed47-best.pth
Model saved to models/bitshift-custom_slow_decay-64-4-64-seed47-best.pth
Model saved to models/bitshift-custom_slow_decay-64-4-64-seed47-best.pth
Model saved to models/bitshift-custom_slow_decay-64-4-64-seed47-best.pth
Model saved to models/bitshift-custom_slow_decay-64-4-64-seed47-best.pth
Model saved to models/bitshift-custom_slow_decay-64-4-64-seed47-best.pth
Model saved to models/bitshift-custom_slow_decay-64-4-64-seed47-best.pth
Model saved to models/bitshift-custom_slow_decay-64-4-64-seed47-best.pth
Model saved to models/bitshift-custom_slow_decay-64-4-64-seed47-best.pth
Model saved to models/bitshift-custom_slow_decay-64-4-64-seed47-best.pth
Model saved to models/bitshift-custom_slow_decay-64-4-64-seed47-best.pth
Model saved to models/bitshift-custom_slow_decay-64-4-64-seed47-best.pth
Model saved to models/bitshift-custom_slow_decay-64-4-64-seed47-best.pth
Model saved to models/bitshift-custom_slow_decay-64-4-64-seed47-best.pth
Model saved to models/bitshift-custom_slow_decay-64-4-64-seed47-best.pth
Model saved to models/bitshift-custom_slow_decay-64-4-64-seed47-best.pth
Model saved to models/bitshift-custom_slow_decay-64-4-64-seed47-best.pth
Model saved to models/bitshift-custom_slow_decay-64-4-64-seed47-best.pth
Model saved to models/bitshift-custom_slow_decay-64-4-64-seed47-best.pth
Model saved to models/bitshift-custom_slow_decay-64-4-64-seed47-best.pth
Model saved to models/bitshift-custom_slow_decay-64-4-64-seed47-best.pth
Model saved to models/bitshift-custom_slow_decay-64-4-64-seed47-best.pth
Model saved to models/bitshift-custom_slow_decay-64-4-64-seed47-best.pth
Model saved to models/bitshift-custom_slow_decay-64-4-64-seed47-best.pth
Model saved to models/bitshift-custom_slow_decay-64-4-64-seed47-best.pth
Model saved to models/bitshift-custom_slow_decay-64-4-64-seed47-best.pth
Model saved to models/bitshift-custom_slow_decay-64-4-64-seed47-best.pth
Model saved to models/bitshift-custom_slow_decay-64-4-64-seed47-best.pth
Model saved to models/bitshift-custom_slow_decay-64-4-64-seed47-best.pth
Model saved to models/bitshift-custom_slow_decay-64-4-64-seed47-best.pth
Model saved to models/bitshift-custom_slow_decay-64-4-64-seed47-best.pth
Model saved to models/bitshift-custom_slow_decay-64-4-64-seed47-best.pth
Model saved to models/bitshift-custom_slow_decay-64-4-64-seed47-best.pth
Model saved to models/bitshift-custom_slow_decay-64-4-64-seed47-best.pth
Model saved to models/bitshift-custom_slow_decay-64-4-64-seed47-best.pth
Model saved to models/bitshift-custom_slow_decay-64-4-64-seed47-best.pth
Model saved to models/bitshift-custom_slow_decay-64-4-64-seed47-best.pth
Model saved to models/bitshift-custom_slow_decay-64-4-64-seed47-best.pth
  Episode 550/2500  avg(100): 124.1
Model saved to models/bitshift-custom_slow_decay-64-4-64-seed47-best.pth
Model saved to models/bitshift-custom_slow_decay-64-4-64-seed47-best.pth
Model saved to models/bitshift-custom_slow_decay-64-4-64-seed47-best.pth
Model saved to models/bitshift-custom_slow_decay-64-4-64-seed47-best.pth
Model saved to models/bitshift-custom_slow_decay-64-4-64-seed47-best.pth
Model saved to models/bitshift-custom_slow_decay-64-4-64-seed47-best.pth
Model saved to models/bitshift-custom_slow_decay-64-4-64-seed47-best.pth
Model saved to models/bitshift-custom_slow_decay-64-4-64-seed47-best.pth
Model saved to models/bitshift-custom_slow_decay-64-4-64-seed47-best.pth
Model saved to models/bitshift-custom_slow_decay-64-4-64-seed47-best.pth
Model saved to models/bitshift-custom_slow_decay-64-4-64-seed47-best.pth
Model saved to models/bitshift-custom_slow_decay-64-4-64-seed47-best.pth
Model saved to models/bitshift-custom_slow_decay-64-4-64-seed47-best.pth
Model saved to models/bitshift-custom_slow_decay-64-4-64-seed47-best.pth
Model saved to models/bitshift-custom_slow_decay-64-4-64-seed47-best.pth
Model saved to models/bitshift-custom_slow_decay-64-4-64-seed47-best.pth
Model saved to models/bitshift-custom_slow_decay-64-4-64-seed47-best.pth
Model saved to models/bitshift-custom_slow_decay-64-4-64-seed47-best.pth
Model saved to models/bitshift-custom_slow_decay-64-4-64-seed47-best.pth
Model saved to models/bitshift-custom_slow_decay-64-4-64-seed47-best.pth
Model saved to models/bitshift-custom_slow_decay-64-4-64-seed47-best.pth
Model saved to models/bitshift-custom_slow_decay-64-4-64-seed47-best.pth
Model saved to models/bitshift-custom_slow_decay-64-4-64-seed47-best.pth
  Episode 600/2500  avg(100): 125.9
Model saved to models/bitshift-custom_slow_decay-64-4-64-seed47-best.pth
Model saved to models/bitshift-custom_slow_decay-64-4-64-seed47-best.pth
Model saved to models/bitshift-custom_slow_decay-64-4-64-seed47-best.pth
Model saved to models/bitshift-custom_slow_decay-64-4-64-seed47-best.pth
Model saved to models/bitshift-custom_slow_decay-64-4-64-seed47-best.pth
Model saved to models/bitshift-custom_slow_decay-64-4-64-seed47-best.pth
Model saved to models/bitshift-custom_slow_decay-64-4-64-seed47-best.pth
Model saved to models/bitshift-custom_slow_decay-64-4-64-seed47-best.pth
Model saved to models/bitshift-custom_slow_decay-64-4-64-seed47-best.pth
Model saved to models/bitshift-custom_slow_decay-64-4-64-seed47-best.pth
Model saved to models/bitshift-custom_slow_decay-64-4-64-seed47-best.pth
Model saved to models/bitshift-custom_slow_decay-64-4-64-seed47-best.pth
Model saved to models/bitshift-custom_slow_decay-64-4-64-seed47-best.pth
Model saved to models/bitshift-custom_slow_decay-64-4-64-seed47-best.pth
Model saved to models/bitshift-custom_slow_decay-64-4-64-seed47-best.pth
Model saved to models/bitshift-custom_slow_decay-64-4-64-seed47-best.pth
Model saved to models/bitshift-custom_slow_decay-64-4-64-seed47-best.pth
Model saved to models/bitshift-custom_slow_decay-64-4-64-seed47-best.pth
  Episode 650/2500  avg(100): 131.4
Model saved to models/bitshift-custom_slow_decay-64-4-64-seed47-best.pth
Model saved to models/bitshift-custom_slow_decay-64-4-64-seed47-best.pth
Model saved to models/bitshift-custom_slow_decay-64-4-64-seed47-best.pth
Model saved to models/bitshift-custom_slow_decay-64-4-64-seed47-best.pth
Model saved to models/bitshift-custom_slow_decay-64-4-64-seed47-best.pth
Model saved to models/bitshift-custom_slow_decay-64-4-64-seed47-best.pth
Model saved to models/bitshift-custom_slow_decay-64-4-64-seed47-best.pth
Model saved to models/bitshift-custom_slow_decay-64-4-64-seed47-best.pth
Model saved to models/bitshift-custom_slow_decay-64-4-64-seed47-best.pth
Model saved to models/bitshift-custom_slow_decay-64-4-64-seed47-best.pth
Model saved to models/bitshift-custom_slow_decay-64-4-64-seed47-best.pth
Model saved to models/bitshift-custom_slow_decay-64-4-64-seed47-best.pth
Model saved to models/bitshift-custom_slow_decay-64-4-64-seed47-best.pth
Model saved to models/bitshift-custom_slow_decay-64-4-64-seed47-best.pth
Model saved to models/bitshift-custom_slow_decay-64-4-64-seed47-best.pth
Model saved to models/bitshift-custom_slow_decay-64-4-64-seed47-best.pth
Model saved to models/bitshift-custom_slow_decay-64-4-64-seed47-best.pth
Model saved to models/bitshift-custom_slow_decay-64-4-64-seed47-best.pth
Model saved to models/bitshift-custom_slow_decay-64-4-64-seed47-best.pth
Model saved to models/bitshift-custom_slow_decay-64-4-64-seed47-best.pth
Model saved to models/bitshift-custom_slow_decay-64-4-64-seed47-best.pth
Model saved to models/bitshift-custom_slow_decay-64-4-64-seed47-best.pth
Model saved to models/bitshift-custom_slow_decay-64-4-64-seed47-best.pth
Model saved to models/bitshift-custom_slow_decay-64-4-64-seed47-best.pth
Model saved to models/bitshift-custom_slow_decay-64-4-64-seed47-best.pth
Model saved to models/bitshift-custom_slow_decay-64-4-64-seed47-best.pth
Model saved to models/bitshift-custom_slow_decay-64-4-64-seed47-best.pth
Model saved to models/bitshift-custom_slow_decay-64-4-64-seed47-best.pth
Model saved to models/bitshift-custom_slow_decay-64-4-64-seed47-best.pth
Model saved to models/bitshift-custom_slow_decay-64-4-64-seed47-best.pth
Model saved to models/bitshift-custom_slow_decay-64-4-64-seed47-best.pth
Model saved to models/bitshift-custom_slow_decay-64-4-64-seed47-best.pth
Model saved to models/bitshift-custom_slow_decay-64-4-64-seed47-best.pth
Model saved to models/bitshift-custom_slow_decay-64-4-64-seed47-best.pth
Model saved to models/bitshift-custom_slow_decay-64-4-64-seed47-best.pth
Model saved to models/bitshift-custom_slow_decay-64-4-64-seed47-best.pth
Model saved to models/bitshift-custom_slow_decay-64-4-64-seed47-best.pth
Model saved to models/bitshift-custom_slow_decay-64-4-64-seed47-best.pth
Model saved to models/bitshift-custom_slow_decay-64-4-64-seed47-best.pth
Model saved to models/bitshift-custom_slow_decay-64-4-64-seed47-best.pth
Model saved to models/bitshift-custom_slow_decay-64-4-64-seed47-best.pth
Model saved to models/bitshift-custom_slow_decay-64-4-64-seed47-best.pth
Model saved to models/bitshift-custom_slow_decay-64-4-64-seed47-best.pth
Model saved to models/bitshift-custom_slow_decay-64-4-64-seed47-best.pth
Model saved to models/bitshift-custom_slow_decay-64-4-64-seed47-best.pth
Model saved to models/bitshift-custom_slow_decay-64-4-64-seed47-best.pth
Model saved to models/bitshift-custom_slow_decay-64-4-64-seed47-best.pth
Model saved to models/bitshift-custom_slow_decay-64-4-64-seed47-best.pth
Model saved to models/bitshift-custom_slow_decay-64-4-64-seed47-best.pth
  Episode 700/2500  avg(100): 147.7
Model saved to models/bitshift-custom_slow_decay-64-4-64-seed47-best.pth
Model saved to models/bitshift-custom_slow_decay-64-4-64-seed47-best.pth
Model saved to models/bitshift-custom_slow_decay-64-4-64-seed47-best.pth
Model saved to models/bitshift-custom_slow_decay-64-4-64-seed47-best.pth
Model saved to models/bitshift-custom_slow_decay-64-4-64-seed47-best.pth
Model saved to models/bitshift-custom_slow_decay-64-4-64-seed47-best.pth
Model saved to models/bitshift-custom_slow_decay-64-4-64-seed47-best.pth
Model saved to models/bitshift-custom_slow_decay-64-4-64-seed47-best.pth
Model saved to models/bitshift-custom_slow_decay-64-4-64-seed47-best.pth
Model saved to models/bitshift-custom_slow_decay-64-4-64-seed47-best.pth
Model saved to models/bitshift-custom_slow_decay-64-4-64-seed47-best.pth
Model saved to models/bitshift-custom_slow_decay-64-4-64-seed47-best.pth
Model saved to models/bitshift-custom_slow_decay-64-4-64-seed47-best.pth
Model saved to models/bitshift-custom_slow_decay-64-4-64-seed47-best.pth
Model saved to models/bitshift-custom_slow_decay-64-4-64-seed47-best.pth
Model saved to models/bitshift-custom_slow_decay-64-4-64-seed47-best.pth
Model saved to models/bitshift-custom_slow_decay-64-4-64-seed47-best.pth
Model saved to models/bitshift-custom_slow_decay-64-4-64-seed47-best.pth
Model saved to models/bitshift-custom_slow_decay-64-4-64-seed47-best.pth
Model saved to models/bitshift-custom_slow_decay-64-4-64-seed47-best.pth
Model saved to models/bitshift-custom_slow_decay-64-4-64-seed47-best.pth
Model saved to models/bitshift-custom_slow_decay-64-4-64-seed47-best.pth
Model saved to models/bitshift-custom_slow_decay-64-4-64-seed47-best.pth
Model saved to models/bitshift-custom_slow_decay-64-4-64-seed47-best.pth
Model saved to models/bitshift-custom_slow_decay-64-4-64-seed47-best.pth
Model saved to models/bitshift-custom_slow_decay-64-4-64-seed47-best.pth
Model saved to models/bitshift-custom_slow_decay-64-4-64-seed47-best.pth
Model saved to models/bitshift-custom_slow_decay-64-4-64-seed47-best.pth
Model saved to models/bitshift-custom_slow_decay-64-4-64-seed47-best.pth
Model saved to models/bitshift-custom_slow_decay-64-4-64-seed47-best.pth
Model saved to models/bitshift-custom_slow_decay-64-4-64-seed47-best.pth
Model saved to models/bitshift-custom_slow_decay-64-4-64-seed47-best.pth
Model saved to models/bitshift-custom_slow_decay-64-4-64-seed47-best.pth
Model saved to models/bitshift-custom_slow_decay-64-4-64-seed47-best.pth
Model saved to models/bitshift-custom_slow_decay-64-4-64-seed47-best.pth
Model saved to models/bitshift-custom_slow_decay-64-4-64-seed47-best.pth
Model saved to models/bitshift-custom_slow_decay-64-4-64-seed47-best.pth
Model saved to models/bitshift-custom_slow_decay-64-4-64-seed47-best.pth
Model saved to models/bitshift-custom_slow_decay-64-4-64-seed47-best.pth
Model saved to models/bitshift-custom_slow_decay-64-4-64-seed47-best.pth
Model saved to models/bitshift-custom_slow_decay-64-4-64-seed47-best.pth
Model saved to models/bitshift-custom_slow_decay-64-4-64-seed47-best.pth
  Episode 750/2500  avg(100): 160.3
Model saved to models/bitshift-custom_slow_decay-64-4-64-seed47-best.pth
Model saved to models/bitshift-custom_slow_decay-64-4-64-seed47-best.pth
Model saved to models/bitshift-custom_slow_decay-64-4-64-seed47-best.pth
Model saved to models/bitshift-custom_slow_decay-64-4-64-seed47-best.pth
Model saved to models/bitshift-custom_slow_decay-64-4-64-seed47-best.pth
Model saved to models/bitshift-custom_slow_decay-64-4-64-seed47-best.pth
Model saved to models/bitshift-custom_slow_decay-64-4-64-seed47-best.pth
Model saved to models/bitshift-custom_slow_decay-64-4-64-seed47-best.pth
  Episode 800/2500  avg(100): 161.7
Model saved to models/bitshift-custom_slow_decay-64-4-64-seed47-best.pth
Model saved to models/bitshift-custom_slow_decay-64-4-64-seed47-best.pth
Model saved to models/bitshift-custom_slow_decay-64-4-64-seed47-best.pth
Model saved to models/bitshift-custom_slow_decay-64-4-64-seed47-best.pth
Model saved to models/bitshift-custom_slow_decay-64-4-64-seed47-best.pth
Model saved to models/bitshift-custom_slow_decay-64-4-64-seed47-best.pth
Model saved to models/bitshift-custom_slow_decay-64-4-64-seed47-best.pth
Model saved to models/bitshift-custom_slow_decay-64-4-64-seed47-best.pth
Model saved to models/bitshift-custom_slow_decay-64-4-64-seed47-best.pth
Model saved to models/bitshift-custom_slow_decay-64-4-64-seed47-best.pth
Model saved to models/bitshift-custom_slow_decay-64-4-64-seed47-best.pth
Model saved to models/bitshift-custom_slow_decay-64-4-64-seed47-best.pth
Model saved to models/bitshift-custom_slow_decay-64-4-64-seed47-best.pth
Model saved to models/bitshift-custom_slow_decay-64-4-64-seed47-best.pth
Model saved to models/bitshift-custom_slow_decay-64-4-64-seed47-best.pth
Model saved to models/bitshift-custom_slow_decay-64-4-64-seed47-best.pth
Model saved to models/bitshift-custom_slow_decay-64-4-64-seed47-best.pth
Model saved to models/bitshift-custom_slow_decay-64-4-64-seed47-best.pth
Model saved to models/bitshift-custom_slow_decay-64-4-64-seed47-best.pth
Model saved to models/bitshift-custom_slow_decay-64-4-64-seed47-best.pth
Model saved to models/bitshift-custom_slow_decay-64-4-64-seed47-best.pth
Model saved to models/bitshift-custom_slow_decay-64-4-64-seed47-best.pth
Model saved to models/bitshift-custom_slow_decay-64-4-64-seed47-best.pth
Model saved to models/bitshift-custom_slow_decay-64-4-64-seed47-best.pth
Model saved to models/bitshift-custom_slow_decay-64-4-64-seed47-best.pth
Model saved to models/bitshift-custom_slow_decay-64-4-64-seed47-best.pth
Model saved to models/bitshift-custom_slow_decay-64-4-64-seed47-best.pth
Model saved to models/bitshift-custom_slow_decay-64-4-64-seed47-best.pth
Model saved to models/bitshift-custom_slow_decay-64-4-64-seed47-best.pth
  Episode 850/2500  avg(100): 169.9
Model saved to models/bitshift-custom_slow_decay-64-4-64-seed47-best.pth
Model saved to models/bitshift-custom_slow_decay-64-4-64-seed47-best.pth
Model saved to models/bitshift-custom_slow_decay-64-4-64-seed47-best.pth
Model saved to models/bitshift-custom_slow_decay-64-4-64-seed47-best.pth
Model saved to models/bitshift-custom_slow_decay-64-4-64-seed47-best.pth
Model saved to models/bitshift-custom_slow_decay-64-4-64-seed47-best.pth
Model saved to models/bitshift-custom_slow_decay-64-4-64-seed47-best.pth
Model saved to models/bitshift-custom_slow_decay-64-4-64-seed47-best.pth
Model saved to models/bitshift-custom_slow_decay-64-4-64-seed47-best.pth
Model saved to models/bitshift-custom_slow_decay-64-4-64-seed47-best.pth
Model saved to models/bitshift-custom_slow_decay-64-4-64-seed47-best.pth
Model saved to models/bitshift-custom_slow_decay-64-4-64-seed47-best.pth
Model saved to models/bitshift-custom_slow_decay-64-4-64-seed47-best.pth
Model saved to models/bitshift-custom_slow_decay-64-4-64-seed47-best.pth
Model saved to models/bitshift-custom_slow_decay-64-4-64-seed47-best.pth
Model saved to models/bitshift-custom_slow_decay-64-4-64-seed47-best.pth
Model saved to models/bitshift-custom_slow_decay-64-4-64-seed47-best.pth
Model saved to models/bitshift-custom_slow_decay-64-4-64-seed47-best.pth
Model saved to models/bitshift-custom_slow_decay-64-4-64-seed47-best.pth
Model saved to models/bitshift-custom_slow_decay-64-4-64-seed47-best.pth
Model saved to models/bitshift-custom_slow_decay-64-4-64-seed47-best.pth
Model saved to models/bitshift-custom_slow_decay-64-4-64-seed47-best.pth
Model saved to models/bitshift-custom_slow_decay-64-4-64-seed47-best.pth
Model saved to models/bitshift-custom_slow_decay-64-4-64-seed47-best.pth
Model saved to models/bitshift-custom_slow_decay-64-4-64-seed47-best.pth
Model saved to models/bitshift-custom_slow_decay-64-4-64-seed47-best.pth
Model saved to models/bitshift-custom_slow_decay-64-4-64-seed47-best.pth
Model saved to models/bitshift-custom_slow_decay-64-4-64-seed47-best.pth
Model saved to models/bitshift-custom_slow_decay-64-4-64-seed47-best.pth
Model saved to models/bitshift-custom_slow_decay-64-4-64-seed47-best.pth
Model saved to models/bitshift-custom_slow_decay-64-4-64-seed47-best.pth
Model saved to models/bitshift-custom_slow_decay-64-4-64-seed47-best.pth
Model saved to models/bitshift-custom_slow_decay-64-4-64-seed47-best.pth
Model saved to models/bitshift-custom_slow_decay-64-4-64-seed47-best.pth
  Episode 900/2500  avg(100): 179.0
Model saved to models/bitshift-custom_slow_decay-64-4-64-seed47-best.pth
Model saved to models/bitshift-custom_slow_decay-64-4-64-seed47-best.pth
Model saved to models/bitshift-custom_slow_decay-64-4-64-seed47-best.pth
Model saved to models/bitshift-custom_slow_decay-64-4-64-seed47-best.pth
Model saved to models/bitshift-custom_slow_decay-64-4-64-seed47-best.pth
Model saved to models/bitshift-custom_slow_decay-64-4-64-seed47-best.pth
Model saved to models/bitshift-custom_slow_decay-64-4-64-seed47-best.pth
Model saved to models/bitshift-custom_slow_decay-64-4-64-seed47-best.pth
Model saved to models/bitshift-custom_slow_decay-64-4-64-seed47-best.pth
Model saved to models/bitshift-custom_slow_decay-64-4-64-seed47-best.pth
Model saved to models/bitshift-custom_slow_decay-64-4-64-seed47-best.pth
Model saved to models/bitshift-custom_slow_decay-64-4-64-seed47-best.pth
Model saved to models/bitshift-custom_slow_decay-64-4-64-seed47-best.pth
Model saved to models/bitshift-custom_slow_decay-64-4-64-seed47-best.pth
Model saved to models/bitshift-custom_slow_decay-64-4-64-seed47-best.pth
Model saved to models/bitshift-custom_slow_decay-64-4-64-seed47-best.pth
Model saved to models/bitshift-custom_slow_decay-64-4-64-seed47-best.pth
Model saved to models/bitshift-custom_slow_decay-64-4-64-seed47-best.pth
  Episode 950/2500  avg(100): 183.5
Model saved to models/bitshift-custom_slow_decay-64-4-64-seed47-best.pth
Model saved to models/bitshift-custom_slow_decay-64-4-64-seed47-best.pth
Model saved to models/bitshift-custom_slow_decay-64-4-64-seed47-best.pth
Model saved to models/bitshift-custom_slow_decay-64-4-64-seed47-best.pth
Model saved to models/bitshift-custom_slow_decay-64-4-64-seed47-best.pth
Model saved to models/bitshift-custom_slow_decay-64-4-64-seed47-best.pth
Model saved to models/bitshift-custom_slow_decay-64-4-64-seed47-best.pth
Model saved to models/bitshift-custom_slow_decay-64-4-64-seed47-best.pth
Model saved to models/bitshift-custom_slow_decay-64-4-64-seed47-best.pth
Model saved to models/bitshift-custom_slow_decay-64-4-64-seed47-best.pth
Model saved to models/bitshift-custom_slow_decay-64-4-64-seed47-best.pth
Model saved to models/bitshift-custom_slow_decay-64-4-64-seed47-best.pth
Model saved to models/bitshift-custom_slow_decay-64-4-64-seed47-best.pth
Model saved to models/bitshift-custom_slow_decay-64-4-64-seed47-best.pth
Model saved to models/bitshift-custom_slow_decay-64-4-64-seed47-best.pth
Model saved to models/bitshift-custom_slow_decay-64-4-64-seed47-best.pth
Model saved to models/bitshift-custom_slow_decay-64-4-64-seed47-best.pth
Model saved to models/bitshift-custom_slow_decay-64-4-64-seed47-best.pth
Model saved to models/bitshift-custom_slow_decay-64-4-64-seed47-best.pth
Model saved to models/bitshift-custom_slow_decay-64-4-64-seed47-best.pth
Model saved to models/bitshift-custom_slow_decay-64-4-64-seed47-best.pth
Model saved to models/bitshift-custom_slow_decay-64-4-64-seed47-best.pth
Model saved to models/bitshift-custom_slow_decay-64-4-64-seed47-best.pth
Model saved to models/bitshift-custom_slow_decay-64-4-64-seed47-best.pth
Model saved to models/bitshift-custom_slow_decay-64-4-64-seed47-best.pth
Model saved to models/bitshift-custom_slow_decay-64-4-64-seed47-best.pth
Model saved to models/bitshift-custom_slow_decay-64-4-64-seed47-best.pth
Model saved to models/bitshift-custom_slow_decay-64-4-64-seed47-best.pth
Model saved to models/bitshift-custom_slow_decay-64-4-64-seed47-best.pth
Model saved to models/bitshift-custom_slow_decay-64-4-64-seed47-best.pth
Model saved to models/bitshift-custom_slow_decay-64-4-64-seed47-best.pth
Model saved to models/bitshift-custom_slow_decay-64-4-64-seed47-best.pth
Model saved to models/bitshift-custom_slow_decay-64-4-64-seed47-best.pth
Model saved to models/bitshift-custom_slow_decay-64-4-64-seed47-best.pth
Model saved to models/bitshift-custom_slow_decay-64-4-64-seed47-best.pth
Model saved to models/bitshift-custom_slow_decay-64-4-64-seed47-best.pth
Model saved to models/bitshift-custom_slow_decay-64-4-64-seed47-best.pth
Model saved to models/bitshift-custom_slow_decay-64-4-64-seed47-best.pth
Model saved to models/bitshift-custom_slow_decay-64-4-64-seed47-best.pth
Model saved to models/bitshift-custom_slow_decay-64-4-64-seed47-best.pth
Model saved to models/bitshift-custom_slow_decay-64-4-64-seed47-best.pth
Model saved to models/bitshift-custom_slow_decay-64-4-64-seed47-best.pth
Model saved to models/bitshift-custom_slow_decay-64-4-64-seed47-best.pth
Model saved to models/bitshift-custom_slow_decay-64-4-64-seed47-best.pth
Model saved to models/bitshift-custom_slow_decay-64-4-64-seed47-best.pth
Model saved to models/bitshift-custom_slow_decay-64-4-64-seed47-best.pth
  Episode 1000/2500  avg(100): 213.7
Model saved to models/bitshift-custom_slow_decay-64-4-64-seed47-best.pth
Model saved to models/bitshift-custom_slow_decay-64-4-64-seed47-best.pth
Model saved to models/bitshift-custom_slow_decay-64-4-64-seed47-best.pth
Model saved to models/bitshift-custom_slow_decay-64-4-64-seed47-best.pth
Model saved to models/bitshift-custom_slow_decay-64-4-64-seed47-best.pth
Model saved to models/bitshift-custom_slow_decay-64-4-64-seed47-best.pth
Model saved to models/bitshift-custom_slow_decay-64-4-64-seed47-best.pth
Model saved to models/bitshift-custom_slow_decay-64-4-64-seed47-best.pth
Model saved to models/bitshift-custom_slow_decay-64-4-64-seed47-best.pth
Model saved to models/bitshift-custom_slow_decay-64-4-64-seed47-best.pth
Model saved to models/bitshift-custom_slow_decay-64-4-64-seed47-best.pth
Model saved to models/bitshift-custom_slow_decay-64-4-64-seed47-best.pth
Model saved to models/bitshift-custom_slow_decay-64-4-64-seed47-best.pth
Model saved to models/bitshift-custom_slow_decay-64-4-64-seed47-best.pth
Model saved to models/bitshift-custom_slow_decay-64-4-64-seed47-best.pth
Model saved to models/bitshift-custom_slow_decay-64-4-64-seed47-best.pth
Model saved to models/bitshift-custom_slow_decay-64-4-64-seed47-best.pth
Model saved to models/bitshift-custom_slow_decay-64-4-64-seed47-best.pth
Model saved to models/bitshift-custom_slow_decay-64-4-64-seed47-best.pth
Model saved to models/bitshift-custom_slow_decay-64-4-64-seed47-best.pth
Model saved to models/bitshift-custom_slow_decay-64-4-64-seed47-best.pth
Model saved to models/bitshift-custom_slow_decay-64-4-64-seed47-best.pth
Model saved to models/bitshift-custom_slow_decay-64-4-64-seed47-best.pth
Model saved to models/bitshift-custom_slow_decay-64-4-64-seed47-best.pth
Model saved to models/bitshift-custom_slow_decay-64-4-64-seed47-best.pth
Model saved to models/bitshift-custom_slow_decay-64-4-64-seed47-best.pth
Model saved to models/bitshift-custom_slow_decay-64-4-64-seed47-best.pth
Model saved to models/bitshift-custom_slow_decay-64-4-64-seed47-best.pth
Model saved to models/bitshift-custom_slow_decay-64-4-64-seed47-best.pth
Model saved to models/bitshift-custom_slow_decay-64-4-64-seed47-best.pth
Model saved to models/bitshift-custom_slow_decay-64-4-64-seed47-best.pth
Model saved to models/bitshift-custom_slow_decay-64-4-64-seed47-best.pth
Model saved to models/bitshift-custom_slow_decay-64-4-64-seed47-best.pth
Model saved to models/bitshift-custom_slow_decay-64-4-64-seed47-best.pth
Model saved to models/bitshift-custom_slow_decay-64-4-64-seed47-best.pth
Model saved to models/bitshift-custom_slow_decay-64-4-64-seed47-best.pth
Model saved to models/bitshift-custom_slow_decay-64-4-64-seed47-best.pth
Model saved to models/bitshift-custom_slow_decay-64-4-64-seed47-best.pth
Model saved to models/bitshift-custom_slow_decay-64-4-64-seed47-best.pth
Model saved to models/bitshift-custom_slow_decay-64-4-64-seed47-best.pth
Model saved to models/bitshift-custom_slow_decay-64-4-64-seed47-best.pth
Model saved to models/bitshift-custom_slow_decay-64-4-64-seed47-best.pth
  Episode 1050/2500  avg(100): 263.9
Model saved to models/bitshift-custom_slow_decay-64-4-64-seed47-best.pth
Model saved to models/bitshift-custom_slow_decay-64-4-64-seed47-best.pth
Model saved to models/bitshift-custom_slow_decay-64-4-64-seed47-best.pth
Model saved to models/bitshift-custom_slow_decay-64-4-64-seed47-best.pth
Model saved to models/bitshift-custom_slow_decay-64-4-64-seed47-best.pth
Model saved to models/bitshift-custom_slow_decay-64-4-64-seed47-best.pth
Model saved to models/bitshift-custom_slow_decay-64-4-64-seed47-best.pth
Model saved to models/bitshift-custom_slow_decay-64-4-64-seed47-best.pth
Model saved to models/bitshift-custom_slow_decay-64-4-64-seed47-best.pth
Model saved to models/bitshift-custom_slow_decay-64-4-64-seed47-best.pth
Model saved to models/bitshift-custom_slow_decay-64-4-64-seed47-best.pth
Model saved to models/bitshift-custom_slow_decay-64-4-64-seed47-best.pth
Model saved to models/bitshift-custom_slow_decay-64-4-64-seed47-best.pth
Model saved to models/bitshift-custom_slow_decay-64-4-64-seed47-best.pth
Model saved to models/bitshift-custom_slow_decay-64-4-64-seed47-best.pth
Model saved to models/bitshift-custom_slow_decay-64-4-64-seed47-best.pth
Model saved to models/bitshift-custom_slow_decay-64-4-64-seed47-best.pth
Model saved to models/bitshift-custom_slow_decay-64-4-64-seed47-best.pth
Model saved to models/bitshift-custom_slow_decay-64-4-64-seed47-best.pth
Model saved to models/bitshift-custom_slow_decay-64-4-64-seed47-best.pth
Model saved to models/bitshift-custom_slow_decay-64-4-64-seed47-best.pth
Model saved to models/bitshift-custom_slow_decay-64-4-64-seed47-best.pth
Model saved to models/bitshift-custom_slow_decay-64-4-64-seed47-best.pth
Model saved to models/bitshift-custom_slow_decay-64-4-64-seed47-best.pth
  Episode 1100/2500  avg(100): 266.8
  Episode 1150/2500  avg(100): 244.0
  Episode 1200/2500  avg(100): 231.3
Model saved to models/bitshift-custom_slow_decay-64-4-64-seed47-best.pth
Model saved to models/bitshift-custom_slow_decay-64-4-64-seed47-best.pth
Model saved to models/bitshift-custom_slow_decay-64-4-64-seed47-best.pth
Model saved to models/bitshift-custom_slow_decay-64-4-64-seed47-best.pth
Model saved to models/bitshift-custom_slow_decay-64-4-64-seed47-best.pth
Model saved to models/bitshift-custom_slow_decay-64-4-64-seed47-best.pth
Model saved to models/bitshift-custom_slow_decay-64-4-64-seed47-best.pth
Model saved to models/bitshift-custom_slow_decay-64-4-64-seed47-best.pth
Model saved to models/bitshift-custom_slow_decay-64-4-64-seed47-best.pth
Model saved to models/bitshift-custom_slow_decay-64-4-64-seed47-best.pth
Model saved to models/bitshift-custom_slow_decay-64-4-64-seed47-best.pth
Model saved to models/bitshift-custom_slow_decay-64-4-64-seed47-best.pth
Model saved to models/bitshift-custom_slow_decay-64-4-64-seed47-best.pth
Model saved to models/bitshift-custom_slow_decay-64-4-64-seed47-best.pth
Model saved to models/bitshift-custom_slow_decay-64-4-64-seed47-best.pth
Model saved to models/bitshift-custom_slow_decay-64-4-64-seed47-best.pth
Model saved to models/bitshift-custom_slow_decay-64-4-64-seed47-best.pth
Model saved to models/bitshift-custom_slow_decay-64-4-64-seed47-best.pth
Model saved to models/bitshift-custom_slow_decay-64-4-64-seed47-best.pth
Model saved to models/bitshift-custom_slow_decay-64-4-64-seed47-best.pth
Model saved to models/bitshift-custom_slow_decay-64-4-64-seed47-best.pth
Model saved to models/bitshift-custom_slow_decay-64-4-64-seed47-best.pth
Model saved to models/bitshift-custom_slow_decay-64-4-64-seed47-best.pth
Model saved to models/bitshift-custom_slow_decay-64-4-64-seed47-best.pth
  Episode 1250/2500  avg(100): 337.4
Model saved to models/bitshift-custom_slow_decay-64-4-64-seed47-best.pth
Model saved to models/bitshift-custom_slow_decay-64-4-64-seed47-best.pth
Model saved to models/bitshift-custom_slow_decay-64-4-64-seed47-best.pth
Model saved to models/bitshift-custom_slow_decay-64-4-64-seed47-best.pth
Model saved to models/bitshift-custom_slow_decay-64-4-64-seed47-best.pth
  Episode 1300/2500  avg(100): 302.8
  Episode 1350/2500  avg(100): 180.1
  Episode 1400/2500  avg(100): 339.3
Model saved to models/bitshift-custom_slow_decay-64-4-64-seed47-best.pth
Model saved to models/bitshift-custom_slow_decay-64-4-64-seed47-best.pth
Model saved to models/bitshift-custom_slow_decay-64-4-64-seed47-best.pth
Model saved to models/bitshift-custom_slow_decay-64-4-64-seed47-best.pth
Model saved to models/bitshift-custom_slow_decay-64-4-64-seed47-best.pth
Model saved to models/bitshift-custom_slow_decay-64-4-64-seed47-best.pth
Model saved to models/bitshift-custom_slow_decay-64-4-64-seed47-best.pth
Model saved to models/bitshift-custom_slow_decay-64-4-64-seed47-best.pth
Model saved to models/bitshift-custom_slow_decay-64-4-64-seed47-best.pth
Model saved to models/bitshift-custom_slow_decay-64-4-64-seed47-best.pth
Model saved to models/bitshift-custom_slow_decay-64-4-64-seed47-best.pth
Model saved to models/bitshift-custom_slow_decay-64-4-64-seed47-best.pth
Model saved to models/bitshift-custom_slow_decay-64-4-64-seed47-best.pth
Model saved to models/bitshift-custom_slow_decay-64-4-64-seed47-best.pth
Model saved to models/bitshift-custom_slow_decay-64-4-64-seed47-best.pth
Model saved to models/bitshift-custom_slow_decay-64-4-64-seed47-best.pth
Model saved to models/bitshift-custom_slow_decay-64-4-64-seed47-best.pth
Model saved to models/bitshift-custom_slow_decay-64-4-64-seed47-best.pth
Model saved to models/bitshift-custom_slow_decay-64-4-64-seed47-best.pth
Model saved to models/bitshift-custom_slow_decay-64-4-64-seed47-best.pth
  Episode 1450/2500  avg(100): 397.8
  Episode 1500/2500  avg(100): 326.3
  Episode 1550/2500  avg(100): 350.1
Model saved to models/bitshift-custom_slow_decay-64-4-64-seed47-best.pth
Model saved to models/bitshift-custom_slow_decay-64-4-64-seed47-best.pth
Model saved to models/bitshift-custom_slow_decay-64-4-64-seed47-best.pth
Model saved to models/bitshift-custom_slow_decay-64-4-64-seed47-best.pth
  Episode 1600/2500  avg(100): 375.7
  Episode 1650/2500  avg(100): 336.7
  Episode 1700/2500  avg(100): 287.6
  Episode 1750/2500  avg(100): 383.4
Model saved to models/bitshift-custom_slow_decay-64-4-64-seed47-best.pth
Model saved to models/bitshift-custom_slow_decay-64-4-64-seed47-best.pth
  Episode 1800/2500  avg(100): 398.3
  Episode 1850/2500  avg(100): 342.9
  Episode 1900/2500  avg(100): 369.9
  Episode 1950/2500  avg(100): 408.0
Model saved to models/bitshift-custom_slow_decay-64-4-64-seed47-best.pth
Model saved to models/bitshift-custom_slow_decay-64-4-64-seed47-best.pth
Model saved to models/bitshift-custom_slow_decay-64-4-64-seed47-best.pth
Model saved to models/bitshift-custom_slow_decay-64-4-64-seed47-best.pth
Model saved to models/bitshift-custom_slow_decay-64-4-64-seed47-best.pth
Model saved to models/bitshift-custom_slow_decay-64-4-64-seed47-best.pth
Model saved to models/bitshift-custom_slow_decay-64-4-64-seed47-best.pth
Model saved to models/bitshift-custom_slow_decay-64-4-64-seed47-best.pth
  Episode 2000/2500  avg(100): 441.9
  Episode 2050/2500  avg(100): 403.7
  Episode 2100/2500  avg(100): 348.2
  Episode 2150/2500  avg(100): 331.3
  Episode 2200/2500  avg(100): 321.6
  Episode 2250/2500  avg(100): 315.2
  Episode 2300/2500  avg(100): 380.0
